<?xml version="1.0" encoding="UTF-8"?>
<coverage generated="1764178072033" clover="3.2.0">
  <project timestamp="1764178072033" name="All files">
    <metrics statements="363" coveredstatements="295" conditionals="171" coveredconditionals="114" methods="90" coveredmethods="65" elements="624" coveredelements="474" complexity="0" loc="363" ncloc="363" packages="5" files="12" classes="12"/>
    <package name="components.modals">
      <metrics statements="155" coveredstatements="123" conditionals="90" coveredconditionals="64" methods="26" coveredmethods="20"/>
      <file name="LoginModal.tsx" path="C:\Users\CETECOM\Desktop\hreact\src\components\modals\LoginModal.tsx">
        <metrics statements="75" coveredstatements="51" conditionals="31" coveredconditionals="18" methods="14" coveredmethods="9"/>
        <line num="9" count="1" type="stmt"/>
        <line num="10" count="42" type="stmt"/>
        <line num="11" count="42" type="stmt"/>
        <line num="12" count="42" type="stmt"/>
        <line num="13" count="42" type="stmt"/>
        <line num="14" count="42" type="stmt"/>
        <line num="15" count="42" type="stmt"/>
        <line num="17" count="42" type="stmt"/>
        <line num="19" count="42" type="stmt"/>
        <line num="20" count="5" type="cond" truecount="1" falsecount="1"/>
        <line num="21" count="5" type="stmt"/>
        <line num="22" count="5" type="cond" truecount="1" falsecount="1"/>
        <line num="24" count="5" type="stmt"/>
        <line num="26" count="3" type="stmt"/>
        <line num="27" count="3" type="stmt"/>
        <line num="29" count="3" type="stmt"/>
        <line num="30" count="3" type="stmt"/>
        <line num="31" count="3" type="stmt"/>
        <line num="34" count="3" type="stmt"/>
        <line num="35" count="2" type="stmt"/>
        <line num="45" count="2" type="cond" truecount="3" falsecount="1"/>
        <line num="46" count="2" type="stmt"/>
        <line num="51" count="3" type="stmt"/>
        <line num="54" count="5" type="stmt"/>
        <line num="55" count="5" type="stmt"/>
        <line num="58" count="0" type="stmt"/>
        <line num="59" count="0" type="stmt"/>
        <line num="60" count="0" type="stmt"/>
        <line num="62" count="0" type="stmt"/>
        <line num="63" count="0" type="stmt"/>
        <line num="65" count="0" type="cond" truecount="0" falsecount="4"/>
        <line num="66" count="0" type="stmt"/>
        <line num="72" count="42" type="stmt"/>
        <line num="73" count="8" type="stmt"/>
        <line num="74" count="8" type="stmt"/>
        <line num="75" count="8" type="stmt"/>
        <line num="77" count="8" type="stmt"/>
        <line num="78" count="8" type="stmt"/>
        <line num="81" count="8" type="stmt"/>
        <line num="82" count="6" type="stmt"/>
        <line num="83" count="5" type="cond" truecount="3" falsecount="0"/>
        <line num="88" count="6" type="cond" truecount="2" falsecount="0"/>
        <line num="90" count="4" type="stmt"/>
        <line num="91" count="4" type="stmt"/>
        <line num="92" count="6" type="cond" truecount="4" falsecount="0"/>
        <line num="98" count="6" type="cond" truecount="2" falsecount="0"/>
        <line num="100" count="5" type="stmt"/>
        <line num="101" count="5" type="stmt"/>
        <line num="102" count="5" type="stmt"/>
        <line num="103" count="5" type="stmt"/>
        <line num="106" count="5" type="stmt"/>
        <line num="109" count="1" type="stmt"/>
        <line num="112" count="1" type="stmt"/>
        <line num="113" count="1" type="stmt"/>
        <line num="115" count="7" type="stmt"/>
        <line num="119" count="42" type="stmt"/>
        <line num="120" count="0" type="stmt"/>
        <line num="122" count="0" type="cond" truecount="0" falsecount="2"/>
        <line num="123" count="0" type="stmt"/>
        <line num="125" count="0" type="cond" truecount="0" falsecount="2"/>
        <line num="127" count="0" type="stmt"/>
        <line num="130" count="0" type="stmt"/>
        <line num="132" count="0" type="stmt"/>
        <line num="133" count="0" type="stmt"/>
        <line num="136" count="0" type="stmt"/>
        <line num="137" count="0" type="stmt"/>
        <line num="138" count="0" type="stmt"/>
        <line num="141" count="0" type="stmt"/>
        <line num="142" count="0" type="cond" truecount="0" falsecount="2"/>
        <line num="143" count="0" type="stmt"/>
        <line num="144" count="0" type="stmt"/>
        <line num="148" count="0" type="stmt"/>
        <line num="151" count="0" type="stmt"/>
        <line num="178" count="8" type="stmt"/>
        <line num="190" count="8" type="stmt"/>
      </file>
      <file name="RegistroModal.tsx" path="C:\Users\CETECOM\Desktop\hreact\src\components\modals\RegistroModal.tsx">
        <metrics statements="80" coveredstatements="72" conditionals="59" coveredconditionals="46" methods="12" coveredmethods="11"/>
        <line num="11" count="1" type="stmt"/>
        <line num="12" count="134" type="stmt"/>
        <line num="13" count="134" type="stmt"/>
        <line num="14" count="134" type="stmt"/>
        <line num="27" count="134" type="stmt"/>
        <line num="29" count="134" type="stmt"/>
        <line num="30" count="5" type="cond" truecount="2" falsecount="0"/>
        <line num="31" count="22" type="stmt"/>
        <line num="32" count="2" type="cond" truecount="1" falsecount="1"/>
        <line num="34" count="3" type="stmt"/>
        <line num="38" count="134" type="stmt"/>
        <line num="39" count="129" type="stmt"/>
        <line num="40" count="129" type="cond" truecount="2" falsecount="0"/>
        <line num="41" count="129" type="cond" truecount="2" falsecount="0"/>
        <line num="42" count="129" type="cond" truecount="2" falsecount="0"/>
        <line num="43" count="129" type="cond" truecount="2" falsecount="0"/>
        <line num="44" count="129" type="cond" truecount="2" falsecount="0"/>
        <line num="45" count="129" type="stmt"/>
        <line num="46" count="129" type="cond" truecount="2" falsecount="0"/>
        <line num="47" count="129" type="stmt"/>
        <line num="48" count="129" type="cond" truecount="2" falsecount="0"/>
        <line num="49" count="71" type="stmt"/>
        <line num="51" count="129" type="cond" truecount="2" falsecount="0"/>
        <line num="52" count="73" type="stmt"/>
        <line num="53" count="56" type="cond" truecount="4" falsecount="0"/>
        <line num="54" count="6" type="stmt"/>
        <line num="56" count="129" type="cond" truecount="2" falsecount="0"/>
        <line num="57" count="18" type="stmt"/>
        <line num="59" count="129" type="cond" truecount="2" falsecount="0"/>
        <line num="60" count="93" type="stmt"/>
        <line num="62" count="36" type="stmt"/>
        <line num="63" count="36" type="stmt"/>
        <line num="64" count="36" type="stmt"/>
        <line num="65" count="36" type="stmt"/>
        <line num="66" count="36" type="cond" truecount="2" falsecount="3"/>
        <line num="67" count="36" type="stmt"/>
        <line num="69" count="36" type="cond" truecount="3" falsecount="1"/>
        <line num="70" count="0" type="stmt"/>
        <line num="73" count="129" type="stmt"/>
        <line num="76" count="134" type="stmt"/>
        <line num="78" count="134" type="stmt"/>
        <line num="79" count="126" type="stmt"/>
        <line num="80" count="126" type="stmt"/>
        <line num="82" count="126" type="cond" truecount="2" falsecount="0"/>
        <line num="83" count="20" type="stmt"/>
        <line num="84" count="20" type="stmt"/>
        <line num="86" count="106" type="stmt"/>
        <line num="91" count="134" type="stmt"/>
        <line num="92" count="2" type="stmt"/>
        <line num="93" count="2" type="cond" truecount="1" falsecount="1"/>
        <line num="94" count="0" type="stmt"/>
        <line num="95" count="0" type="stmt"/>
        <line num="98" count="2" type="cond" truecount="1" falsecount="1"/>
        <line num="99" count="2" type="stmt"/>
        <line num="100" count="2" type="stmt"/>
        <line num="101" count="2" type="cond" truecount="1" falsecount="1"/>
        <line num="102" count="2" type="stmt"/>
        <line num="104" count="2" type="cond" truecount="1" falsecount="1"/>
        <line num="105" count="0" type="stmt"/>
        <line num="106" count="0" type="stmt"/>
        <line num="108" count="2" type="cond" truecount="2" falsecount="0"/>
        <line num="109" count="1" type="stmt"/>
        <line num="110" count="1" type="stmt"/>
        <line num="113" count="1" type="cond" truecount="0" falsecount="2"/>
        <line num="114" count="1" type="stmt"/>
        <line num="129" count="1" type="stmt"/>
        <line num="130" count="1" type="stmt"/>
        <line num="131" count="1" type="stmt"/>
        <line num="134" count="1" type="stmt"/>
        <line num="135" count="1" type="cond" truecount="1" falsecount="1"/>
        <line num="136" count="1" type="stmt"/>
        <line num="137" count="1" type="cond" truecount="1" falsecount="1"/>
        <line num="138" count="0" type="stmt"/>
        <line num="143" count="1" type="stmt"/>
        <line num="146" count="1" type="stmt"/>
        <line num="154" count="0" type="stmt"/>
        <line num="155" count="0" type="stmt"/>
        <line num="160" count="134" type="stmt"/>
        <line num="161" count="1340" type="cond" truecount="2" falsecount="0"/>
        <line num="162" count="608" type="cond" truecount="2" falsecount="0"/>
      </file>
    </package>
    <package name="context">
      <metrics statements="71" coveredstatements="52" conditionals="30" coveredconditionals="11" methods="41" coveredmethods="25"/>
      <file name="AuthProvider.tsx" path="C:\Users\CETECOM\Desktop\hreact\src\context\AuthProvider.tsx">
        <metrics statements="18" coveredstatements="16" conditionals="6" coveredconditionals="4" methods="7" coveredmethods="6"/>
        <line num="14" count="3" type="stmt"/>
        <line num="16" count="3" type="stmt"/>
        <line num="17" count="24" type="stmt"/>
        <line num="19" count="24" type="stmt"/>
        <line num="20" count="24" type="stmt"/>
        <line num="23" count="24" type="stmt"/>
        <line num="25" count="24" type="stmt"/>
        <line num="26" count="1" type="stmt"/>
        <line num="27" count="1" type="stmt"/>
        <line num="29" count="1" type="cond" truecount="3" falsecount="1"/>
        <line num="30" count="0" type="stmt"/>
        <line num="34" count="24" type="stmt"/>
        <line num="35" count="0" type="stmt"/>
        <line num="38" count="24" type="stmt"/>
        <line num="47" count="3" type="stmt"/>
        <line num="48" count="50" type="stmt"/>
        <line num="49" count="50" type="cond" truecount="1" falsecount="1"/>
        <line num="50" count="50" type="stmt"/>
      </file>
      <file name="CarritoProvider.tsx" path="C:\Users\CETECOM\Desktop\hreact\src\context\CarritoProvider.tsx">
        <metrics statements="53" coveredstatements="36" conditionals="24" coveredconditionals="7" methods="34" coveredmethods="19"/>
        <line num="24" count="1" type="stmt"/>
        <line num="26" count="1" type="stmt"/>
        <line num="27" count="22" type="stmt"/>
        <line num="29" count="22" type="stmt"/>
        <line num="30" count="22" type="stmt"/>
        <line num="34" count="22" type="stmt"/>
        <line num="35" count="22" type="stmt"/>
        <line num="38" count="22" type="stmt"/>
        <line num="39" count="22" type="stmt"/>
        <line num="42" count="22" type="stmt"/>
        <line num="45" count="22" type="stmt"/>
        <line num="46" count="0" type="stmt"/>
        <line num="47" count="0" type="stmt"/>
        <line num="48" count="0" type="cond" truecount="0" falsecount="2"/>
        <line num="49" count="0" type="stmt"/>
        <line num="50" count="0" type="cond" truecount="0" falsecount="2"/>
        <line num="53" count="0" type="cond" truecount="0" falsecount="2"/>
        <line num="54" count="0" type="stmt"/>
        <line num="65" count="22" type="stmt"/>
        <line num="66" count="9" type="stmt"/>
        <line num="67" count="9" type="stmt"/>
        <line num="68" count="9" type="cond" truecount="2" falsecount="0"/>
        <line num="69" count="2" type="stmt"/>
        <line num="70" count="2" type="cond" truecount="1" falsecount="1"/>
        <line num="73" count="7" type="stmt"/>
        <line num="84" count="22" type="stmt"/>
        <line num="85" count="0" type="stmt"/>
        <line num="86" count="0" type="stmt"/>
        <line num="87" count="0" type="cond" truecount="0" falsecount="2"/>
        <line num="92" count="22" type="stmt"/>
        <line num="93" count="0" type="stmt"/>
        <line num="94" count="0" type="stmt"/>
        <line num="95" count="0" type="cond" truecount="0" falsecount="4"/>
        <line num="96" count="0" type="stmt"/>
        <line num="97" count="0" type="cond" truecount="0" falsecount="2"/>
        <line num="100" count="0" type="stmt"/>
        <line num="105" count="22" type="stmt"/>
        <line num="106" count="0" type="stmt"/>
        <line num="109" count="22" type="stmt"/>
        <line num="110" count="2" type="stmt"/>
        <line num="113" count="22" type="stmt"/>
        <line num="114" count="2" type="cond" truecount="2" falsecount="0"/>
        <line num="115" count="1" type="stmt"/>
        <line num="117" count="1" type="stmt"/>
        <line num="118" count="1" type="stmt"/>
        <line num="119" count="1" type="cond" truecount="1" falsecount="1"/>
        <line num="125" count="22" type="stmt"/>
        <line num="126" count="1" type="stmt"/>
        <line num="129" count="22" type="stmt"/>
        <line num="155" count="1" type="stmt"/>
        <line num="156" count="22" type="stmt"/>
        <line num="157" count="22" type="cond" truecount="1" falsecount="1"/>
        <line num="158" count="22" type="stmt"/>
      </file>
    </package>
    <package name="interfaces">
      <metrics statements="1" coveredstatements="1" conditionals="0" coveredconditionals="0" methods="0" coveredmethods="0"/>
      <file name="rolUsuario.ts" path="C:\Users\CETECOM\Desktop\hreact\src\interfaces\rolUsuario.ts">
        <metrics statements="1" coveredstatements="1" conditionals="0" coveredconditionals="0" methods="0" coveredmethods="0"/>
        <line num="1" count="4" type="stmt"/>
      </file>
    </package>
    <package name="pages">
      <metrics statements="1" coveredstatements="1" conditionals="0" coveredconditionals="0" methods="1" coveredmethods="1"/>
      <file name="Contacto.tsx" path="C:\Users\CETECOM\Desktop\hreact\src\pages\Contacto.tsx">
        <metrics statements="1" coveredstatements="1" conditionals="0" coveredconditionals="0" methods="1" coveredmethods="1"/>
        <line num="3" count="1" type="stmt"/>
      </file>
    </package>
    <package name="utils">
      <metrics statements="135" coveredstatements="118" conditionals="51" coveredconditionals="39" methods="22" coveredmethods="19"/>
      <file name="api.ts" path="C:\Users\CETECOM\Desktop\hreact\src\utils\api.ts">
        <metrics statements="25" coveredstatements="25" conditionals="6" coveredconditionals="4" methods="3" coveredmethods="3"/>
        <line num="3" count="1" type="stmt"/>
        <line num="5" count="1" type="stmt"/>
        <line num="6" count="3" type="stmt"/>
        <line num="7" count="3" type="stmt"/>
        <line num="8" count="2" type="cond" truecount="2" falsecount="0"/>
        <line num="9" count="1" type="stmt"/>
        <line num="10" count="1" type="stmt"/>
        <line num="12" count="2" type="stmt"/>
        <line num="13" count="2" type="stmt"/>
        <line num="16" count="1" type="stmt"/>
        <line num="17" count="2" type="stmt"/>
        <line num="18" count="2" type="stmt"/>
        <line num="19" count="1" type="cond" truecount="1" falsecount="1"/>
        <line num="20" count="1" type="stmt"/>
        <line num="21" count="1" type="stmt"/>
        <line num="23" count="1" type="stmt"/>
        <line num="24" count="1" type="stmt"/>
        <line num="28" count="1" type="stmt"/>
        <line num="29" count="2" type="stmt"/>
        <line num="30" count="2" type="stmt"/>
        <line num="31" count="1" type="cond" truecount="1" falsecount="1"/>
        <line num="32" count="1" type="stmt"/>
        <line num="33" count="1" type="stmt"/>
        <line num="35" count="1" type="stmt"/>
        <line num="36" count="1" type="stmt"/>
      </file>
      <file name="checkrut.ts" path="C:\Users\CETECOM\Desktop\hreact\src\utils\checkrut.ts">
        <metrics statements="24" coveredstatements="22" conditionals="12" coveredconditionals="10" methods="1" coveredmethods="1"/>
        <line num="2" count="133" type="stmt"/>
        <line num="4" count="133" type="cond" truecount="2" falsecount="0"/>
        <line num="5" count="3" type="stmt"/>
        <line num="8" count="130" type="stmt"/>
        <line num="9" count="130" type="stmt"/>
        <line num="11" count="130" type="cond" truecount="2" falsecount="0"/>
        <line num="12" count="15" type="stmt"/>
        <line num="15" count="115" type="stmt"/>
        <line num="16" count="115" type="stmt"/>
        <line num="18" count="115" type="stmt"/>
        <line num="19" count="916" type="stmt"/>
        <line num="20" count="916" type="stmt"/>
        <line num="21" count="916" type="cond" truecount="2" falsecount="0"/>
        <line num="22" count="801" type="stmt"/>
        <line num="24" count="115" type="stmt"/>
        <line num="28" count="115" type="stmt"/>
        <line num="31" count="115" type="cond" truecount="1" falsecount="1"/>
        <line num="32" count="0" type="stmt"/>
        <line num="33" count="115" type="cond" truecount="1" falsecount="1"/>
        <line num="34" count="0" type="stmt"/>
        <line num="36" count="115" type="stmt"/>
        <line num="39" count="115" type="cond" truecount="2" falsecount="0"/>
        <line num="40" count="6" type="stmt"/>
        <line num="43" count="109" type="stmt"/>
      </file>
      <file name="deleteConfirmation.ts" path="C:\Users\CETECOM\Desktop\hreact\src\utils\deleteConfirmation.ts">
        <metrics statements="11" coveredstatements="6" conditionals="3" coveredconditionals="0" methods="2" coveredmethods="1"/>
        <line num="3" count="1" type="cond" truecount="0" falsecount="1"/>
        <line num="4" count="0" type="stmt"/>
        <line num="15" count="0" type="cond" truecount="0" falsecount="2"/>
        <line num="16" count="0" type="stmt"/>
        <line num="22" count="0" type="stmt"/>
        <line num="24" count="0" type="stmt"/>
        <line num="27" count="1" type="stmt"/>
        <line num="28" count="4" type="stmt"/>
        <line num="29" count="4" type="stmt"/>
        <line num="40" count="3" type="stmt"/>
        <line num="42" count="1" type="stmt"/>
      </file>
      <file name="formatRut.ts" path="C:\Users\CETECOM\Desktop\hreact\src\utils\formatRut.ts">
        <metrics statements="22" coveredstatements="20" conditionals="12" coveredconditionals="10" methods="2" coveredmethods="2"/>
        <line num="1" count="2" type="stmt"/>
        <line num="3" count="20" type="stmt"/>
        <line num="5" count="20" type="cond" truecount="1" falsecount="1"/>
        <line num="6" count="0" type="stmt"/>
        <line num="9" count="20" type="cond" truecount="2" falsecount="0"/>
        <line num="10" count="2" type="stmt"/>
        <line num="13" count="18" type="stmt"/>
        <line num="14" count="18" type="stmt"/>
        <line num="17" count="18" type="stmt"/>
        <line num="19" count="18" type="stmt"/>
        <line num="22" count="2" type="stmt"/>
        <line num="24" count="9" type="cond" truecount="4" falsecount="0"/>
        <line num="25" count="1" type="stmt"/>
        <line num="29" count="8" type="stmt"/>
        <line num="31" count="8" type="cond" truecount="2" falsecount="0"/>
        <line num="32" count="1" type="stmt"/>
        <line num="35" count="7" type="cond" truecount="1" falsecount="1"/>
        <line num="36" count="0" type="stmt"/>
        <line num="39" count="7" type="stmt"/>
        <line num="40" count="7" type="stmt"/>
        <line num="43" count="7" type="stmt"/>
        <line num="45" count="7" type="stmt"/>
      </file>
      <file name="regiones.ts" path="C:\Users\CETECOM\Desktop\hreact\src\utils\regiones.ts">
        <metrics statements="8" coveredstatements="8" conditionals="8" coveredconditionals="7" methods="4" coveredmethods="4"/>
        <line num="1" count="2" type="stmt"/>
        <line num="23" count="32" type="cond" truecount="2" falsecount="0"/>
        <line num="28" count="5" type="cond" truecount="2" falsecount="0"/>
        <line num="29" count="7" type="stmt"/>
        <line num="30" count="1" type="cond" truecount="1" falsecount="1"/>
        <line num="34" count="4" type="stmt"/>
        <line num="36" count="54" type="stmt"/>
        <line num="37" count="4" type="cond" truecount="2" falsecount="0"/>
      </file>
      <file name="storage.ts" path="C:\Users\CETECOM\Desktop\hreact\src\utils\storage.ts">
        <metrics statements="45" coveredstatements="37" conditionals="10" coveredconditionals="8" methods="10" coveredmethods="8"/>
        <line num="4" count="5" type="stmt"/>
        <line num="5" count="5" type="stmt"/>
        <line num="9" count="3" type="stmt"/>
        <line num="10" count="3" type="stmt"/>
        <line num="11" count="3" type="stmt"/>
        <line num="13" count="1" type="stmt"/>
        <line num="18" count="3" type="stmt"/>
        <line num="19" count="3" type="stmt"/>
        <line num="20" count="3" type="cond" truecount="2" falsecount="0"/>
        <line num="21" count="2" type="stmt"/>
        <line num="23" count="1" type="stmt"/>
        <line num="24" count="1" type="stmt"/>
        <line num="29" count="2" type="stmt"/>
        <line num="30" count="2" type="stmt"/>
        <line num="32" count="1" type="stmt"/>
        <line num="38" count="16" type="stmt"/>
        <line num="39" count="16" type="stmt"/>
        <line num="40" count="16" type="cond" truecount="2" falsecount="0"/>
        <line num="41" count="10" type="stmt"/>
        <line num="43" count="1" type="stmt"/>
        <line num="44" count="1" type="stmt"/>
        <line num="49" count="24" type="stmt"/>
        <line num="50" count="24" type="cond" truecount="2" falsecount="0"/>
        <line num="51" count="8" type="stmt"/>
        <line num="53" count="16" type="stmt"/>
        <line num="54" count="16" type="stmt"/>
        <line num="57" count="0" type="stmt"/>
        <line num="62" count="1" type="stmt"/>
        <line num="63" count="1" type="stmt"/>
        <line num="65" count="0" type="stmt"/>
        <line num="71" count="10" type="stmt"/>
        <line num="72" count="10" type="stmt"/>
        <line num="73" count="10" type="cond" truecount="2" falsecount="0"/>
        <line num="75" count="1" type="stmt"/>
        <line num="76" count="1" type="stmt"/>
        <line num="81" count="22" type="stmt"/>
        <line num="82" count="22" type="stmt"/>
        <line num="83" count="22" type="stmt"/>
        <line num="85" count="0" type="stmt"/>
        <line num="91" count="5" type="stmt"/>
        <line num="94" count="0" type="stmt"/>
        <line num="95" count="0" type="stmt"/>
        <line num="96" count="0" type="cond" truecount="0" falsecount="2"/>
        <line num="98" count="0" type="stmt"/>
        <line num="103" count="0" type="stmt"/>
      </file>
    </package>
  </project>
</coverage>
