{"C:\\Users\\CETECOM\\Desktop\\hreact\\src\\components\\modals\\LoginModal.tsx": {"path":"C:\\Users\\CETECOM\\Desktop\\hreact\\src\\components\\modals\\LoginModal.tsx","statementMap":{"0":{"start":{"line":9,"column":19},"end":{"line":234,"column":null}},"1":{"start":{"line":10,"column":25},"end":{"line":10,"column":null}},"2":{"start":{"line":11,"column":31},"end":{"line":11,"column":null}},"3":{"start":{"line":12,"column":25},"end":{"line":12,"column":null}},"4":{"start":{"line":13,"column":29},"end":{"line":13,"column":null}},"5":{"start":{"line":14,"column":17},"end":{"line":14,"column":null}},"6":{"start":{"line":15,"column":8},"end":{"line":15,"column":null}},"7":{"start":{"line":17,"column":8},"end":{"line":17,"column":null}},"8":{"start":{"line":19,"column":32},"end":{"line":70,"column":null}},"9":{"start":{"line":20,"column":4},"end":{"line":69,"column":null}},"10":{"start":{"line":21,"column":20},"end":{"line":21,"column":null}},"11":{"start":{"line":22,"column":6},"end":{"line":68,"column":null}},"12":{"start":{"line":24,"column":30},"end":{"line":52,"column":null}},"13":{"start":{"line":26,"column":28},"end":{"line":26,"column":null}},"14":{"start":{"line":27,"column":10},"end":{"line":27,"column":null}},"15":{"start":{"line":27,"column":40},"end":{"line":27,"column":null}},"16":{"start":{"line":29,"column":10},"end":{"line":29,"column":null}},"17":{"start":{"line":30,"column":10},"end":{"line":30,"column":null}},"18":{"start":{"line":31,"column":10},"end":{"line":31,"column":null}},"19":{"start":{"line":34,"column":10},"end":{"line":48,"column":null}},"20":{"start":{"line":35,"column":12},"end":{"line":42,"column":null}},"21":{"start":{"line":45,"column":12},"end":{"line":47,"column":null}},"22":{"start":{"line":46,"column":14},"end":{"line":46,"column":null}},"23":{"start":{"line":51,"column":10},"end":{"line":51,"column":null}},"24":{"start":{"line":54,"column":8},"end":{"line":54,"column":null}},"25":{"start":{"line":55,"column":8},"end":{"line":55,"column":null}},"26":{"start":{"line":58,"column":8},"end":{"line":58,"column":null}},"27":{"start":{"line":59,"column":8},"end":{"line":59,"column":null}},"28":{"start":{"line":60,"column":8},"end":{"line":60,"column":null}},"29":{"start":{"line":62,"column":26},"end":{"line":62,"column":null}},"30":{"start":{"line":63,"column":8},"end":{"line":63,"column":null}},"31":{"start":{"line":63,"column":38},"end":{"line":63,"column":null}},"32":{"start":{"line":65,"column":8},"end":{"line":67,"column":null}},"33":{"start":{"line":66,"column":10},"end":{"line":66,"column":null}},"34":{"start":{"line":72,"column":23},"end":{"line":117,"column":null}},"35":{"start":{"line":73,"column":4},"end":{"line":73,"column":null}},"36":{"start":{"line":74,"column":4},"end":{"line":74,"column":null}},"37":{"start":{"line":75,"column":4},"end":{"line":75,"column":null}},"38":{"start":{"line":77,"column":4},"end":{"line":116,"column":null}},"39":{"start":{"line":78,"column":30},"end":{"line":78,"column":null}},"40":{"start":{"line":81,"column":23},"end":{"line":81,"column":null}},"41":{"start":{"line":82,"column":6},"end":{"line":85,"column":null}},"42":{"start":{"line":83,"column":8},"end":{"line":85,"column":36}},"43":{"start":{"line":88,"column":6},"end":{"line":96,"column":null}},"44":{"start":{"line":90,"column":23},"end":{"line":90,"column":null}},"45":{"start":{"line":91,"column":8},"end":{"line":94,"column":70}},"46":{"start":{"line":92,"column":10},"end":{"line":94,"column":null}},"47":{"start":{"line":98,"column":6},"end":{"line":110,"column":null}},"48":{"start":{"line":100,"column":8},"end":{"line":100,"column":null}},"49":{"start":{"line":101,"column":8},"end":{"line":101,"column":null}},"50":{"start":{"line":102,"column":8},"end":{"line":102,"column":null}},"51":{"start":{"line":103,"column":8},"end":{"line":103,"column":null}},"52":{"start":{"line":106,"column":8},"end":{"line":106,"column":null}},"53":{"start":{"line":109,"column":8},"end":{"line":109,"column":null}},"54":{"start":{"line":112,"column":6},"end":{"line":112,"column":null}},"55":{"start":{"line":113,"column":6},"end":{"line":113,"column":null}},"56":{"start":{"line":115,"column":6},"end":{"line":115,"column":null}},"57":{"start":{"line":119,"column":29},"end":{"line":154,"column":null}},"58":{"start":{"line":120,"column":4},"end":{"line":120,"column":null}},"59":{"start":{"line":122,"column":4},"end":{"line":153,"column":null}},"60":{"start":{"line":123,"column":33},"end":{"line":123,"column":null}},"61":{"start":{"line":125,"column":6},"end":{"line":152,"column":null}},"62":{"start":{"line":127,"column":8},"end":{"line":127,"column":null}},"63":{"start":{"line":130,"column":25},"end":{"line":149,"column":null}},"64":{"start":{"line":132,"column":28},"end":{"line":132,"column":null}},"65":{"start":{"line":133,"column":10},"end":{"line":133,"column":null}},"66":{"start":{"line":133,"column":40},"end":{"line":133,"column":null}},"67":{"start":{"line":136,"column":10},"end":{"line":136,"column":null}},"68":{"start":{"line":137,"column":10},"end":{"line":137,"column":null}},"69":{"start":{"line":138,"column":10},"end":{"line":138,"column":null}},"70":{"start":{"line":141,"column":39},"end":{"line":141,"column":null}},"71":{"start":{"line":142,"column":10},"end":{"line":145,"column":null}},"72":{"start":{"line":143,"column":34},"end":{"line":143,"column":null}},"73":{"start":{"line":144,"column":12},"end":{"line":144,"column":null}},"74":{"start":{"line":148,"column":10},"end":{"line":148,"column":null}},"75":{"start":{"line":151,"column":8},"end":{"line":151,"column":null}},"76":{"start":{"line":178,"column":35},"end":{"line":178,"column":null}},"77":{"start":{"line":190,"column":35},"end":{"line":190,"column":null}}},"fnMap":{"0":{"name":"(anonymous_0)","decl":{"start":{"line":9,"column":19},"end":{"line":9,"column":null}},"loc":{"start":{"line":9,"column":19},"end":{"line":234,"column":null}},"line":9},"1":{"name":"(anonymous_1)","decl":{"start":{"line":19,"column":32},"end":{"line":19,"column":33}},"loc":{"start":{"line":19,"column":33},"end":{"line":70,"column":null}},"line":19},"2":{"name":"(anonymous_2)","decl":{"start":{"line":24,"column":30},"end":{"line":24,"column":null}},"loc":{"start":{"line":24,"column":30},"end":{"line":52,"column":null}},"line":24},"3":{"name":"(anonymous_3)","decl":{"start":{"line":27,"column":28},"end":{"line":27,"column":40}},"loc":{"start":{"line":27,"column":40},"end":{"line":27,"column":null}},"line":27},"4":{"name":"(anonymous_4)","decl":{"start":{"line":34,"column":21},"end":{"line":34,"column":null}},"loc":{"start":{"line":34,"column":21},"end":{"line":48,"column":13}},"line":34},"5":{"name":"(anonymous_5)","decl":{"start":{"line":63,"column":26},"end":{"line":63,"column":38}},"loc":{"start":{"line":63,"column":38},"end":{"line":63,"column":null}},"line":63},"6":{"name":"(anonymous_6)","decl":{"start":{"line":72,"column":23},"end":{"line":72,"column":30}},"loc":{"start":{"line":72,"column":30},"end":{"line":117,"column":null}},"line":72},"7":{"name":"(anonymous_7)","decl":{"start":{"line":82,"column":40},"end":{"line":82,"column":null}},"loc":{"start":{"line":83,"column":8},"end":{"line":85,"column":36}},"line":83},"8":{"name":"(anonymous_8)","decl":{"start":{"line":91,"column":40},"end":{"line":91,"column":null}},"loc":{"start":{"line":92,"column":10},"end":{"line":94,"column":null}},"line":92},"9":{"name":"(anonymous_9)","decl":{"start":{"line":119,"column":29},"end":{"line":119,"column":30}},"loc":{"start":{"line":119,"column":30},"end":{"line":154,"column":null}},"line":119},"10":{"name":"(anonymous_10)","decl":{"start":{"line":130,"column":25},"end":{"line":130,"column":null}},"loc":{"start":{"line":130,"column":25},"end":{"line":149,"column":null}},"line":130},"11":{"name":"(anonymous_11)","decl":{"start":{"line":133,"column":28},"end":{"line":133,"column":40}},"loc":{"start":{"line":133,"column":40},"end":{"line":133,"column":null}},"line":133},"12":{"name":"(anonymous_12)","decl":{"start":{"line":178,"column":28},"end":{"line":178,"column":29}},"loc":{"start":{"line":178,"column":35},"end":{"line":178,"column":null}},"line":178},"13":{"name":"(anonymous_13)","decl":{"start":{"line":190,"column":28},"end":{"line":190,"column":29}},"loc":{"start":{"line":190,"column":35},"end":{"line":190,"column":null}},"line":190}},"branchMap":{"0":{"loc":{"start":{"line":20,"column":4},"end":{"line":69,"column":null}},"type":"if","locations":[{"start":{"line":20,"column":4},"end":{"line":69,"column":null}},{"start":{},"end":{}}],"line":20},"1":{"loc":{"start":{"line":22,"column":6},"end":{"line":68,"column":null}},"type":"if","locations":[{"start":{"line":22,"column":6},"end":{"line":68,"column":null}},{"start":{"line":56,"column":13},"end":{"line":68,"column":null}}],"line":22},"2":{"loc":{"start":{"line":45,"column":12},"end":{"line":47,"column":null}},"type":"if","locations":[{"start":{"line":45,"column":12},"end":{"line":47,"column":null}},{"start":{},"end":{}}],"line":45},"3":{"loc":{"start":{"line":45,"column":16},"end":{"line":45,"column":87}},"type":"binary-expr","locations":[{"start":{"line":45,"column":16},"end":{"line":45,"column":48}},{"start":{"line":45,"column":52},"end":{"line":45,"column":87}}],"line":45},"4":{"loc":{"start":{"line":65,"column":8},"end":{"line":67,"column":null}},"type":"if","locations":[{"start":{"line":65,"column":8},"end":{"line":67,"column":null}},{"start":{},"end":{}}],"line":65},"5":{"loc":{"start":{"line":65,"column":12},"end":{"line":65,"column":83}},"type":"binary-expr","locations":[{"start":{"line":65,"column":12},"end":{"line":65,"column":44}},{"start":{"line":65,"column":48},"end":{"line":65,"column":83}}],"line":65},"6":{"loc":{"start":{"line":83,"column":8},"end":{"line":85,"column":36}},"type":"binary-expr","locations":[{"start":{"line":83,"column":8},"end":{"line":83,"column":null}},{"start":{"line":84,"column":8},"end":{"line":84,"column":null}},{"start":{"line":85,"column":8},"end":{"line":85,"column":36}}],"line":83},"7":{"loc":{"start":{"line":88,"column":6},"end":{"line":96,"column":null}},"type":"if","locations":[{"start":{"line":88,"column":6},"end":{"line":96,"column":null}},{"start":{},"end":{}}],"line":88},"8":{"loc":{"start":{"line":92,"column":10},"end":{"line":94,"column":null}},"type":"binary-expr","locations":[{"start":{"line":92,"column":10},"end":{"line":92,"column":null}},{"start":{"line":93,"column":10},"end":{"line":93,"column":null}},{"start":{"line":94,"column":11},"end":{"line":94,"column":37}},{"start":{"line":94,"column":41},"end":{"line":94,"column":69}}],"line":92},"9":{"loc":{"start":{"line":98,"column":6},"end":{"line":110,"column":null}},"type":"if","locations":[{"start":{"line":98,"column":6},"end":{"line":110,"column":null}},{"start":{"line":108,"column":13},"end":{"line":110,"column":null}}],"line":98},"10":{"loc":{"start":{"line":122,"column":4},"end":{"line":153,"column":null}},"type":"if","locations":[{"start":{"line":122,"column":4},"end":{"line":153,"column":null}},{"start":{},"end":{}}],"line":122},"11":{"loc":{"start":{"line":125,"column":6},"end":{"line":152,"column":null}},"type":"if","locations":[{"start":{"line":125,"column":6},"end":{"line":152,"column":null}},{"start":{},"end":{}}],"line":125},"12":{"loc":{"start":{"line":142,"column":10},"end":{"line":145,"column":null}},"type":"if","locations":[{"start":{"line":142,"column":10},"end":{"line":145,"column":null}},{"start":{},"end":{}}],"line":142},"13":{"loc":{"start":{"line":212,"column":19},"end":{"line":218,"column":null}},"type":"cond-expr","locations":[{"start":{"line":212,"column":19},"end":{"line":218,"column":null}},{"start":{"line":218,"column":20},"end":{"line":218,"column":null}}],"line":212}},"s":{"0":1,"1":42,"2":42,"3":42,"4":42,"5":42,"6":42,"7":42,"8":42,"9":5,"10":5,"11":5,"12":5,"13":3,"14":3,"15":0,"16":3,"17":3,"18":3,"19":3,"20":2,"21":2,"22":2,"23":3,"24":5,"25":5,"26":0,"27":0,"28":0,"29":0,"30":0,"31":0,"32":0,"33":0,"34":42,"35":8,"36":8,"37":8,"38":8,"39":8,"40":8,"41":6,"42":5,"43":6,"44":4,"45":4,"46":6,"47":6,"48":5,"49":5,"50":5,"51":5,"52":5,"53":1,"54":1,"55":1,"56":7,"57":42,"58":0,"59":0,"60":0,"61":0,"62":0,"63":0,"64":0,"65":0,"66":0,"67":0,"68":0,"69":0,"70":0,"71":0,"72":0,"73":0,"74":0,"75":0,"76":8,"77":8},"f":{"0":42,"1":5,"2":3,"3":0,"4":2,"5":0,"6":8,"7":5,"8":6,"9":0,"10":0,"11":0,"12":8,"13":8},"b":{"0":[5,0],"1":[5,0],"2":[2,0],"3":[2,1],"4":[0,0],"5":[0,0],"6":[5,2,2],"7":[4,2],"8":[6,3,3,1],"9":[5,1],"10":[0,0],"11":[0,0],"12":[0,0],"13":[8,34]},"meta":{"lastBranch":14,"lastFunction":14,"lastStatement":78,"seen":{"s:9:19:234:Infinity":0,"f:9:19:9:Infinity":0,"s:10:25:10:Infinity":1,"s:11:31:11:Infinity":2,"s:12:25:12:Infinity":3,"s:13:29:13:Infinity":4,"s:14:17:14:Infinity":5,"s:15:8:15:Infinity":6,"s:17:8:17:Infinity":7,"s:19:32:70:Infinity":8,"f:19:32:19:33":1,"b:20:4:69:Infinity:undefined:undefined:undefined:undefined":0,"s:20:4:69:Infinity":9,"s:21:20:21:Infinity":10,"b:22:6:68:Infinity:56:13:68:Infinity":1,"s:22:6:68:Infinity":11,"s:24:30:52:Infinity":12,"f:24:30:24:Infinity":2,"s:26:28:26:Infinity":13,"s:27:10:27:Infinity":14,"f:27:28:27:40":3,"s:27:40:27:Infinity":15,"s:29:10:29:Infinity":16,"s:30:10:30:Infinity":17,"s:31:10:31:Infinity":18,"s:34:10:48:Infinity":19,"f:34:21:34:Infinity":4,"s:35:12:42:Infinity":20,"b:45:12:47:Infinity:undefined:undefined:undefined:undefined":2,"s:45:12:47:Infinity":21,"b:45:16:45:48:45:52:45:87":3,"s:46:14:46:Infinity":22,"s:51:10:51:Infinity":23,"s:54:8:54:Infinity":24,"s:55:8:55:Infinity":25,"s:58:8:58:Infinity":26,"s:59:8:59:Infinity":27,"s:60:8:60:Infinity":28,"s:62:26:62:Infinity":29,"s:63:8:63:Infinity":30,"f:63:26:63:38":5,"s:63:38:63:Infinity":31,"b:65:8:67:Infinity:undefined:undefined:undefined:undefined":4,"s:65:8:67:Infinity":32,"b:65:12:65:44:65:48:65:83":5,"s:66:10:66:Infinity":33,"s:72:23:117:Infinity":34,"f:72:23:72:30":6,"s:73:4:73:Infinity":35,"s:74:4:74:Infinity":36,"s:75:4:75:Infinity":37,"s:77:4:116:Infinity":38,"s:78:30:78:Infinity":39,"s:81:23:81:Infinity":40,"s:82:6:85:Infinity":41,"f:82:40:82:Infinity":7,"s:83:8:85:36":42,"b:83:8:83:Infinity:84:8:84:Infinity:85:8:85:36":6,"b:88:6:96:Infinity:undefined:undefined:undefined:undefined":7,"s:88:6:96:Infinity":43,"s:90:23:90:Infinity":44,"s:91:8:94:70":45,"f:91:40:91:Infinity":8,"s:92:10:94:Infinity":46,"b:92:10:92:Infinity:93:10:93:Infinity:94:11:94:37:94:41:94:69":8,"b:98:6:110:Infinity:108:13:110:Infinity":9,"s:98:6:110:Infinity":47,"s:100:8:100:Infinity":48,"s:101:8:101:Infinity":49,"s:102:8:102:Infinity":50,"s:103:8:103:Infinity":51,"s:106:8:106:Infinity":52,"s:109:8:109:Infinity":53,"s:112:6:112:Infinity":54,"s:113:6:113:Infinity":55,"s:115:6:115:Infinity":56,"s:119:29:154:Infinity":57,"f:119:29:119:30":9,"s:120:4:120:Infinity":58,"b:122:4:153:Infinity:undefined:undefined:undefined:undefined":10,"s:122:4:153:Infinity":59,"s:123:33:123:Infinity":60,"b:125:6:152:Infinity:undefined:undefined:undefined:undefined":11,"s:125:6:152:Infinity":61,"s:127:8:127:Infinity":62,"s:130:25:149:Infinity":63,"f:130:25:130:Infinity":10,"s:132:28:132:Infinity":64,"s:133:10:133:Infinity":65,"f:133:28:133:40":11,"s:133:40:133:Infinity":66,"s:136:10:136:Infinity":67,"s:137:10:137:Infinity":68,"s:138:10:138:Infinity":69,"s:141:39:141:Infinity":70,"b:142:10:145:Infinity:undefined:undefined:undefined:undefined":12,"s:142:10:145:Infinity":71,"s:143:34:143:Infinity":72,"s:144:12:144:Infinity":73,"s:148:10:148:Infinity":74,"s:151:8:151:Infinity":75,"f:178:28:178:29":12,"s:178:35:178:Infinity":76,"f:190:28:190:29":13,"s:190:35:190:Infinity":77,"b:212:19:218:Infinity:218:20:218:Infinity":13}}}
,"C:\\Users\\CETECOM\\Desktop\\hreact\\src\\components\\modals\\RegistroModal.tsx": {"path":"C:\\Users\\CETECOM\\Desktop\\hreact\\src\\components\\modals\\RegistroModal.tsx","statementMap":{"0":{"start":{"line":11,"column":22},"end":{"line":277,"column":null}},"1":{"start":{"line":12,"column":8},"end":{"line":12,"column":null}},"2":{"start":{"line":13,"column":17},"end":{"line":13,"column":null}},"3":{"start":{"line":14,"column":23},"end":{"line":25,"column":null}},"4":{"start":{"line":27,"column":29},"end":{"line":27,"column":null}},"5":{"start":{"line":29,"column":2},"end":{"line":36,"column":null}},"6":{"start":{"line":30,"column":4},"end":{"line":35,"column":null}},"7":{"start":{"line":31,"column":25},"end":{"line":31,"column":null}},"8":{"start":{"line":31,"column":60},"end":{"line":31,"column":84}},"9":{"start":{"line":32,"column":6},"end":{"line":32,"column":null}},"10":{"start":{"line":34,"column":6},"end":{"line":34,"column":null}},"11":{"start":{"line":38,"column":8},"end":{"line":74,"column":null}},"12":{"start":{"line":39,"column":60},"end":{"line":39,"column":null}},"13":{"start":{"line":40,"column":4},"end":{"line":40,"column":null}},"14":{"start":{"line":40,"column":29},"end":{"line":40,"column":null}},"15":{"start":{"line":41,"column":4},"end":{"line":41,"column":null}},"16":{"start":{"line":41,"column":31},"end":{"line":41,"column":null}},"17":{"start":{"line":42,"column":4},"end":{"line":42,"column":null}},"18":{"start":{"line":42,"column":32},"end":{"line":42,"column":null}},"19":{"start":{"line":43,"column":4},"end":{"line":43,"column":null}},"20":{"start":{"line":43,"column":22},"end":{"line":43,"column":null}},"21":{"start":{"line":44,"column":4},"end":{"line":44,"column":null}},"22":{"start":{"line":44,"column":22},"end":{"line":44,"column":null}},"23":{"start":{"line":45,"column":10},"end":{"line":45,"column":null}},"24":{"start":{"line":46,"column":4},"end":{"line":46,"column":null}},"25":{"start":{"line":46,"column":30},"end":{"line":46,"column":null}},"26":{"start":{"line":47,"column":23},"end":{"line":47,"column":null}},"27":{"start":{"line":48,"column":4},"end":{"line":50,"column":null}},"28":{"start":{"line":49,"column":6},"end":{"line":49,"column":null}},"29":{"start":{"line":51,"column":4},"end":{"line":55,"column":null}},"30":{"start":{"line":52,"column":6},"end":{"line":52,"column":null}},"31":{"start":{"line":53,"column":11},"end":{"line":55,"column":null}},"32":{"start":{"line":54,"column":6},"end":{"line":54,"column":null}},"33":{"start":{"line":56,"column":4},"end":{"line":58,"column":null}},"34":{"start":{"line":57,"column":6},"end":{"line":57,"column":null}},"35":{"start":{"line":59,"column":4},"end":{"line":72,"column":null}},"36":{"start":{"line":60,"column":6},"end":{"line":60,"column":null}},"37":{"start":{"line":62,"column":18},"end":{"line":62,"column":null}},"38":{"start":{"line":63,"column":25},"end":{"line":63,"column":null}},"39":{"start":{"line":64,"column":17},"end":{"line":64,"column":null}},"40":{"start":{"line":65,"column":16},"end":{"line":65,"column":null}},"41":{"start":{"line":66,"column":6},"end":{"line":68,"column":null}},"42":{"start":{"line":67,"column":8},"end":{"line":67,"column":null}},"43":{"start":{"line":69,"column":6},"end":{"line":71,"column":null}},"44":{"start":{"line":70,"column":8},"end":{"line":70,"column":null}},"45":{"start":{"line":73,"column":4},"end":{"line":73,"column":null}},"46":{"start":{"line":76,"column":18},"end":{"line":76,"column":null}},"47":{"start":{"line":78,"column":23},"end":{"line":88,"column":null}},"48":{"start":{"line":79,"column":26},"end":{"line":79,"column":34}},"49":{"start":{"line":80,"column":20},"end":{"line":80,"column":null}},"50":{"start":{"line":82,"column":4},"end":{"line":87,"column":null}},"51":{"start":{"line":83,"column":12},"end":{"line":83,"column":null}},"52":{"start":{"line":84,"column":6},"end":{"line":84,"column":null}},"53":{"start":{"line":84,"column":23},"end":{"line":84,"column":null}},"54":{"start":{"line":86,"column":6},"end":{"line":86,"column":null}},"55":{"start":{"line":86,"column":23},"end":{"line":86,"column":null}},"56":{"start":{"line":91,"column":23},"end":{"line":157,"column":null}},"57":{"start":{"line":92,"column":4},"end":{"line":92,"column":null}},"58":{"start":{"line":93,"column":4},"end":{"line":96,"column":null}},"59":{"start":{"line":94,"column":6},"end":{"line":94,"column":null}},"60":{"start":{"line":95,"column":6},"end":{"line":95,"column":null}},"61":{"start":{"line":98,"column":21},"end":{"line":98,"column":null}},"62":{"start":{"line":99,"column":22},"end":{"line":99,"column":null}},"63":{"start":{"line":100,"column":24},"end":{"line":100,"column":null}},"64":{"start":{"line":101,"column":25},"end":{"line":101,"column":null}},"65":{"start":{"line":101,"column":55},"end":{"line":101,"column":null}},"66":{"start":{"line":102,"column":27},"end":{"line":102,"column":null}},"67":{"start":{"line":102,"column":57},"end":{"line":102,"column":null}},"68":{"start":{"line":104,"column":4},"end":{"line":107,"column":null}},"69":{"start":{"line":105,"column":6},"end":{"line":105,"column":null}},"70":{"start":{"line":106,"column":6},"end":{"line":106,"column":null}},"71":{"start":{"line":108,"column":4},"end":{"line":111,"column":null}},"72":{"start":{"line":109,"column":6},"end":{"line":109,"column":null}},"73":{"start":{"line":110,"column":6},"end":{"line":110,"column":null}},"74":{"start":{"line":113,"column":18},"end":{"line":113,"column":null}},"75":{"start":{"line":113,"column":63},"end":{"line":113,"column":88}},"76":{"start":{"line":114,"column":34},"end":{"line":127,"column":null}},"77":{"start":{"line":129,"column":4},"end":{"line":156,"column":null}},"78":{"start":{"line":130,"column":6},"end":{"line":130,"column":null}},"79":{"start":{"line":131,"column":6},"end":{"line":131,"column":null}},"80":{"start":{"line":134,"column":27},"end":{"line":134,"column":43}},"81":{"start":{"line":135,"column":6},"end":{"line":140,"column":null}},"82":{"start":{"line":136,"column":30},"end":{"line":136,"column":null}},"83":{"start":{"line":137,"column":8},"end":{"line":139,"column":null}},"84":{"start":{"line":138,"column":10},"end":{"line":138,"column":null}},"85":{"start":{"line":143,"column":6},"end":{"line":143,"column":null}},"86":{"start":{"line":146,"column":6},"end":{"line":151,"column":null}},"87":{"start":{"line":154,"column":6},"end":{"line":154,"column":null}},"88":{"start":{"line":155,"column":6},"end":{"line":155,"column":null}},"89":{"start":{"line":160,"column":29},"end":{"line":163,"column":null}},"90":{"start":{"line":161,"column":4},"end":{"line":161,"column":null}},"91":{"start":{"line":161,"column":26},"end":{"line":161,"column":null}},"92":{"start":{"line":162,"column":4},"end":{"line":162,"column":null}}},"fnMap":{"0":{"name":"(anonymous_0)","decl":{"start":{"line":11,"column":22},"end":{"line":11,"column":null}},"loc":{"start":{"line":11,"column":22},"end":{"line":277,"column":null}},"line":11},"1":{"name":"(anonymous_1)","decl":{"start":{"line":29,"column":12},"end":{"line":29,"column":null}},"loc":{"start":{"line":29,"column":12},"end":{"line":36,"column":5}},"line":29},"2":{"name":"(anonymous_2)","decl":{"start":{"line":31,"column":55},"end":{"line":31,"column":60}},"loc":{"start":{"line":31,"column":60},"end":{"line":31,"column":84}},"line":31},"3":{"name":"(anonymous_3)","decl":{"start":{"line":38,"column":25},"end":{"line":38,"column":null}},"loc":{"start":{"line":38,"column":25},"end":{"line":74,"column":5}},"line":38},"4":{"name":"(anonymous_4)","decl":{"start":{"line":78,"column":23},"end":{"line":78,"column":24}},"loc":{"start":{"line":78,"column":24},"end":{"line":88,"column":null}},"line":78},"5":{"name":"(anonymous_5)","decl":{"start":{"line":84,"column":14},"end":{"line":84,"column":23}},"loc":{"start":{"line":84,"column":23},"end":{"line":84,"column":null}},"line":84},"6":{"name":"(anonymous_6)","decl":{"start":{"line":86,"column":14},"end":{"line":86,"column":23}},"loc":{"start":{"line":86,"column":23},"end":{"line":86,"column":null}},"line":86},"7":{"name":"(anonymous_7)","decl":{"start":{"line":91,"column":23},"end":{"line":91,"column":30}},"loc":{"start":{"line":91,"column":30},"end":{"line":157,"column":null}},"line":91},"8":{"name":"(anonymous_8)","decl":{"start":{"line":101,"column":39},"end":{"line":101,"column":40}},"loc":{"start":{"line":101,"column":55},"end":{"line":101,"column":null}},"line":101},"9":{"name":"(anonymous_9)","decl":{"start":{"line":102,"column":41},"end":{"line":102,"column":42}},"loc":{"start":{"line":102,"column":57},"end":{"line":102,"column":null}},"line":102},"10":{"name":"(anonymous_10)","decl":{"start":{"line":113,"column":34},"end":{"line":113,"column":35}},"loc":{"start":{"line":113,"column":63},"end":{"line":113,"column":88}},"line":113},"11":{"name":"(anonymous_11)","decl":{"start":{"line":160,"column":29},"end":{"line":160,"column":30}},"loc":{"start":{"line":160,"column":30},"end":{"line":163,"column":null}},"line":160}},"branchMap":{"0":{"loc":{"start":{"line":30,"column":4},"end":{"line":35,"column":null}},"type":"if","locations":[{"start":{"line":30,"column":4},"end":{"line":35,"column":null}},{"start":{"line":33,"column":11},"end":{"line":35,"column":null}}],"line":30},"1":{"loc":{"start":{"line":32,"column":17},"end":{"line":32,"column":53}},"type":"cond-expr","locations":[{"start":{"line":32,"column":30},"end":{"line":32,"column":48}},{"start":{"line":32,"column":51},"end":{"line":32,"column":53}}],"line":32},"2":{"loc":{"start":{"line":40,"column":4},"end":{"line":40,"column":null}},"type":"if","locations":[{"start":{"line":40,"column":4},"end":{"line":40,"column":null}},{"start":{},"end":{}}],"line":40},"3":{"loc":{"start":{"line":41,"column":4},"end":{"line":41,"column":null}},"type":"if","locations":[{"start":{"line":41,"column":4},"end":{"line":41,"column":null}},{"start":{},"end":{}}],"line":41},"4":{"loc":{"start":{"line":42,"column":4},"end":{"line":42,"column":null}},"type":"if","locations":[{"start":{"line":42,"column":4},"end":{"line":42,"column":null}},{"start":{},"end":{}}],"line":42},"5":{"loc":{"start":{"line":43,"column":4},"end":{"line":43,"column":null}},"type":"if","locations":[{"start":{"line":43,"column":4},"end":{"line":43,"column":null}},{"start":{},"end":{}}],"line":43},"6":{"loc":{"start":{"line":44,"column":4},"end":{"line":44,"column":null}},"type":"if","locations":[{"start":{"line":44,"column":4},"end":{"line":44,"column":null}},{"start":{},"end":{}}],"line":44},"7":{"loc":{"start":{"line":46,"column":4},"end":{"line":46,"column":null}},"type":"if","locations":[{"start":{"line":46,"column":4},"end":{"line":46,"column":null}},{"start":{},"end":{}}],"line":46},"8":{"loc":{"start":{"line":48,"column":4},"end":{"line":50,"column":null}},"type":"if","locations":[{"start":{"line":48,"column":4},"end":{"line":50,"column":null}},{"start":{},"end":{}}],"line":48},"9":{"loc":{"start":{"line":51,"column":4},"end":{"line":55,"column":null}},"type":"if","locations":[{"start":{"line":51,"column":4},"end":{"line":55,"column":null}},{"start":{"line":53,"column":11},"end":{"line":55,"column":null}}],"line":51},"10":{"loc":{"start":{"line":53,"column":11},"end":{"line":55,"column":null}},"type":"if","locations":[{"start":{"line":53,"column":11},"end":{"line":55,"column":null}},{"start":{},"end":{}}],"line":53},"11":{"loc":{"start":{"line":53,"column":15},"end":{"line":53,"column":70}},"type":"binary-expr","locations":[{"start":{"line":53,"column":15},"end":{"line":53,"column":43}},{"start":{"line":53,"column":43},"end":{"line":53,"column":70}}],"line":53},"12":{"loc":{"start":{"line":56,"column":4},"end":{"line":58,"column":null}},"type":"if","locations":[{"start":{"line":56,"column":4},"end":{"line":58,"column":null}},{"start":{},"end":{}}],"line":56},"13":{"loc":{"start":{"line":59,"column":4},"end":{"line":72,"column":null}},"type":"if","locations":[{"start":{"line":59,"column":4},"end":{"line":72,"column":null}},{"start":{"line":61,"column":11},"end":{"line":72,"column":null}}],"line":59},"14":{"loc":{"start":{"line":66,"column":6},"end":{"line":68,"column":null}},"type":"if","locations":[{"start":{"line":66,"column":6},"end":{"line":68,"column":null}},{"start":{},"end":{}}],"line":66},"15":{"loc":{"start":{"line":66,"column":10},"end":{"line":66,"column":70}},"type":"binary-expr","locations":[{"start":{"line":66,"column":10},"end":{"line":66,"column":20}},{"start":{"line":66,"column":20},"end":{"line":66,"column":31}},{"start":{"line":66,"column":31},"end":{"line":66,"column":70}}],"line":66},"16":{"loc":{"start":{"line":69,"column":6},"end":{"line":71,"column":null}},"type":"if","locations":[{"start":{"line":69,"column":6},"end":{"line":71,"column":null}},{"start":{},"end":{}}],"line":69},"17":{"loc":{"start":{"line":69,"column":10},"end":{"line":69,"column":35}},"type":"binary-expr","locations":[{"start":{"line":69,"column":10},"end":{"line":69,"column":23}},{"start":{"line":69,"column":23},"end":{"line":69,"column":35}}],"line":69},"18":{"loc":{"start":{"line":82,"column":4},"end":{"line":87,"column":null}},"type":"if","locations":[{"start":{"line":82,"column":4},"end":{"line":87,"column":null}},{"start":{"line":85,"column":11},"end":{"line":87,"column":null}}],"line":82},"19":{"loc":{"start":{"line":93,"column":4},"end":{"line":96,"column":null}},"type":"if","locations":[{"start":{"line":93,"column":4},"end":{"line":96,"column":null}},{"start":{},"end":{}}],"line":93},"20":{"loc":{"start":{"line":98,"column":32},"end":{"line":98,"column":null}},"type":"binary-expr","locations":[{"start":{"line":98,"column":32},"end":{"line":98,"column":68}},{"start":{"line":98,"column":68},"end":{"line":98,"column":null}}],"line":98},"21":{"loc":{"start":{"line":101,"column":55},"end":{"line":101,"column":null}},"type":"binary-expr","locations":[{"start":{"line":101,"column":55},"end":{"line":101,"column":60}},{"start":{"line":101,"column":64},"end":{"line":101,"column":null}}],"line":101},"22":{"loc":{"start":{"line":104,"column":4},"end":{"line":107,"column":null}},"type":"if","locations":[{"start":{"line":104,"column":4},"end":{"line":107,"column":null}},{"start":{},"end":{}}],"line":104},"23":{"loc":{"start":{"line":108,"column":4},"end":{"line":111,"column":null}},"type":"if","locations":[{"start":{"line":108,"column":4},"end":{"line":111,"column":null}},{"start":{},"end":{}}],"line":108},"24":{"loc":{"start":{"line":113,"column":63},"end":{"line":113,"column":88}},"type":"cond-expr","locations":[{"start":{"line":113,"column":76},"end":{"line":113,"column":80}},{"start":{"line":113,"column":83},"end":{"line":113,"column":88}}],"line":113},"25":{"loc":{"start":{"line":135,"column":6},"end":{"line":140,"column":null}},"type":"if","locations":[{"start":{"line":135,"column":6},"end":{"line":140,"column":null}},{"start":{},"end":{}}],"line":135},"26":{"loc":{"start":{"line":137,"column":8},"end":{"line":139,"column":null}},"type":"if","locations":[{"start":{"line":137,"column":8},"end":{"line":139,"column":null}},{"start":{},"end":{}}],"line":137},"27":{"loc":{"start":{"line":161,"column":4},"end":{"line":161,"column":null}},"type":"if","locations":[{"start":{"line":161,"column":4},"end":{"line":161,"column":null}},{"start":{},"end":{}}],"line":161},"28":{"loc":{"start":{"line":162,"column":11},"end":{"line":162,"column":null}},"type":"cond-expr","locations":[{"start":{"line":162,"column":31},"end":{"line":162,"column":46}},{"start":{"line":162,"column":46},"end":{"line":162,"column":null}}],"line":162}},"s":{"0":1,"1":134,"2":134,"3":134,"4":134,"5":134,"6":5,"7":2,"8":22,"9":2,"10":3,"11":134,"12":129,"13":129,"14":23,"15":129,"16":33,"17":129,"18":95,"19":129,"20":125,"21":129,"22":127,"23":129,"24":129,"25":21,"26":129,"27":129,"28":71,"29":129,"30":73,"31":56,"32":6,"33":129,"34":18,"35":129,"36":93,"37":36,"38":36,"39":36,"40":36,"41":36,"42":36,"43":36,"44":0,"45":129,"46":134,"47":134,"48":126,"49":126,"50":126,"51":20,"52":20,"53":20,"54":106,"55":106,"56":134,"57":2,"58":2,"59":0,"60":0,"61":2,"62":2,"63":2,"64":2,"65":1,"66":2,"67":1,"68":2,"69":0,"70":0,"71":2,"72":1,"73":1,"74":1,"75":0,"76":1,"77":1,"78":1,"79":1,"80":1,"81":1,"82":1,"83":1,"84":0,"85":1,"86":1,"87":0,"88":0,"89":134,"90":1340,"91":732,"92":608},"f":{"0":134,"1":5,"2":22,"3":129,"4":126,"5":20,"6":106,"7":2,"8":1,"9":1,"10":0,"11":1340},"b":{"0":[2,3],"1":[2,0],"2":[23,106],"3":[33,96],"4":[95,34],"5":[125,4],"6":[127,2],"7":[21,108],"8":[71,58],"9":[73,56],"10":[6,50],"11":[56,50],"12":[18,111],"13":[93,36],"14":[36,0],"15":[36,0,0],"16":[0,36],"17":[36,36],"18":[20,106],"19":[0,2],"20":[2,0],"21":[1,0],"22":[0,2],"23":[1,1],"24":[0,0],"25":[1,0],"26":[0,1],"27":[732,608],"28":[58,550]},"meta":{"lastBranch":29,"lastFunction":12,"lastStatement":93,"seen":{"s:11:22:277:Infinity":0,"f:11:22:11:Infinity":0,"s:12:8:12:Infinity":1,"s:13:17:13:Infinity":2,"s:14:23:25:Infinity":3,"s:27:29:27:Infinity":4,"s:29:2:36:Infinity":5,"f:29:12:29:Infinity":1,"b:30:4:35:Infinity:33:11:35:Infinity":0,"s:30:4:35:Infinity":6,"s:31:25:31:Infinity":7,"f:31:55:31:60":2,"s:31:60:31:84":8,"s:32:6:32:Infinity":9,"b:32:30:32:48:32:51:32:53":1,"s:34:6:34:Infinity":10,"s:38:8:74:Infinity":11,"f:38:25:38:Infinity":3,"s:39:60:39:Infinity":12,"b:40:4:40:Infinity:undefined:undefined:undefined:undefined":2,"s:40:4:40:Infinity":13,"s:40:29:40:Infinity":14,"b:41:4:41:Infinity:undefined:undefined:undefined:undefined":3,"s:41:4:41:Infinity":15,"s:41:31:41:Infinity":16,"b:42:4:42:Infinity:undefined:undefined:undefined:undefined":4,"s:42:4:42:Infinity":17,"s:42:32:42:Infinity":18,"b:43:4:43:Infinity:undefined:undefined:undefined:undefined":5,"s:43:4:43:Infinity":19,"s:43:22:43:Infinity":20,"b:44:4:44:Infinity:undefined:undefined:undefined:undefined":6,"s:44:4:44:Infinity":21,"s:44:22:44:Infinity":22,"s:45:10:45:Infinity":23,"b:46:4:46:Infinity:undefined:undefined:undefined:undefined":7,"s:46:4:46:Infinity":24,"s:46:30:46:Infinity":25,"s:47:23:47:Infinity":26,"b:48:4:50:Infinity:undefined:undefined:undefined:undefined":8,"s:48:4:50:Infinity":27,"s:49:6:49:Infinity":28,"b:51:4:55:Infinity:53:11:55:Infinity":9,"s:51:4:55:Infinity":29,"s:52:6:52:Infinity":30,"b:53:11:55:Infinity:undefined:undefined:undefined:undefined":10,"s:53:11:55:Infinity":31,"b:53:15:53:43:53:43:53:70":11,"s:54:6:54:Infinity":32,"b:56:4:58:Infinity:undefined:undefined:undefined:undefined":12,"s:56:4:58:Infinity":33,"s:57:6:57:Infinity":34,"b:59:4:72:Infinity:61:11:72:Infinity":13,"s:59:4:72:Infinity":35,"s:60:6:60:Infinity":36,"s:62:18:62:Infinity":37,"s:63:25:63:Infinity":38,"s:64:17:64:Infinity":39,"s:65:16:65:Infinity":40,"b:66:6:68:Infinity:undefined:undefined:undefined:undefined":14,"s:66:6:68:Infinity":41,"b:66:10:66:20:66:20:66:31:66:31:66:70":15,"s:67:8:67:Infinity":42,"b:69:6:71:Infinity:undefined:undefined:undefined:undefined":16,"s:69:6:71:Infinity":43,"b:69:10:69:23:69:23:69:35":17,"s:70:8:70:Infinity":44,"s:73:4:73:Infinity":45,"s:76:18:76:Infinity":46,"s:78:23:88:Infinity":47,"f:78:23:78:24":4,"s:79:26:79:34":48,"s:80:20:80:Infinity":49,"b:82:4:87:Infinity:85:11:87:Infinity":18,"s:82:4:87:Infinity":50,"s:83:12:83:Infinity":51,"s:84:6:84:Infinity":52,"f:84:14:84:23":5,"s:84:23:84:Infinity":53,"s:86:6:86:Infinity":54,"f:86:14:86:23":6,"s:86:23:86:Infinity":55,"s:91:23:157:Infinity":56,"f:91:23:91:30":7,"s:92:4:92:Infinity":57,"b:93:4:96:Infinity:undefined:undefined:undefined:undefined":19,"s:93:4:96:Infinity":58,"s:94:6:94:Infinity":59,"s:95:6:95:Infinity":60,"s:98:21:98:Infinity":61,"b:98:32:98:68:98:68:98:Infinity":20,"s:99:22:99:Infinity":62,"s:100:24:100:Infinity":63,"s:101:25:101:Infinity":64,"f:101:39:101:40":8,"s:101:55:101:Infinity":65,"b:101:55:101:60:101:64:101:Infinity":21,"s:102:27:102:Infinity":66,"f:102:41:102:42":9,"s:102:57:102:Infinity":67,"b:104:4:107:Infinity:undefined:undefined:undefined:undefined":22,"s:104:4:107:Infinity":68,"s:105:6:105:Infinity":69,"s:106:6:106:Infinity":70,"b:108:4:111:Infinity:undefined:undefined:undefined:undefined":23,"s:108:4:111:Infinity":71,"s:109:6:109:Infinity":72,"s:110:6:110:Infinity":73,"s:113:18:113:Infinity":74,"f:113:34:113:35":10,"s:113:63:113:88":75,"b:113:76:113:80:113:83:113:88":24,"s:114:34:127:Infinity":76,"s:129:4:156:Infinity":77,"s:130:6:130:Infinity":78,"s:131:6:131:Infinity":79,"s:134:27:134:43":80,"b:135:6:140:Infinity:undefined:undefined:undefined:undefined":25,"s:135:6:140:Infinity":81,"s:136:30:136:Infinity":82,"b:137:8:139:Infinity:undefined:undefined:undefined:undefined":26,"s:137:8:139:Infinity":83,"s:138:10:138:Infinity":84,"s:143:6:143:Infinity":85,"s:146:6:151:Infinity":86,"s:154:6:154:Infinity":87,"s:155:6:155:Infinity":88,"s:160:29:163:Infinity":89,"f:160:29:160:30":11,"b:161:4:161:Infinity:undefined:undefined:undefined:undefined":27,"s:161:4:161:Infinity":90,"s:161:26:161:Infinity":91,"s:162:4:162:Infinity":92,"b:162:31:162:46:162:46:162:Infinity":28}}}
,"C:\\Users\\CETECOM\\Desktop\\hreact\\src\\context\\AuthProvider.tsx": {"path":"C:\\Users\\CETECOM\\Desktop\\hreact\\src\\context\\AuthProvider.tsx","statementMap":{"0":{"start":{"line":14,"column":6},"end":{"line":14,"column":null}},"1":{"start":{"line":16,"column":28},"end":{"line":45,"column":null}},"2":{"start":{"line":17,"column":29},"end":{"line":17,"column":null}},"3":{"start":{"line":17,"column":57},"end":{"line":17,"column":null}},"4":{"start":{"line":19,"column":2},"end":{"line":21,"column":null}},"5":{"start":{"line":20,"column":4},"end":{"line":20,"column":null}},"6":{"start":{"line":23,"column":16},"end":{"line":23,"column":null}},"7":{"start":{"line":23,"column":38},"end":{"line":23,"column":null}},"8":{"start":{"line":25,"column":17},"end":{"line":32,"column":null}},"9":{"start":{"line":26,"column":4},"end":{"line":26,"column":null}},"10":{"start":{"line":27,"column":4},"end":{"line":27,"column":null}},"11":{"start":{"line":29,"column":4},"end":{"line":31,"column":null}},"12":{"start":{"line":30,"column":6},"end":{"line":30,"column":null}},"13":{"start":{"line":34,"column":24},"end":{"line":36,"column":null}},"14":{"start":{"line":35,"column":4},"end":{"line":35,"column":null}},"15":{"start":{"line":38,"column":26},"end":{"line":38,"column":null}},"16":{"start":{"line":47,"column":23},"end":{"line":51,"column":null}},"17":{"start":{"line":48,"column":8},"end":{"line":48,"column":null}},"18":{"start":{"line":49,"column":2},"end":{"line":49,"column":null}},"19":{"start":{"line":49,"column":16},"end":{"line":49,"column":null}},"20":{"start":{"line":50,"column":2},"end":{"line":50,"column":null}}},"fnMap":{"0":{"name":"(anonymous_0)","decl":{"start":{"line":16,"column":28},"end":{"line":16,"column":29}},"loc":{"start":{"line":16,"column":66},"end":{"line":45,"column":null}},"line":16},"1":{"name":"(anonymous_1)","decl":{"start":{"line":17,"column":57},"end":{"line":17,"column":63}},"loc":{"start":{"line":17,"column":57},"end":{"line":17,"column":null}},"line":17},"2":{"name":"(anonymous_2)","decl":{"start":{"line":19,"column":12},"end":{"line":19,"column":null}},"loc":{"start":{"line":19,"column":12},"end":{"line":21,"column":5}},"line":19},"3":{"name":"(anonymous_3)","decl":{"start":{"line":23,"column":16},"end":{"line":23,"column":17}},"loc":{"start":{"line":23,"column":38},"end":{"line":23,"column":null}},"line":23},"4":{"name":"(anonymous_4)","decl":{"start":{"line":25,"column":17},"end":{"line":25,"column":null}},"loc":{"start":{"line":25,"column":17},"end":{"line":32,"column":null}},"line":25},"5":{"name":"(anonymous_5)","decl":{"start":{"line":34,"column":24},"end":{"line":34,"column":25}},"loc":{"start":{"line":34,"column":25},"end":{"line":36,"column":null}},"line":34},"6":{"name":"(anonymous_6)","decl":{"start":{"line":47,"column":23},"end":{"line":47,"column":null}},"loc":{"start":{"line":47,"column":23},"end":{"line":51,"column":null}},"line":47}},"branchMap":{"0":{"loc":{"start":{"line":29,"column":4},"end":{"line":31,"column":null}},"type":"if","locations":[{"start":{"line":29,"column":4},"end":{"line":31,"column":null}},{"start":{},"end":{}}],"line":29},"1":{"loc":{"start":{"line":29,"column":8},"end":{"line":29,"column":87}},"type":"binary-expr","locations":[{"start":{"line":29,"column":8},"end":{"line":29,"column":41}},{"start":{"line":29,"column":41},"end":{"line":29,"column":87}}],"line":29},"2":{"loc":{"start":{"line":49,"column":2},"end":{"line":49,"column":null}},"type":"if","locations":[{"start":{"line":49,"column":2},"end":{"line":49,"column":null}},{"start":{},"end":{}}],"line":49}},"s":{"0":3,"1":3,"2":24,"3":16,"4":24,"5":24,"6":24,"7":7,"8":24,"9":1,"10":1,"11":1,"12":0,"13":24,"14":0,"15":24,"16":3,"17":50,"18":50,"19":0,"20":50},"f":{"0":24,"1":16,"2":24,"3":7,"4":1,"5":0,"6":50},"b":{"0":[0,1],"1":[1,1],"2":[0,50]},"meta":{"lastBranch":3,"lastFunction":7,"lastStatement":21,"seen":{"s:14:6:14:Infinity":0,"s:16:28:45:Infinity":1,"f:16:28:16:29":0,"s:17:29:17:Infinity":2,"f:17:57:17:63":1,"s:17:57:17:Infinity":3,"s:19:2:21:Infinity":4,"f:19:12:19:Infinity":2,"s:20:4:20:Infinity":5,"s:23:16:23:Infinity":6,"f:23:16:23:17":3,"s:23:38:23:Infinity":7,"s:25:17:32:Infinity":8,"f:25:17:25:Infinity":4,"s:26:4:26:Infinity":9,"s:27:4:27:Infinity":10,"b:29:4:31:Infinity:undefined:undefined:undefined:undefined":0,"s:29:4:31:Infinity":11,"b:29:8:29:41:29:41:29:87":1,"s:30:6:30:Infinity":12,"s:34:24:36:Infinity":13,"f:34:24:34:25":5,"s:35:4:35:Infinity":14,"s:38:26:38:Infinity":15,"s:47:23:51:Infinity":16,"f:47:23:47:Infinity":6,"s:48:8:48:Infinity":17,"b:49:2:49:Infinity:undefined:undefined:undefined:undefined":2,"s:49:2:49:Infinity":18,"s:49:16:49:Infinity":19,"s:50:2:50:Infinity":20}}}
,"C:\\Users\\CETECOM\\Desktop\\hreact\\src\\context\\CarritoProvider.tsx": {"path":"C:\\Users\\CETECOM\\Desktop\\hreact\\src\\context\\CarritoProvider.tsx","statementMap":{"0":{"start":{"line":24,"column":6},"end":{"line":24,"column":null}},"1":{"start":{"line":26,"column":31},"end":{"line":153,"column":null}},"2":{"start":{"line":27,"column":29},"end":{"line":27,"column":null}},"3":{"start":{"line":27,"column":56},"end":{"line":27,"column":null}},"4":{"start":{"line":29,"column":2},"end":{"line":31,"column":null}},"5":{"start":{"line":30,"column":4},"end":{"line":30,"column":null}},"6":{"start":{"line":34,"column":8},"end":{"line":36,"column":null}},"7":{"start":{"line":35,"column":4},"end":{"line":35,"column":null}},"8":{"start":{"line":35,"column":41},"end":{"line":35,"column":75}},"9":{"start":{"line":38,"column":8},"end":{"line":40,"column":null}},"10":{"start":{"line":39,"column":4},"end":{"line":39,"column":null}},"11":{"start":{"line":39,"column":41},"end":{"line":39,"column":60}},"12":{"start":{"line":42,"column":21},"end":{"line":42,"column":36}},"13":{"start":{"line":45,"column":27},"end":{"line":63,"column":null}},"14":{"start":{"line":46,"column":4},"end":{"line":62,"column":null}},"15":{"start":{"line":47,"column":24},"end":{"line":47,"column":null}},"16":{"start":{"line":47,"column":42},"end":{"line":47,"column":69}},"17":{"start":{"line":48,"column":6},"end":{"line":61,"column":null}},"18":{"start":{"line":49,"column":8},"end":{"line":50,"column":null}},"19":{"start":{"line":50,"column":10},"end":{"line":50,"column":null}},"20":{"start":{"line":53,"column":27},"end":{"line":53,"column":109}},"21":{"start":{"line":54,"column":8},"end":{"line":60,"column":null}},"22":{"start":{"line":65,"column":22},"end":{"line":82,"column":null}},"23":{"start":{"line":66,"column":4},"end":{"line":81,"column":null}},"24":{"start":{"line":67,"column":24},"end":{"line":67,"column":null}},"25":{"start":{"line":67,"column":42},"end":{"line":67,"column":73}},"26":{"start":{"line":68,"column":6},"end":{"line":80,"column":null}},"27":{"start":{"line":69,"column":8},"end":{"line":70,"column":null}},"28":{"start":{"line":70,"column":10},"end":{"line":70,"column":null}},"29":{"start":{"line":73,"column":8},"end":{"line":79,"column":null}},"30":{"start":{"line":84,"column":30},"end":{"line":90,"column":null}},"31":{"start":{"line":85,"column":4},"end":{"line":87,"column":null}},"32":{"start":{"line":86,"column":6},"end":{"line":87,"column":null}},"33":{"start":{"line":87,"column":8},"end":{"line":87,"column":null}},"34":{"start":{"line":92,"column":28},"end":{"line":103,"column":null}},"35":{"start":{"line":93,"column":4},"end":{"line":102,"column":null}},"36":{"start":{"line":94,"column":28},"end":{"line":94,"column":null}},"37":{"start":{"line":94,"column":46},"end":{"line":94,"column":null}},"38":{"start":{"line":95,"column":6},"end":{"line":101,"column":null}},"39":{"start":{"line":96,"column":8},"end":{"line":97,"column":null}},"40":{"start":{"line":97,"column":10},"end":{"line":97,"column":null}},"41":{"start":{"line":100,"column":8},"end":{"line":100,"column":null}},"42":{"start":{"line":100,"column":35},"end":{"line":100,"column":null}},"43":{"start":{"line":105,"column":29},"end":{"line":107,"column":null}},"44":{"start":{"line":106,"column":4},"end":{"line":106,"column":null}},"45":{"start":{"line":106,"column":23},"end":{"line":106,"column":null}},"46":{"start":{"line":106,"column":43},"end":{"line":106,"column":null}},"47":{"start":{"line":109,"column":22},"end":{"line":111,"column":null}},"48":{"start":{"line":110,"column":4},"end":{"line":110,"column":null}},"49":{"start":{"line":110,"column":23},"end":{"line":110,"column":null}},"50":{"start":{"line":110,"column":43},"end":{"line":110,"column":null}},"51":{"start":{"line":113,"column":29},"end":{"line":123,"column":null}},"52":{"start":{"line":114,"column":4},"end":{"line":122,"column":null}},"53":{"start":{"line":115,"column":6},"end":{"line":115,"column":null}},"54":{"start":{"line":117,"column":6},"end":{"line":119,"column":null}},"55":{"start":{"line":118,"column":8},"end":{"line":119,"column":null}},"56":{"start":{"line":119,"column":10},"end":{"line":119,"column":null}},"57":{"start":{"line":125,"column":25},"end":{"line":127,"column":null}},"58":{"start":{"line":126,"column":4},"end":{"line":126,"column":null}},"59":{"start":{"line":129,"column":24},"end":{"line":129,"column":40}},"60":{"start":{"line":155,"column":26},"end":{"line":159,"column":null}},"61":{"start":{"line":156,"column":8},"end":{"line":156,"column":null}},"62":{"start":{"line":157,"column":2},"end":{"line":157,"column":null}},"63":{"start":{"line":157,"column":16},"end":{"line":157,"column":null}},"64":{"start":{"line":158,"column":2},"end":{"line":158,"column":null}}},"fnMap":{"0":{"name":"(anonymous_0)","decl":{"start":{"line":26,"column":31},"end":{"line":26,"column":32}},"loc":{"start":{"line":26,"column":69},"end":{"line":153,"column":null}},"line":26},"1":{"name":"(anonymous_1)","decl":{"start":{"line":27,"column":56},"end":{"line":27,"column":62}},"loc":{"start":{"line":27,"column":56},"end":{"line":27,"column":null}},"line":27},"2":{"name":"(anonymous_2)","decl":{"start":{"line":29,"column":12},"end":{"line":29,"column":null}},"loc":{"start":{"line":29,"column":12},"end":{"line":31,"column":5}},"line":29},"3":{"name":"(anonymous_3)","decl":{"start":{"line":34,"column":24},"end":{"line":34,"column":null}},"loc":{"start":{"line":34,"column":24},"end":{"line":36,"column":5}},"line":34},"4":{"name":"(anonymous_4)","decl":{"start":{"line":35,"column":26},"end":{"line":35,"column":27}},"loc":{"start":{"line":35,"column":41},"end":{"line":35,"column":75}},"line":35},"5":{"name":"(anonymous_5)","decl":{"start":{"line":38,"column":32},"end":{"line":38,"column":null}},"loc":{"start":{"line":38,"column":32},"end":{"line":40,"column":5}},"line":38},"6":{"name":"(anonymous_6)","decl":{"start":{"line":39,"column":26},"end":{"line":39,"column":27}},"loc":{"start":{"line":39,"column":41},"end":{"line":39,"column":60}},"line":39},"7":{"name":"(anonymous_7)","decl":{"start":{"line":45,"column":27},"end":{"line":45,"column":28}},"loc":{"start":{"line":45,"column":28},"end":{"line":63,"column":null}},"line":45},"8":{"name":"(anonymous_8)","decl":{"start":{"line":46,"column":15},"end":{"line":46,"column":null}},"loc":{"start":{"line":46,"column":15},"end":{"line":62,"column":null}},"line":46},"9":{"name":"(anonymous_9)","decl":{"start":{"line":47,"column":34},"end":{"line":47,"column":42}},"loc":{"start":{"line":47,"column":42},"end":{"line":47,"column":69}},"line":47},"10":{"name":"(anonymous_10)","decl":{"start":{"line":49,"column":24},"end":{"line":49,"column":null}},"loc":{"start":{"line":50,"column":10},"end":{"line":50,"column":null}},"line":50},"11":{"name":"(anonymous_11)","decl":{"start":{"line":65,"column":22},"end":{"line":65,"column":23}},"loc":{"start":{"line":65,"column":23},"end":{"line":82,"column":null}},"line":65},"12":{"name":"(anonymous_12)","decl":{"start":{"line":66,"column":15},"end":{"line":66,"column":null}},"loc":{"start":{"line":66,"column":15},"end":{"line":81,"column":null}},"line":66},"13":{"name":"(anonymous_13)","decl":{"start":{"line":67,"column":34},"end":{"line":67,"column":42}},"loc":{"start":{"line":67,"column":42},"end":{"line":67,"column":73}},"line":67},"14":{"name":"(anonymous_14)","decl":{"start":{"line":69,"column":24},"end":{"line":69,"column":null}},"loc":{"start":{"line":70,"column":10},"end":{"line":70,"column":null}},"line":70},"15":{"name":"(anonymous_15)","decl":{"start":{"line":84,"column":30},"end":{"line":84,"column":31}},"loc":{"start":{"line":84,"column":31},"end":{"line":90,"column":null}},"line":84},"16":{"name":"(anonymous_16)","decl":{"start":{"line":85,"column":15},"end":{"line":85,"column":null}},"loc":{"start":{"line":86,"column":6},"end":{"line":87,"column":null}},"line":86},"17":{"name":"(anonymous_17)","decl":{"start":{"line":86,"column":15},"end":{"line":86,"column":null}},"loc":{"start":{"line":87,"column":8},"end":{"line":87,"column":null}},"line":87},"18":{"name":"(anonymous_18)","decl":{"start":{"line":92,"column":28},"end":{"line":92,"column":29}},"loc":{"start":{"line":92,"column":29},"end":{"line":103,"column":null}},"line":92},"19":{"name":"(anonymous_19)","decl":{"start":{"line":93,"column":15},"end":{"line":93,"column":null}},"loc":{"start":{"line":93,"column":15},"end":{"line":102,"column":null}},"line":93},"20":{"name":"(anonymous_20)","decl":{"start":{"line":94,"column":38},"end":{"line":94,"column":46}},"loc":{"start":{"line":94,"column":46},"end":{"line":94,"column":null}},"line":94},"21":{"name":"(anonymous_21)","decl":{"start":{"line":96,"column":24},"end":{"line":96,"column":null}},"loc":{"start":{"line":97,"column":10},"end":{"line":97,"column":null}},"line":97},"22":{"name":"(anonymous_22)","decl":{"start":{"line":100,"column":27},"end":{"line":100,"column":35}},"loc":{"start":{"line":100,"column":35},"end":{"line":100,"column":null}},"line":100},"23":{"name":"(anonymous_23)","decl":{"start":{"line":105,"column":29},"end":{"line":105,"column":30}},"loc":{"start":{"line":105,"column":30},"end":{"line":107,"column":null}},"line":105},"24":{"name":"(anonymous_24)","decl":{"start":{"line":106,"column":15},"end":{"line":106,"column":23}},"loc":{"start":{"line":106,"column":23},"end":{"line":106,"column":null}},"line":106},"25":{"name":"(anonymous_25)","decl":{"start":{"line":106,"column":35},"end":{"line":106,"column":43}},"loc":{"start":{"line":106,"column":43},"end":{"line":106,"column":null}},"line":106},"26":{"name":"(anonymous_26)","decl":{"start":{"line":109,"column":22},"end":{"line":109,"column":23}},"loc":{"start":{"line":109,"column":23},"end":{"line":111,"column":null}},"line":109},"27":{"name":"(anonymous_27)","decl":{"start":{"line":110,"column":15},"end":{"line":110,"column":23}},"loc":{"start":{"line":110,"column":23},"end":{"line":110,"column":null}},"line":110},"28":{"name":"(anonymous_28)","decl":{"start":{"line":110,"column":35},"end":{"line":110,"column":43}},"loc":{"start":{"line":110,"column":43},"end":{"line":110,"column":null}},"line":110},"29":{"name":"(anonymous_29)","decl":{"start":{"line":113,"column":29},"end":{"line":113,"column":30}},"loc":{"start":{"line":113,"column":42},"end":{"line":123,"column":null}},"line":113},"30":{"name":"(anonymous_30)","decl":{"start":{"line":117,"column":17},"end":{"line":117,"column":null}},"loc":{"start":{"line":118,"column":8},"end":{"line":119,"column":null}},"line":118},"31":{"name":"(anonymous_31)","decl":{"start":{"line":118,"column":17},"end":{"line":118,"column":null}},"loc":{"start":{"line":119,"column":10},"end":{"line":119,"column":null}},"line":119},"32":{"name":"(anonymous_32)","decl":{"start":{"line":125,"column":25},"end":{"line":125,"column":null}},"loc":{"start":{"line":125,"column":25},"end":{"line":127,"column":null}},"line":125},"33":{"name":"(anonymous_33)","decl":{"start":{"line":155,"column":26},"end":{"line":155,"column":null}},"loc":{"start":{"line":155,"column":26},"end":{"line":159,"column":null}},"line":155}},"branchMap":{"0":{"loc":{"start":{"line":48,"column":6},"end":{"line":61,"column":null}},"type":"if","locations":[{"start":{"line":48,"column":6},"end":{"line":61,"column":null}},{"start":{"line":52,"column":13},"end":{"line":61,"column":null}}],"line":48},"1":{"loc":{"start":{"line":50,"column":10},"end":{"line":50,"column":null}},"type":"cond-expr","locations":[{"start":{"line":50,"column":40},"end":{"line":50,"column":83}},{"start":{"line":50,"column":83},"end":{"line":50,"column":null}}],"line":50},"2":{"loc":{"start":{"line":53,"column":27},"end":{"line":53,"column":109}},"type":"cond-expr","locations":[{"start":{"line":53,"column":63},"end":{"line":53,"column":94}},{"start":{"line":53,"column":94},"end":{"line":53,"column":109}}],"line":53},"3":{"loc":{"start":{"line":68,"column":6},"end":{"line":80,"column":null}},"type":"if","locations":[{"start":{"line":68,"column":6},"end":{"line":80,"column":null}},{"start":{"line":72,"column":13},"end":{"line":80,"column":null}}],"line":68},"4":{"loc":{"start":{"line":70,"column":10},"end":{"line":70,"column":null}},"type":"cond-expr","locations":[{"start":{"line":70,"column":44},"end":{"line":70,"column":87}},{"start":{"line":70,"column":87},"end":{"line":70,"column":null}}],"line":70},"5":{"loc":{"start":{"line":87,"column":8},"end":{"line":87,"column":null}},"type":"cond-expr","locations":[{"start":{"line":87,"column":25},"end":{"line":87,"column":68}},{"start":{"line":87,"column":68},"end":{"line":87,"column":null}}],"line":87},"6":{"loc":{"start":{"line":95,"column":6},"end":{"line":101,"column":null}},"type":"if","locations":[{"start":{"line":95,"column":6},"end":{"line":101,"column":null}},{"start":{"line":99,"column":13},"end":{"line":101,"column":null}}],"line":95},"7":{"loc":{"start":{"line":95,"column":10},"end":{"line":95,"column":55}},"type":"binary-expr","locations":[{"start":{"line":95,"column":10},"end":{"line":95,"column":27}},{"start":{"line":95,"column":27},"end":{"line":95,"column":55}}],"line":95},"8":{"loc":{"start":{"line":97,"column":10},"end":{"line":97,"column":null}},"type":"cond-expr","locations":[{"start":{"line":97,"column":27},"end":{"line":97,"column":70}},{"start":{"line":97,"column":70},"end":{"line":97,"column":null}}],"line":97},"9":{"loc":{"start":{"line":114,"column":4},"end":{"line":122,"column":null}},"type":"if","locations":[{"start":{"line":114,"column":4},"end":{"line":122,"column":null}},{"start":{"line":116,"column":11},"end":{"line":122,"column":null}}],"line":114},"10":{"loc":{"start":{"line":119,"column":10},"end":{"line":119,"column":null}},"type":"cond-expr","locations":[{"start":{"line":119,"column":35},"end":{"line":119,"column":59}},{"start":{"line":119,"column":59},"end":{"line":119,"column":null}}],"line":119},"11":{"loc":{"start":{"line":157,"column":2},"end":{"line":157,"column":null}},"type":"if","locations":[{"start":{"line":157,"column":2},"end":{"line":157,"column":null}},{"start":{},"end":{}}],"line":157}},"s":{"0":1,"1":1,"2":22,"3":10,"4":22,"5":22,"6":22,"7":22,"8":10,"9":22,"10":22,"11":10,"12":22,"13":22,"14":0,"15":0,"16":0,"17":0,"18":0,"19":0,"20":0,"21":0,"22":22,"23":9,"24":9,"25":2,"26":9,"27":2,"28":2,"29":7,"30":22,"31":0,"32":0,"33":0,"34":22,"35":0,"36":0,"37":0,"38":0,"39":0,"40":0,"41":0,"42":0,"43":22,"44":0,"45":0,"46":0,"47":22,"48":2,"49":2,"50":2,"51":22,"52":2,"53":1,"54":1,"55":1,"56":1,"57":22,"58":1,"59":22,"60":1,"61":22,"62":22,"63":0,"64":22},"f":{"0":22,"1":10,"2":22,"3":22,"4":10,"5":22,"6":10,"7":0,"8":0,"9":0,"10":0,"11":9,"12":9,"13":2,"14":2,"15":0,"16":0,"17":0,"18":0,"19":0,"20":0,"21":0,"22":0,"23":0,"24":0,"25":0,"26":2,"27":2,"28":2,"29":2,"30":1,"31":1,"32":1,"33":22},"b":{"0":[0,0],"1":[0,0],"2":[0,0],"3":[2,7],"4":[2,0],"5":[0,0],"6":[0,0],"7":[0,0],"8":[0,0],"9":[1,1],"10":[1,0],"11":[0,22]},"meta":{"lastBranch":12,"lastFunction":34,"lastStatement":65,"seen":{"s:24:6:24:Infinity":0,"s:26:31:153:Infinity":1,"f:26:31:26:32":0,"s:27:29:27:Infinity":2,"f:27:56:27:62":1,"s:27:56:27:Infinity":3,"s:29:2:31:Infinity":4,"f:29:12:29:Infinity":2,"s:30:4:30:Infinity":5,"s:34:8:36:Infinity":6,"f:34:24:34:Infinity":3,"s:35:4:35:Infinity":7,"f:35:26:35:27":4,"s:35:41:35:75":8,"s:38:8:40:Infinity":9,"f:38:32:38:Infinity":5,"s:39:4:39:Infinity":10,"f:39:26:39:27":6,"s:39:41:39:60":11,"s:42:21:42:36":12,"s:45:27:63:Infinity":13,"f:45:27:45:28":7,"s:46:4:62:Infinity":14,"f:46:15:46:Infinity":8,"s:47:24:47:Infinity":15,"f:47:34:47:42":9,"s:47:42:47:69":16,"b:48:6:61:Infinity:52:13:61:Infinity":0,"s:48:6:61:Infinity":17,"s:49:8:50:Infinity":18,"f:49:24:49:Infinity":10,"s:50:10:50:Infinity":19,"b:50:40:50:83:50:83:50:Infinity":1,"s:53:27:53:109":20,"b:53:63:53:94:53:94:53:109":2,"s:54:8:60:Infinity":21,"s:65:22:82:Infinity":22,"f:65:22:65:23":11,"s:66:4:81:Infinity":23,"f:66:15:66:Infinity":12,"s:67:24:67:Infinity":24,"f:67:34:67:42":13,"s:67:42:67:73":25,"b:68:6:80:Infinity:72:13:80:Infinity":3,"s:68:6:80:Infinity":26,"s:69:8:70:Infinity":27,"f:69:24:69:Infinity":14,"s:70:10:70:Infinity":28,"b:70:44:70:87:70:87:70:Infinity":4,"s:73:8:79:Infinity":29,"s:84:30:90:Infinity":30,"f:84:30:84:31":15,"s:85:4:87:Infinity":31,"f:85:15:85:Infinity":16,"s:86:6:87:Infinity":32,"f:86:15:86:Infinity":17,"s:87:8:87:Infinity":33,"b:87:25:87:68:87:68:87:Infinity":5,"s:92:28:103:Infinity":34,"f:92:28:92:29":18,"s:93:4:102:Infinity":35,"f:93:15:93:Infinity":19,"s:94:28:94:Infinity":36,"f:94:38:94:46":20,"s:94:46:94:Infinity":37,"b:95:6:101:Infinity:99:13:101:Infinity":6,"s:95:6:101:Infinity":38,"b:95:10:95:27:95:27:95:55":7,"s:96:8:97:Infinity":39,"f:96:24:96:Infinity":21,"s:97:10:97:Infinity":40,"b:97:27:97:70:97:70:97:Infinity":8,"s:100:8:100:Infinity":41,"f:100:27:100:35":22,"s:100:35:100:Infinity":42,"s:105:29:107:Infinity":43,"f:105:29:105:30":23,"s:106:4:106:Infinity":44,"f:106:15:106:23":24,"s:106:23:106:Infinity":45,"f:106:35:106:43":25,"s:106:43:106:Infinity":46,"s:109:22:111:Infinity":47,"f:109:22:109:23":26,"s:110:4:110:Infinity":48,"f:110:15:110:23":27,"s:110:23:110:Infinity":49,"f:110:35:110:43":28,"s:110:43:110:Infinity":50,"s:113:29:123:Infinity":51,"f:113:29:113:30":29,"b:114:4:122:Infinity:116:11:122:Infinity":9,"s:114:4:122:Infinity":52,"s:115:6:115:Infinity":53,"s:117:6:119:Infinity":54,"f:117:17:117:Infinity":30,"s:118:8:119:Infinity":55,"f:118:17:118:Infinity":31,"s:119:10:119:Infinity":56,"b:119:35:119:59:119:59:119:Infinity":10,"s:125:25:127:Infinity":57,"f:125:25:125:Infinity":32,"s:126:4:126:Infinity":58,"s:129:24:129:40":59,"s:155:26:159:Infinity":60,"f:155:26:155:Infinity":33,"s:156:8:156:Infinity":61,"b:157:2:157:Infinity:undefined:undefined:undefined:undefined":11,"s:157:2:157:Infinity":62,"s:157:16:157:Infinity":63,"s:158:2:158:Infinity":64}}}
,"C:\\Users\\CETECOM\\Desktop\\hreact\\src\\interfaces\\rolUsuario.ts": {"path":"C:\\Users\\CETECOM\\Desktop\\hreact\\src\\interfaces\\rolUsuario.ts","statementMap":{"0":{"start":{"line":1,"column":12},"end":{"line":1,"column":null}}},"fnMap":{},"branchMap":{},"s":{"0":4},"f":{},"b":{},"meta":{"lastBranch":0,"lastFunction":0,"lastStatement":1,"seen":{"s:1:12:1:Infinity":0}}}
,"C:\\Users\\CETECOM\\Desktop\\hreact\\src\\pages\\Contacto.tsx": {"path":"C:\\Users\\CETECOM\\Desktop\\hreact\\src\\pages\\Contacto.tsx","statementMap":{"0":{"start":{"line":3,"column":17},"end":{"line":35,"column":null}}},"fnMap":{"0":{"name":"(anonymous_0)","decl":{"start":{"line":3,"column":17},"end":{"line":3,"column":null}},"loc":{"start":{"line":3,"column":17},"end":{"line":35,"column":null}},"line":3}},"branchMap":{},"s":{"0":1},"f":{"0":1},"b":{},"meta":{"lastBranch":0,"lastFunction":1,"lastStatement":1,"seen":{"s:3:17:35:Infinity":0,"f:3:17:3:Infinity":0}}}
,"C:\\Users\\CETECOM\\Desktop\\hreact\\src\\utils\\api.ts": {"path":"C:\\Users\\CETECOM\\Desktop\\hreact\\src\\utils\\api.ts","statementMap":{"0":{"start":{"line":3,"column":17},"end":{"line":3,"column":null}},"1":{"start":{"line":5,"column":29},"end":{"line":15,"column":null}},"2":{"start":{"line":6,"column":2},"end":{"line":14,"column":null}},"3":{"start":{"line":7,"column":21},"end":{"line":7,"column":null}},"4":{"start":{"line":8,"column":4},"end":{"line":8,"column":null}},"5":{"start":{"line":8,"column":22},"end":{"line":8,"column":null}},"6":{"start":{"line":9,"column":17},"end":{"line":9,"column":null}},"7":{"start":{"line":10,"column":4},"end":{"line":10,"column":null}},"8":{"start":{"line":12,"column":4},"end":{"line":12,"column":null}},"9":{"start":{"line":13,"column":4},"end":{"line":13,"column":null}},"10":{"start":{"line":16,"column":27},"end":{"line":26,"column":null}},"11":{"start":{"line":17,"column":2},"end":{"line":25,"column":null}},"12":{"start":{"line":18,"column":21},"end":{"line":18,"column":null}},"13":{"start":{"line":19,"column":4},"end":{"line":19,"column":null}},"14":{"start":{"line":19,"column":22},"end":{"line":19,"column":null}},"15":{"start":{"line":20,"column":17},"end":{"line":20,"column":null}},"16":{"start":{"line":21,"column":4},"end":{"line":21,"column":null}},"17":{"start":{"line":23,"column":4},"end":{"line":23,"column":null}},"18":{"start":{"line":24,"column":4},"end":{"line":24,"column":null}},"19":{"start":{"line":28,"column":30},"end":{"line":38,"column":null}},"20":{"start":{"line":29,"column":2},"end":{"line":37,"column":null}},"21":{"start":{"line":30,"column":21},"end":{"line":30,"column":null}},"22":{"start":{"line":31,"column":4},"end":{"line":31,"column":null}},"23":{"start":{"line":31,"column":22},"end":{"line":31,"column":null}},"24":{"start":{"line":32,"column":17},"end":{"line":32,"column":null}},"25":{"start":{"line":33,"column":4},"end":{"line":33,"column":null}},"26":{"start":{"line":35,"column":4},"end":{"line":35,"column":null}},"27":{"start":{"line":36,"column":4},"end":{"line":36,"column":null}}},"fnMap":{"0":{"name":"(anonymous_0)","decl":{"start":{"line":5,"column":29},"end":{"line":5,"column":null}},"loc":{"start":{"line":5,"column":29},"end":{"line":15,"column":null}},"line":5},"1":{"name":"(anonymous_1)","decl":{"start":{"line":16,"column":27},"end":{"line":16,"column":null}},"loc":{"start":{"line":16,"column":27},"end":{"line":26,"column":null}},"line":16},"2":{"name":"(anonymous_2)","decl":{"start":{"line":28,"column":30},"end":{"line":28,"column":null}},"loc":{"start":{"line":28,"column":30},"end":{"line":38,"column":null}},"line":28}},"branchMap":{"0":{"loc":{"start":{"line":8,"column":4},"end":{"line":8,"column":null}},"type":"if","locations":[{"start":{"line":8,"column":4},"end":{"line":8,"column":null}},{"start":{},"end":{}}],"line":8},"1":{"loc":{"start":{"line":19,"column":4},"end":{"line":19,"column":null}},"type":"if","locations":[{"start":{"line":19,"column":4},"end":{"line":19,"column":null}},{"start":{},"end":{}}],"line":19},"2":{"loc":{"start":{"line":31,"column":4},"end":{"line":31,"column":null}},"type":"if","locations":[{"start":{"line":31,"column":4},"end":{"line":31,"column":null}},{"start":{},"end":{}}],"line":31}},"s":{"0":1,"1":1,"2":3,"3":3,"4":2,"5":2,"6":1,"7":1,"8":2,"9":2,"10":1,"11":2,"12":2,"13":1,"14":1,"15":1,"16":1,"17":1,"18":1,"19":1,"20":2,"21":2,"22":1,"23":1,"24":1,"25":1,"26":1,"27":1},"f":{"0":3,"1":2,"2":2},"b":{"0":[1,1],"1":[0,1],"2":[0,1]},"meta":{"lastBranch":3,"lastFunction":3,"lastStatement":28,"seen":{"s:3:17:3:Infinity":0,"s:5:29:15:Infinity":1,"f:5:29:5:Infinity":0,"s:6:2:14:Infinity":2,"s:7:21:7:Infinity":3,"b:8:4:8:Infinity:undefined:undefined:undefined:undefined":0,"s:8:4:8:Infinity":4,"s:8:22:8:Infinity":5,"s:9:17:9:Infinity":6,"s:10:4:10:Infinity":7,"s:12:4:12:Infinity":8,"s:13:4:13:Infinity":9,"s:16:27:26:Infinity":10,"f:16:27:16:Infinity":1,"s:17:2:25:Infinity":11,"s:18:21:18:Infinity":12,"b:19:4:19:Infinity:undefined:undefined:undefined:undefined":1,"s:19:4:19:Infinity":13,"s:19:22:19:Infinity":14,"s:20:17:20:Infinity":15,"s:21:4:21:Infinity":16,"s:23:4:23:Infinity":17,"s:24:4:24:Infinity":18,"s:28:30:38:Infinity":19,"f:28:30:28:Infinity":2,"s:29:2:37:Infinity":20,"s:30:21:30:Infinity":21,"b:31:4:31:Infinity:undefined:undefined:undefined:undefined":2,"s:31:4:31:Infinity":22,"s:31:22:31:Infinity":23,"s:32:17:32:Infinity":24,"s:33:4:33:Infinity":25,"s:35:4:35:Infinity":26,"s:36:4:36:Infinity":27}}}
,"C:\\Users\\CETECOM\\Desktop\\hreact\\src\\utils\\checkrut.ts": {"path":"C:\\Users\\CETECOM\\Desktop\\hreact\\src\\utils\\checkrut.ts","statementMap":{"0":{"start":{"line":2,"column":14},"end":{"line":2,"column":55}},"1":{"start":{"line":4,"column":2},"end":{"line":6,"column":null}},"2":{"start":{"line":5,"column":4},"end":{"line":5,"column":null}},"3":{"start":{"line":8,"column":17},"end":{"line":8,"column":null}},"4":{"start":{"line":9,"column":11},"end":{"line":9,"column":null}},"5":{"start":{"line":11,"column":2},"end":{"line":13,"column":null}},"6":{"start":{"line":12,"column":4},"end":{"line":12,"column":null}},"7":{"start":{"line":15,"column":13},"end":{"line":15,"column":null}},"8":{"start":{"line":16,"column":17},"end":{"line":16,"column":null}},"9":{"start":{"line":18,"column":2},"end":{"line":26,"column":null}},"10":{"start":{"line":18,"column":15},"end":{"line":18,"column":18}},"11":{"start":{"line":19,"column":18},"end":{"line":19,"column":null}},"12":{"start":{"line":20,"column":4},"end":{"line":20,"column":null}},"13":{"start":{"line":21,"column":4},"end":{"line":25,"column":null}},"14":{"start":{"line":22,"column":6},"end":{"line":22,"column":null}},"15":{"start":{"line":24,"column":6},"end":{"line":24,"column":null}},"16":{"start":{"line":28,"column":22},"end":{"line":28,"column":null}},"17":{"start":{"line":31,"column":2},"end":{"line":37,"column":null}},"18":{"start":{"line":32,"column":4},"end":{"line":32,"column":null}},"19":{"start":{"line":33,"column":9},"end":{"line":37,"column":null}},"20":{"start":{"line":34,"column":4},"end":{"line":34,"column":null}},"21":{"start":{"line":36,"column":4},"end":{"line":36,"column":null}},"22":{"start":{"line":39,"column":2},"end":{"line":41,"column":null}},"23":{"start":{"line":40,"column":4},"end":{"line":40,"column":null}},"24":{"start":{"line":43,"column":2},"end":{"line":43,"column":null}}},"fnMap":{"0":{"name":"checkRut","decl":{"start":{"line":1,"column":16},"end":{"line":1,"column":25}},"loc":{"start":{"line":1,"column":36},"end":{"line":44,"column":null}},"line":1}},"branchMap":{"0":{"loc":{"start":{"line":4,"column":2},"end":{"line":6,"column":null}},"type":"if","locations":[{"start":{"line":4,"column":2},"end":{"line":6,"column":null}},{"start":{},"end":{}}],"line":4},"1":{"loc":{"start":{"line":11,"column":2},"end":{"line":13,"column":null}},"type":"if","locations":[{"start":{"line":11,"column":2},"end":{"line":13,"column":null}},{"start":{},"end":{}}],"line":11},"2":{"loc":{"start":{"line":21,"column":4},"end":{"line":25,"column":null}},"type":"if","locations":[{"start":{"line":21,"column":4},"end":{"line":25,"column":null}},{"start":{"line":23,"column":11},"end":{"line":25,"column":null}}],"line":21},"3":{"loc":{"start":{"line":31,"column":2},"end":{"line":37,"column":null}},"type":"if","locations":[{"start":{"line":31,"column":2},"end":{"line":37,"column":null}},{"start":{"line":33,"column":9},"end":{"line":37,"column":null}}],"line":31},"4":{"loc":{"start":{"line":33,"column":9},"end":{"line":37,"column":null}},"type":"if","locations":[{"start":{"line":33,"column":9},"end":{"line":37,"column":null}},{"start":{"line":35,"column":9},"end":{"line":37,"column":null}}],"line":33},"5":{"loc":{"start":{"line":39,"column":2},"end":{"line":41,"column":null}},"type":"if","locations":[{"start":{"line":39,"column":2},"end":{"line":41,"column":null}},{"start":{},"end":{}}],"line":39}},"s":{"0":133,"1":133,"2":3,"3":130,"4":130,"5":130,"6":15,"7":115,"8":115,"9":115,"10":115,"11":916,"12":916,"13":916,"14":801,"15":115,"16":115,"17":115,"18":0,"19":115,"20":0,"21":115,"22":115,"23":6,"24":109},"f":{"0":133},"b":{"0":[3,130],"1":[15,115],"2":[801,115],"3":[0,115],"4":[0,115],"5":[6,109]},"meta":{"lastBranch":6,"lastFunction":1,"lastStatement":25,"seen":{"f:1:16:1:25":0,"s:2:14:2:55":0,"b:4:2:6:Infinity:undefined:undefined:undefined:undefined":0,"s:4:2:6:Infinity":1,"s:5:4:5:Infinity":2,"s:8:17:8:Infinity":3,"s:9:11:9:Infinity":4,"b:11:2:13:Infinity:undefined:undefined:undefined:undefined":1,"s:11:2:13:Infinity":5,"s:12:4:12:Infinity":6,"s:15:13:15:Infinity":7,"s:16:17:16:Infinity":8,"s:18:2:26:Infinity":9,"s:18:15:18:18":10,"s:19:18:19:Infinity":11,"s:20:4:20:Infinity":12,"b:21:4:25:Infinity:23:11:25:Infinity":2,"s:21:4:25:Infinity":13,"s:22:6:22:Infinity":14,"s:24:6:24:Infinity":15,"s:28:22:28:Infinity":16,"b:31:2:37:Infinity:33:9:37:Infinity":3,"s:31:2:37:Infinity":17,"s:32:4:32:Infinity":18,"b:33:9:37:Infinity:35:9:37:Infinity":4,"s:33:9:37:Infinity":19,"s:34:4:34:Infinity":20,"s:36:4:36:Infinity":21,"b:39:2:41:Infinity:undefined:undefined:undefined:undefined":5,"s:39:2:41:Infinity":22,"s:40:4:40:Infinity":23,"s:43:2:43:Infinity":24}}}
,"C:\\Users\\CETECOM\\Desktop\\hreact\\src\\utils\\deleteConfirmation.ts": {"path":"C:\\Users\\CETECOM\\Desktop\\hreact\\src\\utils\\deleteConfirmation.ts","statementMap":{"0":{"start":{"line":3,"column":29},"end":{"line":25,"column":null}},"1":{"start":{"line":4,"column":17},"end":{"line":13,"column":null}},"2":{"start":{"line":15,"column":2},"end":{"line":23,"column":null}},"3":{"start":{"line":16,"column":4},"end":{"line":21,"column":null}},"4":{"start":{"line":22,"column":4},"end":{"line":22,"column":null}},"5":{"start":{"line":24,"column":2},"end":{"line":24,"column":null}},"6":{"start":{"line":27,"column":38},"end":{"line":44,"column":null}},"7":{"start":{"line":28,"column":2},"end":{"line":43,"column":null}},"8":{"start":{"line":29,"column":19},"end":{"line":38,"column":null}},"9":{"start":{"line":40,"column":4},"end":{"line":40,"column":null}},"10":{"start":{"line":42,"column":4},"end":{"line":42,"column":null}}},"fnMap":{"0":{"name":"(anonymous_0)","decl":{"start":{"line":3,"column":29},"end":{"line":3,"column":36}},"loc":{"start":{"line":3,"column":65},"end":{"line":25,"column":null}},"line":3},"1":{"name":"(anonymous_1)","decl":{"start":{"line":27,"column":38},"end":{"line":27,"column":45}},"loc":{"start":{"line":27,"column":59},"end":{"line":44,"column":null}},"line":27}},"branchMap":{"0":{"loc":{"start":{"line":3,"column":36},"end":{"line":3,"column":65}},"type":"default-arg","locations":[{"start":{"line":3,"column":55},"end":{"line":3,"column":65}}],"line":3},"1":{"loc":{"start":{"line":15,"column":2},"end":{"line":23,"column":null}},"type":"if","locations":[{"start":{"line":15,"column":2},"end":{"line":23,"column":null}},{"start":{},"end":{}}],"line":15}},"s":{"0":1,"1":0,"2":0,"3":0,"4":0,"5":0,"6":1,"7":4,"8":4,"9":3,"10":1},"f":{"0":0,"1":4},"b":{"0":[0],"1":[0,0]},"meta":{"lastBranch":2,"lastFunction":2,"lastStatement":11,"seen":{"s:3:29:25:Infinity":0,"f:3:29:3:36":0,"b:3:55:3:65":0,"s:4:17:13:Infinity":1,"b:15:2:23:Infinity:undefined:undefined:undefined:undefined":1,"s:15:2:23:Infinity":2,"s:16:4:21:Infinity":3,"s:22:4:22:Infinity":4,"s:24:2:24:Infinity":5,"s:27:38:44:Infinity":6,"f:27:38:27:45":1,"s:28:2:43:Infinity":7,"s:29:19:38:Infinity":8,"s:40:4:40:Infinity":9,"s:42:4:42:Infinity":10}}}
,"C:\\Users\\CETECOM\\Desktop\\hreact\\src\\utils\\formatRut.ts": {"path":"C:\\Users\\CETECOM\\Desktop\\hreact\\src\\utils\\formatRut.ts","statementMap":{"0":{"start":{"line":1,"column":31},"end":{"line":20,"column":null}},"1":{"start":{"line":3,"column":21},"end":{"line":3,"column":null}},"2":{"start":{"line":5,"column":2},"end":{"line":7,"column":null}},"3":{"start":{"line":6,"column":4},"end":{"line":6,"column":null}},"4":{"start":{"line":9,"column":2},"end":{"line":11,"column":null}},"5":{"start":{"line":10,"column":4},"end":{"line":10,"column":null}},"6":{"start":{"line":13,"column":13},"end":{"line":13,"column":null}},"7":{"start":{"line":14,"column":13},"end":{"line":14,"column":null}},"8":{"start":{"line":17,"column":2},"end":{"line":17,"column":null}},"9":{"start":{"line":19,"column":2},"end":{"line":19,"column":null}},"10":{"start":{"line":22,"column":25},"end":{"line":46,"column":null}},"11":{"start":{"line":24,"column":2},"end":{"line":26,"column":null}},"12":{"start":{"line":25,"column":4},"end":{"line":25,"column":null}},"13":{"start":{"line":29,"column":21},"end":{"line":29,"column":null}},"14":{"start":{"line":31,"column":2},"end":{"line":33,"column":null}},"15":{"start":{"line":32,"column":4},"end":{"line":32,"column":null}},"16":{"start":{"line":35,"column":2},"end":{"line":37,"column":null}},"17":{"start":{"line":36,"column":4},"end":{"line":36,"column":null}},"18":{"start":{"line":39,"column":13},"end":{"line":39,"column":null}},"19":{"start":{"line":40,"column":11},"end":{"line":40,"column":null}},"20":{"start":{"line":43,"column":2},"end":{"line":43,"column":null}},"21":{"start":{"line":45,"column":2},"end":{"line":45,"column":null}}},"fnMap":{"0":{"name":"(anonymous_0)","decl":{"start":{"line":1,"column":31},"end":{"line":1,"column":32}},"loc":{"start":{"line":1,"column":32},"end":{"line":20,"column":null}},"line":1},"1":{"name":"(anonymous_1)","decl":{"start":{"line":22,"column":25},"end":{"line":22,"column":26}},"loc":{"start":{"line":22,"column":26},"end":{"line":46,"column":null}},"line":22}},"branchMap":{"0":{"loc":{"start":{"line":5,"column":2},"end":{"line":7,"column":null}},"type":"if","locations":[{"start":{"line":5,"column":2},"end":{"line":7,"column":null}},{"start":{},"end":{}}],"line":5},"1":{"loc":{"start":{"line":9,"column":2},"end":{"line":11,"column":null}},"type":"if","locations":[{"start":{"line":9,"column":2},"end":{"line":11,"column":null}},{"start":{},"end":{}}],"line":9},"2":{"loc":{"start":{"line":24,"column":2},"end":{"line":26,"column":null}},"type":"if","locations":[{"start":{"line":24,"column":2},"end":{"line":26,"column":null}},{"start":{},"end":{}}],"line":24},"3":{"loc":{"start":{"line":24,"column":6},"end":{"line":24,"column":51}},"type":"binary-expr","locations":[{"start":{"line":24,"column":6},"end":{"line":24,"column":29}},{"start":{"line":24,"column":29},"end":{"line":24,"column":51}}],"line":24},"4":{"loc":{"start":{"line":31,"column":2},"end":{"line":33,"column":null}},"type":"if","locations":[{"start":{"line":31,"column":2},"end":{"line":33,"column":null}},{"start":{},"end":{}}],"line":31},"5":{"loc":{"start":{"line":35,"column":2},"end":{"line":37,"column":null}},"type":"if","locations":[{"start":{"line":35,"column":2},"end":{"line":37,"column":null}},{"start":{},"end":{}}],"line":35}},"s":{"0":2,"1":20,"2":20,"3":0,"4":20,"5":2,"6":18,"7":18,"8":18,"9":18,"10":2,"11":9,"12":1,"13":8,"14":8,"15":1,"16":7,"17":0,"18":7,"19":7,"20":7,"21":7},"f":{"0":20,"1":9},"b":{"0":[0,20],"1":[2,18],"2":[1,8],"3":[9,1],"4":[1,7],"5":[0,7]},"meta":{"lastBranch":6,"lastFunction":2,"lastStatement":22,"seen":{"s:1:31:20:Infinity":0,"f:1:31:1:32":0,"s:3:21:3:Infinity":1,"b:5:2:7:Infinity:undefined:undefined:undefined:undefined":0,"s:5:2:7:Infinity":2,"s:6:4:6:Infinity":3,"b:9:2:11:Infinity:undefined:undefined:undefined:undefined":1,"s:9:2:11:Infinity":4,"s:10:4:10:Infinity":5,"s:13:13:13:Infinity":6,"s:14:13:14:Infinity":7,"s:17:2:17:Infinity":8,"s:19:2:19:Infinity":9,"s:22:25:46:Infinity":10,"f:22:25:22:26":1,"b:24:2:26:Infinity:undefined:undefined:undefined:undefined":2,"s:24:2:26:Infinity":11,"b:24:6:24:29:24:29:24:51":3,"s:25:4:25:Infinity":12,"s:29:21:29:Infinity":13,"b:31:2:33:Infinity:undefined:undefined:undefined:undefined":4,"s:31:2:33:Infinity":14,"s:32:4:32:Infinity":15,"b:35:2:37:Infinity:undefined:undefined:undefined:undefined":5,"s:35:2:37:Infinity":16,"s:36:4:36:Infinity":17,"s:39:13:39:Infinity":18,"s:40:11:40:Infinity":19,"s:43:2:43:Infinity":20,"s:45:2:45:Infinity":21}}}
,"C:\\Users\\CETECOM\\Desktop\\hreact\\src\\utils\\regiones.ts": {"path":"C:\\Users\\CETECOM\\Desktop\\hreact\\src\\utils\\regiones.ts","statementMap":{"0":{"start":{"line":1,"column":31},"end":{"line":20,"column":null}},"1":{"start":{"line":23,"column":24},"end":{"line":23,"column":null}},"2":{"start":{"line":23,"column":58},"end":{"line":23,"column":161}},"3":{"start":{"line":28,"column":2},"end":{"line":31,"column":null}},"4":{"start":{"line":29,"column":29},"end":{"line":29,"column":null}},"5":{"start":{"line":29,"column":64},"end":{"line":29,"column":null}},"6":{"start":{"line":30,"column":4},"end":{"line":30,"column":null}},"7":{"start":{"line":34,"column":27},"end":{"line":34,"column":null}},"8":{"start":{"line":36,"column":27},"end":{"line":36,"column":null}},"9":{"start":{"line":36,"column":62},"end":{"line":36,"column":null}},"10":{"start":{"line":37,"column":2},"end":{"line":37,"column":null}}},"fnMap":{"0":{"name":"(anonymous_0)","decl":{"start":{"line":23,"column":53},"end":{"line":23,"column":58}},"loc":{"start":{"line":23,"column":58},"end":{"line":23,"column":161}},"line":23},"1":{"name":"obtenerComunasPorRegion","decl":{"start":{"line":26,"column":16},"end":{"line":26,"column":40}},"loc":{"start":{"line":26,"column":60},"end":{"line":38,"column":null}},"line":26},"2":{"name":"(anonymous_2)","decl":{"start":{"line":29,"column":59},"end":{"line":29,"column":64}},"loc":{"start":{"line":29,"column":64},"end":{"line":29,"column":null}},"line":29},"3":{"name":"(anonymous_3)","decl":{"start":{"line":36,"column":57},"end":{"line":36,"column":62}},"loc":{"start":{"line":36,"column":62},"end":{"line":36,"column":null}},"line":36}},"branchMap":{"0":{"loc":{"start":{"line":23,"column":58},"end":{"line":23,"column":161}},"type":"cond-expr","locations":[{"start":{"line":23,"column":101},"end":{"line":23,"column":138}},{"start":{"line":23,"column":138},"end":{"line":23,"column":161}}],"line":23},"1":{"loc":{"start":{"line":28,"column":2},"end":{"line":31,"column":null}},"type":"if","locations":[{"start":{"line":28,"column":2},"end":{"line":31,"column":null}},{"start":{},"end":{}}],"line":28},"2":{"loc":{"start":{"line":30,"column":11},"end":{"line":30,"column":59}},"type":"cond-expr","locations":[{"start":{"line":30,"column":30},"end":{"line":30,"column":54}},{"start":{"line":30,"column":57},"end":{"line":30,"column":59}}],"line":30},"3":{"loc":{"start":{"line":37,"column":9},"end":{"line":37,"column":57}},"type":"cond-expr","locations":[{"start":{"line":37,"column":28},"end":{"line":37,"column":52}},{"start":{"line":37,"column":55},"end":{"line":37,"column":57}}],"line":37}},"s":{"0":2,"1":2,"2":32,"3":5,"4":1,"5":7,"6":1,"7":4,"8":4,"9":54,"10":4},"f":{"0":32,"1":5,"2":7,"3":54},"b":{"0":[2,30],"1":[1,4],"2":[1,0],"3":[1,3]},"meta":{"lastBranch":4,"lastFunction":4,"lastStatement":11,"seen":{"s:1:31:20:Infinity":0,"s:23:24:23:Infinity":1,"f:23:53:23:58":0,"s:23:58:23:161":2,"b:23:101:23:138:23:138:23:161":0,"f:26:16:26:40":1,"b:28:2:31:Infinity:undefined:undefined:undefined:undefined":1,"s:28:2:31:Infinity":3,"s:29:29:29:Infinity":4,"f:29:59:29:64":2,"s:29:64:29:Infinity":5,"s:30:4:30:Infinity":6,"b:30:30:30:54:30:57:30:59":2,"s:34:27:34:Infinity":7,"s:36:27:36:Infinity":8,"f:36:57:36:62":3,"s:36:62:36:Infinity":9,"s:37:2:37:Infinity":10,"b:37:28:37:52:37:55:37:57":3}}}
,"C:\\Users\\CETECOM\\Desktop\\hreact\\src\\utils\\storage.ts": {"path":"C:\\Users\\CETECOM\\Desktop\\hreact\\src\\utils\\storage.ts","statementMap":{"0":{"start":{"line":4,"column":20},"end":{"line":4,"column":null}},"1":{"start":{"line":5,"column":20},"end":{"line":5,"column":null}},"2":{"start":{"line":9,"column":2},"end":{"line":14,"column":null}},"3":{"start":{"line":10,"column":27},"end":{"line":10,"column":null}},"4":{"start":{"line":11,"column":4},"end":{"line":11,"column":null}},"5":{"start":{"line":13,"column":4},"end":{"line":13,"column":null}},"6":{"start":{"line":18,"column":2},"end":{"line":25,"column":null}},"7":{"start":{"line":19,"column":27},"end":{"line":19,"column":null}},"8":{"start":{"line":20,"column":4},"end":{"line":20,"column":null}},"9":{"start":{"line":20,"column":33},"end":{"line":20,"column":null}},"10":{"start":{"line":21,"column":4},"end":{"line":21,"column":null}},"11":{"start":{"line":23,"column":4},"end":{"line":23,"column":null}},"12":{"start":{"line":24,"column":4},"end":{"line":24,"column":null}},"13":{"start":{"line":29,"column":2},"end":{"line":33,"column":null}},"14":{"start":{"line":30,"column":4},"end":{"line":30,"column":null}},"15":{"start":{"line":32,"column":4},"end":{"line":32,"column":null}},"16":{"start":{"line":38,"column":2},"end":{"line":45,"column":null}},"17":{"start":{"line":39,"column":28},"end":{"line":39,"column":null}},"18":{"start":{"line":40,"column":4},"end":{"line":40,"column":null}},"19":{"start":{"line":40,"column":34},"end":{"line":40,"column":null}},"20":{"start":{"line":41,"column":4},"end":{"line":41,"column":null}},"21":{"start":{"line":43,"column":4},"end":{"line":43,"column":null}},"22":{"start":{"line":44,"column":4},"end":{"line":44,"column":null}},"23":{"start":{"line":49,"column":2},"end":{"line":58,"column":null}},"24":{"start":{"line":50,"column":4},"end":{"line":55,"column":null}},"25":{"start":{"line":51,"column":6},"end":{"line":51,"column":null}},"26":{"start":{"line":53,"column":30},"end":{"line":53,"column":null}},"27":{"start":{"line":54,"column":6},"end":{"line":54,"column":null}},"28":{"start":{"line":57,"column":4},"end":{"line":57,"column":null}},"29":{"start":{"line":62,"column":2},"end":{"line":66,"column":null}},"30":{"start":{"line":63,"column":4},"end":{"line":63,"column":null}},"31":{"start":{"line":65,"column":4},"end":{"line":65,"column":null}},"32":{"start":{"line":71,"column":2},"end":{"line":77,"column":null}},"33":{"start":{"line":72,"column":16},"end":{"line":72,"column":null}},"34":{"start":{"line":73,"column":4},"end":{"line":73,"column":null}},"35":{"start":{"line":75,"column":4},"end":{"line":75,"column":null}},"36":{"start":{"line":76,"column":4},"end":{"line":76,"column":null}},"37":{"start":{"line":81,"column":2},"end":{"line":86,"column":null}},"38":{"start":{"line":82,"column":28},"end":{"line":82,"column":null}},"39":{"start":{"line":83,"column":4},"end":{"line":83,"column":null}},"40":{"start":{"line":85,"column":4},"end":{"line":85,"column":null}},"41":{"start":{"line":91,"column":20},"end":{"line":91,"column":null}},"42":{"start":{"line":94,"column":4},"end":{"line":99,"column":null}},"43":{"start":{"line":95,"column":20},"end":{"line":95,"column":null}},"44":{"start":{"line":96,"column":8},"end":{"line":96,"column":null}},"45":{"start":{"line":98,"column":8},"end":{"line":98,"column":null}},"46":{"start":{"line":103,"column":4},"end":{"line":103,"column":null}}},"fnMap":{"0":{"name":"saveToLocalStorage","decl":{"start":{"line":8,"column":16},"end":{"line":8,"column":35}},"loc":{"start":{"line":8,"column":57},"end":{"line":15,"column":null}},"line":8},"1":{"name":"getFromLocalStorage","decl":{"start":{"line":17,"column":16},"end":{"line":17,"column":36}},"loc":{"start":{"line":17,"column":47},"end":{"line":26,"column":null}},"line":17},"2":{"name":"removeFromLocalStorage","decl":{"start":{"line":28,"column":16},"end":{"line":28,"column":39}},"loc":{"start":{"line":28,"column":50},"end":{"line":34,"column":null}},"line":28},"3":{"name":"loadUsuario","decl":{"start":{"line":37,"column":16},"end":{"line":37,"column":null}},"loc":{"start":{"line":37,"column":16},"end":{"line":46,"column":null}},"line":37},"4":{"name":"saveUsuario","decl":{"start":{"line":48,"column":16},"end":{"line":48,"column":28}},"loc":{"start":{"line":48,"column":51},"end":{"line":59,"column":null}},"line":48},"5":{"name":"removeUsuario","decl":{"start":{"line":61,"column":16},"end":{"line":61,"column":null}},"loc":{"start":{"line":61,"column":16},"end":{"line":67,"column":null}},"line":61},"6":{"name":"loadCarrito","decl":{"start":{"line":70,"column":16},"end":{"line":70,"column":null}},"loc":{"start":{"line":70,"column":16},"end":{"line":78,"column":null}},"line":70},"7":{"name":"saveCarrito","decl":{"start":{"line":80,"column":16},"end":{"line":80,"column":28}},"loc":{"start":{"line":80,"column":50},"end":{"line":87,"column":null}},"line":80},"8":{"name":"loadPedidos","decl":{"start":{"line":93,"column":16},"end":{"line":93,"column":null}},"loc":{"start":{"line":93,"column":16},"end":{"line":100,"column":null}},"line":93},"9":{"name":"savePedidos","decl":{"start":{"line":102,"column":16},"end":{"line":102,"column":28}},"loc":{"start":{"line":102,"column":45},"end":{"line":104,"column":null}},"line":102}},"branchMap":{"0":{"loc":{"start":{"line":20,"column":4},"end":{"line":20,"column":null}},"type":"if","locations":[{"start":{"line":20,"column":4},"end":{"line":20,"column":null}},{"start":{},"end":{}}],"line":20},"1":{"loc":{"start":{"line":40,"column":4},"end":{"line":40,"column":null}},"type":"if","locations":[{"start":{"line":40,"column":4},"end":{"line":40,"column":null}},{"start":{},"end":{}}],"line":40},"2":{"loc":{"start":{"line":50,"column":4},"end":{"line":55,"column":null}},"type":"if","locations":[{"start":{"line":50,"column":4},"end":{"line":55,"column":null}},{"start":{"line":52,"column":11},"end":{"line":55,"column":null}}],"line":50},"3":{"loc":{"start":{"line":73,"column":11},"end":{"line":73,"column":56}},"type":"cond-expr","locations":[{"start":{"line":73,"column":18},"end":{"line":73,"column":54}},{"start":{"line":73,"column":54},"end":{"line":73,"column":56}}],"line":73},"4":{"loc":{"start":{"line":96,"column":15},"end":{"line":96,"column":55}},"type":"cond-expr","locations":[{"start":{"line":96,"column":22},"end":{"line":96,"column":53}},{"start":{"line":96,"column":53},"end":{"line":96,"column":55}}],"line":96}},"s":{"0":5,"1":5,"2":3,"3":3,"4":3,"5":1,"6":3,"7":3,"8":3,"9":1,"10":2,"11":1,"12":1,"13":2,"14":2,"15":1,"16":16,"17":16,"18":16,"19":6,"20":10,"21":1,"22":1,"23":24,"24":24,"25":8,"26":16,"27":16,"28":0,"29":1,"30":1,"31":0,"32":10,"33":10,"34":10,"35":1,"36":1,"37":22,"38":22,"39":22,"40":0,"41":5,"42":0,"43":0,"44":0,"45":0,"46":0},"f":{"0":3,"1":3,"2":2,"3":16,"4":24,"5":1,"6":10,"7":22,"8":0,"9":0},"b":{"0":[1,2],"1":[6,10],"2":[8,16],"3":[2,8],"4":[0,0]},"meta":{"lastBranch":5,"lastFunction":10,"lastStatement":47,"seen":{"s:4:20:4:Infinity":0,"s:5:20:5:Infinity":1,"f:8:16:8:35":0,"s:9:2:14:Infinity":2,"s:10:27:10:Infinity":3,"s:11:4:11:Infinity":4,"s:13:4:13:Infinity":5,"f:17:16:17:36":1,"s:18:2:25:Infinity":6,"s:19:27:19:Infinity":7,"b:20:4:20:Infinity:undefined:undefined:undefined:undefined":0,"s:20:4:20:Infinity":8,"s:20:33:20:Infinity":9,"s:21:4:21:Infinity":10,"s:23:4:23:Infinity":11,"s:24:4:24:Infinity":12,"f:28:16:28:39":2,"s:29:2:33:Infinity":13,"s:30:4:30:Infinity":14,"s:32:4:32:Infinity":15,"f:37:16:37:Infinity":3,"s:38:2:45:Infinity":16,"s:39:28:39:Infinity":17,"b:40:4:40:Infinity:undefined:undefined:undefined:undefined":1,"s:40:4:40:Infinity":18,"s:40:34:40:Infinity":19,"s:41:4:41:Infinity":20,"s:43:4:43:Infinity":21,"s:44:4:44:Infinity":22,"f:48:16:48:28":4,"s:49:2:58:Infinity":23,"b:50:4:55:Infinity:52:11:55:Infinity":2,"s:50:4:55:Infinity":24,"s:51:6:51:Infinity":25,"s:53:30:53:Infinity":26,"s:54:6:54:Infinity":27,"s:57:4:57:Infinity":28,"f:61:16:61:Infinity":5,"s:62:2:66:Infinity":29,"s:63:4:63:Infinity":30,"s:65:4:65:Infinity":31,"f:70:16:70:Infinity":6,"s:71:2:77:Infinity":32,"s:72:16:72:Infinity":33,"s:73:4:73:Infinity":34,"b:73:18:73:54:73:54:73:56":3,"s:75:4:75:Infinity":35,"s:76:4:76:Infinity":36,"f:80:16:80:28":7,"s:81:2:86:Infinity":37,"s:82:28:82:Infinity":38,"s:83:4:83:Infinity":39,"s:85:4:85:Infinity":40,"s:91:20:91:Infinity":41,"f:93:16:93:Infinity":8,"s:94:4:99:Infinity":42,"s:95:20:95:Infinity":43,"s:96:8:96:Infinity":44,"b:96:22:96:53:96:53:96:55":4,"s:98:8:98:Infinity":45,"f:102:16:102:28":9,"s:103:4:103:Infinity":46}}}
}
