{"C:\\Users\\KLAINER\\Desktop\\hreact\\src\\components\\modals\\LoginModal.tsx": {"path":"C:\\Users\\KLAINER\\Desktop\\hreact\\src\\components\\modals\\LoginModal.tsx","statementMap":{"0":{"start":{"line":7,"column":19},"end":{"line":250,"column":null}},"1":{"start":{"line":8,"column":25},"end":{"line":8,"column":null}},"2":{"start":{"line":9,"column":31},"end":{"line":9,"column":null}},"3":{"start":{"line":10,"column":25},"end":{"line":10,"column":null}},"4":{"start":{"line":11,"column":29},"end":{"line":11,"column":null}},"5":{"start":{"line":12,"column":17},"end":{"line":12,"column":null}},"6":{"start":{"line":13,"column":8},"end":{"line":13,"column":null}},"7":{"start":{"line":15,"column":8},"end":{"line":15,"column":null}},"8":{"start":{"line":17,"column":23},"end":{"line":133,"column":null}},"9":{"start":{"line":18,"column":4},"end":{"line":18,"column":null}},"10":{"start":{"line":19,"column":4},"end":{"line":19,"column":null}},"11":{"start":{"line":20,"column":4},"end":{"line":20,"column":null}},"12":{"start":{"line":22,"column":4},"end":{"line":132,"column":null}},"13":{"start":{"line":24,"column":23},"end":{"line":24,"column":null}},"14":{"start":{"line":26,"column":6},"end":{"line":126,"column":null}},"15":{"start":{"line":27,"column":22},"end":{"line":27,"column":38}},"16":{"start":{"line":29,"column":8},"end":{"line":29,"column":null}},"17":{"start":{"line":30,"column":8},"end":{"line":30,"column":null}},"18":{"start":{"line":31,"column":8},"end":{"line":31,"column":null}},"19":{"start":{"line":34,"column":8},"end":{"line":34,"column":null}},"20":{"start":{"line":35,"column":33},"end":{"line":35,"column":null}},"21":{"start":{"line":36,"column":8},"end":{"line":41,"column":null}},"22":{"start":{"line":37,"column":10},"end":{"line":37,"column":null}},"23":{"start":{"line":38,"column":10},"end":{"line":38,"column":null}},"24":{"start":{"line":39,"column":10},"end":{"line":39,"column":null}},"25":{"start":{"line":40,"column":10},"end":{"line":40,"column":null}},"26":{"start":{"line":45,"column":25},"end":{"line":45,"column":36}},"27":{"start":{"line":48,"column":27},"end":{"line":60,"column":null}},"28":{"start":{"line":49,"column":10},"end":{"line":51,"column":null}},"29":{"start":{"line":50,"column":12},"end":{"line":50,"column":null}},"30":{"start":{"line":52,"column":10},"end":{"line":55,"column":null}},"31":{"start":{"line":53,"column":54},"end":{"line":53,"column":null}},"32":{"start":{"line":54,"column":12},"end":{"line":54,"column":null}},"33":{"start":{"line":56,"column":10},"end":{"line":58,"column":null}},"34":{"start":{"line":57,"column":12},"end":{"line":57,"column":null}},"35":{"start":{"line":59,"column":10},"end":{"line":59,"column":null}},"36":{"start":{"line":62,"column":23},"end":{"line":62,"column":null}},"37":{"start":{"line":63,"column":24},"end":{"line":63,"column":null}},"38":{"start":{"line":65,"column":8},"end":{"line":65,"column":null}},"39":{"start":{"line":66,"column":8},"end":{"line":66,"column":null}},"40":{"start":{"line":67,"column":8},"end":{"line":67,"column":null}},"41":{"start":{"line":68,"column":8},"end":{"line":68,"column":null}},"42":{"start":{"line":71,"column":8},"end":{"line":71,"column":null}},"43":{"start":{"line":72,"column":8},"end":{"line":72,"column":null}},"44":{"start":{"line":73,"column":8},"end":{"line":73,"column":null}},"45":{"start":{"line":74,"column":8},"end":{"line":74,"column":null}},"46":{"start":{"line":77,"column":8},"end":{"line":82,"column":null}},"47":{"start":{"line":78,"column":24},"end":{"line":78,"column":null}},"48":{"start":{"line":79,"column":10},"end":{"line":81,"column":null}},"49":{"start":{"line":80,"column":12},"end":{"line":80,"column":null}},"50":{"start":{"line":85,"column":8},"end":{"line":122,"column":17}},"51":{"start":{"line":86,"column":10},"end":{"line":86,"column":null}},"52":{"start":{"line":87,"column":10},"end":{"line":87,"column":null}},"53":{"start":{"line":88,"column":10},"end":{"line":88,"column":null}},"54":{"start":{"line":89,"column":10},"end":{"line":89,"column":null}},"55":{"start":{"line":92,"column":28},"end":{"line":92,"column":null}},"56":{"start":{"line":93,"column":10},"end":{"line":101,"column":null}},"57":{"start":{"line":94,"column":12},"end":{"line":100,"column":null}},"58":{"start":{"line":95,"column":14},"end":{"line":97,"column":null}},"59":{"start":{"line":96,"column":16},"end":{"line":96,"column":null}},"60":{"start":{"line":104,"column":10},"end":{"line":104,"column":null}},"61":{"start":{"line":105,"column":10},"end":{"line":105,"column":null}},"62":{"start":{"line":106,"column":10},"end":{"line":106,"column":null}},"63":{"start":{"line":108,"column":10},"end":{"line":108,"column":null}},"64":{"start":{"line":109,"column":10},"end":{"line":109,"column":null}},"65":{"start":{"line":110,"column":10},"end":{"line":110,"column":null}},"66":{"start":{"line":113,"column":10},"end":{"line":121,"column":null}},"67":{"start":{"line":114,"column":12},"end":{"line":114,"column":null}},"68":{"start":{"line":115,"column":12},"end":{"line":115,"column":null}},"69":{"start":{"line":116,"column":12},"end":{"line":116,"column":null}},"70":{"start":{"line":117,"column":12},"end":{"line":117,"column":null}},"71":{"start":{"line":119,"column":12},"end":{"line":119,"column":null}},"72":{"start":{"line":120,"column":12},"end":{"line":120,"column":null}},"73":{"start":{"line":125,"column":8},"end":{"line":125,"column":null}},"74":{"start":{"line":128,"column":6},"end":{"line":128,"column":null}},"75":{"start":{"line":129,"column":6},"end":{"line":129,"column":null}},"76":{"start":{"line":131,"column":6},"end":{"line":131,"column":null}},"77":{"start":{"line":135,"column":29},"end":{"line":170,"column":null}},"78":{"start":{"line":136,"column":4},"end":{"line":136,"column":null}},"79":{"start":{"line":138,"column":4},"end":{"line":169,"column":null}},"80":{"start":{"line":139,"column":33},"end":{"line":139,"column":null}},"81":{"start":{"line":141,"column":6},"end":{"line":168,"column":null}},"82":{"start":{"line":143,"column":8},"end":{"line":143,"column":null}},"83":{"start":{"line":146,"column":25},"end":{"line":165,"column":null}},"84":{"start":{"line":148,"column":28},"end":{"line":148,"column":null}},"85":{"start":{"line":149,"column":10},"end":{"line":149,"column":null}},"86":{"start":{"line":149,"column":40},"end":{"line":149,"column":null}},"87":{"start":{"line":152,"column":10},"end":{"line":152,"column":null}},"88":{"start":{"line":153,"column":10},"end":{"line":153,"column":null}},"89":{"start":{"line":154,"column":10},"end":{"line":154,"column":null}},"90":{"start":{"line":157,"column":39},"end":{"line":157,"column":null}},"91":{"start":{"line":158,"column":10},"end":{"line":161,"column":null}},"92":{"start":{"line":159,"column":34},"end":{"line":159,"column":null}},"93":{"start":{"line":160,"column":12},"end":{"line":160,"column":null}},"94":{"start":{"line":164,"column":10},"end":{"line":164,"column":null}},"95":{"start":{"line":167,"column":8},"end":{"line":167,"column":null}},"96":{"start":{"line":194,"column":35},"end":{"line":194,"column":null}},"97":{"start":{"line":206,"column":35},"end":{"line":206,"column":null}}},"fnMap":{"0":{"name":"(anonymous_0)","decl":{"start":{"line":7,"column":19},"end":{"line":7,"column":null}},"loc":{"start":{"line":7,"column":19},"end":{"line":250,"column":null}},"line":7},"1":{"name":"(anonymous_1)","decl":{"start":{"line":17,"column":23},"end":{"line":17,"column":30}},"loc":{"start":{"line":17,"column":30},"end":{"line":133,"column":null}},"line":17},"2":{"name":"(anonymous_2)","decl":{"start":{"line":48,"column":27},"end":{"line":48,"column":28}},"loc":{"start":{"line":48,"column":28},"end":{"line":60,"column":null}},"line":48},"3":{"name":"(anonymous_3)","decl":{"start":{"line":85,"column":19},"end":{"line":85,"column":null}},"loc":{"start":{"line":85,"column":19},"end":{"line":122,"column":11}},"line":85},"4":{"name":"(anonymous_4)","decl":{"start":{"line":93,"column":28},"end":{"line":93,"column":null}},"loc":{"start":{"line":93,"column":28},"end":{"line":101,"column":null}},"line":93},"5":{"name":"(anonymous_5)","decl":{"start":{"line":135,"column":29},"end":{"line":135,"column":30}},"loc":{"start":{"line":135,"column":30},"end":{"line":170,"column":null}},"line":135},"6":{"name":"(anonymous_6)","decl":{"start":{"line":146,"column":25},"end":{"line":146,"column":null}},"loc":{"start":{"line":146,"column":25},"end":{"line":165,"column":null}},"line":146},"7":{"name":"(anonymous_7)","decl":{"start":{"line":149,"column":28},"end":{"line":149,"column":40}},"loc":{"start":{"line":149,"column":40},"end":{"line":149,"column":null}},"line":149},"8":{"name":"(anonymous_8)","decl":{"start":{"line":194,"column":28},"end":{"line":194,"column":29}},"loc":{"start":{"line":194,"column":35},"end":{"line":194,"column":null}},"line":194},"9":{"name":"(anonymous_9)","decl":{"start":{"line":206,"column":28},"end":{"line":206,"column":29}},"loc":{"start":{"line":206,"column":35},"end":{"line":206,"column":null}},"line":206}},"branchMap":{"0":{"loc":{"start":{"line":26,"column":6},"end":{"line":126,"column":null}},"type":"if","locations":[{"start":{"line":26,"column":6},"end":{"line":126,"column":null}},{"start":{"line":124,"column":13},"end":{"line":126,"column":null}}],"line":26},"1":{"loc":{"start":{"line":26,"column":10},"end":{"line":26,"column":46}},"type":"binary-expr","locations":[{"start":{"line":26,"column":10},"end":{"line":26,"column":26}},{"start":{"line":26,"column":30},"end":{"line":26,"column":46}}],"line":26},"2":{"loc":{"start":{"line":36,"column":8},"end":{"line":41,"column":null}},"type":"if","locations":[{"start":{"line":36,"column":8},"end":{"line":41,"column":null}},{"start":{},"end":{}}],"line":36},"3":{"loc":{"start":{"line":36,"column":12},"end":{"line":36,"column":64}},"type":"binary-expr","locations":[{"start":{"line":36,"column":12},"end":{"line":36,"column":36}},{"start":{"line":36,"column":40},"end":{"line":36,"column":64}}],"line":36},"4":{"loc":{"start":{"line":49,"column":10},"end":{"line":51,"column":null}},"type":"if","locations":[{"start":{"line":49,"column":10},"end":{"line":51,"column":null}},{"start":{},"end":{}}],"line":49},"5":{"loc":{"start":{"line":52,"column":10},"end":{"line":55,"column":null}},"type":"if","locations":[{"start":{"line":52,"column":10},"end":{"line":55,"column":null}},{"start":{},"end":{}}],"line":52},"6":{"loc":{"start":{"line":54,"column":19},"end":{"line":54,"column":null}},"type":"binary-expr","locations":[{"start":{"line":54,"column":19},"end":{"line":54,"column":30}},{"start":{"line":54,"column":34},"end":{"line":54,"column":null}}],"line":54},"7":{"loc":{"start":{"line":56,"column":10},"end":{"line":58,"column":null}},"type":"if","locations":[{"start":{"line":56,"column":10},"end":{"line":58,"column":null}},{"start":{},"end":{}}],"line":56},"8":{"loc":{"start":{"line":56,"column":14},"end":{"line":56,"column":74}},"type":"binary-expr","locations":[{"start":{"line":56,"column":14},"end":{"line":56,"column":41}},{"start":{"line":56,"column":41},"end":{"line":56,"column":57}},{"start":{"line":56,"column":57},"end":{"line":56,"column":74}}],"line":56},"9":{"loc":{"start":{"line":63,"column":24},"end":{"line":63,"column":null}},"type":"binary-expr","locations":[{"start":{"line":63,"column":24},"end":{"line":63,"column":46}},{"start":{"line":63,"column":46},"end":{"line":63,"column":76}},{"start":{"line":63,"column":76},"end":{"line":63,"column":null}}],"line":63},"10":{"loc":{"start":{"line":77,"column":8},"end":{"line":82,"column":null}},"type":"if","locations":[{"start":{"line":77,"column":8},"end":{"line":82,"column":null}},{"start":{},"end":{}}],"line":77},"11":{"loc":{"start":{"line":79,"column":10},"end":{"line":81,"column":null}},"type":"if","locations":[{"start":{"line":79,"column":10},"end":{"line":81,"column":null}},{"start":{},"end":{}}],"line":79},"12":{"loc":{"start":{"line":95,"column":14},"end":{"line":97,"column":null}},"type":"if","locations":[{"start":{"line":95,"column":14},"end":{"line":97,"column":null}},{"start":{},"end":{}}],"line":95},"13":{"loc":{"start":{"line":113,"column":10},"end":{"line":121,"column":null}},"type":"if","locations":[{"start":{"line":113,"column":10},"end":{"line":121,"column":null}},{"start":{"line":118,"column":17},"end":{"line":121,"column":null}}],"line":113},"14":{"loc":{"start":{"line":125,"column":17},"end":{"line":125,"column":null}},"type":"binary-expr","locations":[{"start":{"line":125,"column":17},"end":{"line":125,"column":33}},{"start":{"line":125,"column":37},"end":{"line":125,"column":null}}],"line":125},"15":{"loc":{"start":{"line":138,"column":4},"end":{"line":169,"column":null}},"type":"if","locations":[{"start":{"line":138,"column":4},"end":{"line":169,"column":null}},{"start":{},"end":{}}],"line":138},"16":{"loc":{"start":{"line":141,"column":6},"end":{"line":168,"column":null}},"type":"if","locations":[{"start":{"line":141,"column":6},"end":{"line":168,"column":null}},{"start":{},"end":{}}],"line":141},"17":{"loc":{"start":{"line":158,"column":10},"end":{"line":161,"column":null}},"type":"if","locations":[{"start":{"line":158,"column":10},"end":{"line":161,"column":null}},{"start":{},"end":{}}],"line":158},"18":{"loc":{"start":{"line":228,"column":19},"end":{"line":234,"column":null}},"type":"cond-expr","locations":[{"start":{"line":228,"column":19},"end":{"line":234,"column":null}},{"start":{"line":234,"column":20},"end":{"line":234,"column":null}}],"line":228}},"s":{"0":1,"1":13,"2":13,"3":13,"4":13,"5":13,"6":13,"7":13,"8":13,"9":1,"10":1,"11":1,"12":1,"13":1,"14":0,"15":0,"16":0,"17":0,"18":0,"19":0,"20":0,"21":0,"22":0,"23":0,"24":0,"25":0,"26":0,"27":0,"28":0,"29":0,"30":0,"31":0,"32":0,"33":0,"34":0,"35":0,"36":0,"37":0,"38":0,"39":0,"40":0,"41":0,"42":0,"43":0,"44":0,"45":0,"46":0,"47":0,"48":0,"49":0,"50":0,"51":0,"52":0,"53":0,"54":0,"55":0,"56":0,"57":0,"58":0,"59":0,"60":0,"61":0,"62":0,"63":0,"64":0,"65":0,"66":0,"67":0,"68":0,"69":0,"70":0,"71":0,"72":0,"73":0,"74":1,"75":1,"76":1,"77":13,"78":0,"79":0,"80":0,"81":0,"82":0,"83":0,"84":0,"85":0,"86":0,"87":0,"88":0,"89":0,"90":0,"91":0,"92":0,"93":0,"94":0,"95":0,"96":2,"97":2},"f":{"0":13,"1":1,"2":0,"3":0,"4":0,"5":0,"6":0,"7":0,"8":2,"9":2},"b":{"0":[0,0],"1":[0,0],"2":[0,0],"3":[0,0],"4":[0,0],"5":[0,0],"6":[0,0],"7":[0,0],"8":[0,0,0],"9":[0,0,0],"10":[0,0],"11":[0,0],"12":[0,0],"13":[0,0],"14":[0,0],"15":[0,0],"16":[0,0],"17":[0,0],"18":[1,12]},"meta":{"lastBranch":19,"lastFunction":10,"lastStatement":98,"seen":{"s:7:19:250:Infinity":0,"f:7:19:7:Infinity":0,"s:8:25:8:Infinity":1,"s:9:31:9:Infinity":2,"s:10:25:10:Infinity":3,"s:11:29:11:Infinity":4,"s:12:17:12:Infinity":5,"s:13:8:13:Infinity":6,"s:15:8:15:Infinity":7,"s:17:23:133:Infinity":8,"f:17:23:17:30":1,"s:18:4:18:Infinity":9,"s:19:4:19:Infinity":10,"s:20:4:20:Infinity":11,"s:22:4:132:Infinity":12,"s:24:23:24:Infinity":13,"b:26:6:126:Infinity:124:13:126:Infinity":0,"s:26:6:126:Infinity":14,"b:26:10:26:26:26:30:26:46":1,"s:27:22:27:38":15,"s:29:8:29:Infinity":16,"s:30:8:30:Infinity":17,"s:31:8:31:Infinity":18,"s:34:8:34:Infinity":19,"s:35:33:35:Infinity":20,"b:36:8:41:Infinity:undefined:undefined:undefined:undefined":2,"s:36:8:41:Infinity":21,"b:36:12:36:36:36:40:36:64":3,"s:37:10:37:Infinity":22,"s:38:10:38:Infinity":23,"s:39:10:39:Infinity":24,"s:40:10:40:Infinity":25,"s:45:25:45:36":26,"s:48:27:60:Infinity":27,"f:48:27:48:28":2,"b:49:10:51:Infinity:undefined:undefined:undefined:undefined":4,"s:49:10:51:Infinity":28,"s:50:12:50:Infinity":29,"b:52:10:55:Infinity:undefined:undefined:undefined:undefined":5,"s:52:10:55:Infinity":30,"s:53:54:53:Infinity":31,"s:54:12:54:Infinity":32,"b:54:19:54:30:54:34:54:Infinity":6,"b:56:10:58:Infinity:undefined:undefined:undefined:undefined":7,"s:56:10:58:Infinity":33,"b:56:14:56:41:56:41:56:57:56:57:56:74":8,"s:57:12:57:Infinity":34,"s:59:10:59:Infinity":35,"s:62:23:62:Infinity":36,"s:63:24:63:Infinity":37,"b:63:24:63:46:63:46:63:76:63:76:63:Infinity":9,"s:65:8:65:Infinity":38,"s:66:8:66:Infinity":39,"s:67:8:67:Infinity":40,"s:68:8:68:Infinity":41,"s:71:8:71:Infinity":42,"s:72:8:72:Infinity":43,"s:73:8:73:Infinity":44,"s:74:8:74:Infinity":45,"b:77:8:82:Infinity:undefined:undefined:undefined:undefined":10,"s:77:8:82:Infinity":46,"s:78:24:78:Infinity":47,"b:79:10:81:Infinity:undefined:undefined:undefined:undefined":11,"s:79:10:81:Infinity":48,"s:80:12:80:Infinity":49,"s:85:8:122:17":50,"f:85:19:85:Infinity":3,"s:86:10:86:Infinity":51,"s:87:10:87:Infinity":52,"s:88:10:88:Infinity":53,"s:89:10:89:Infinity":54,"s:92:28:92:Infinity":55,"s:93:10:101:Infinity":56,"f:93:28:93:Infinity":4,"s:94:12:100:Infinity":57,"b:95:14:97:Infinity:undefined:undefined:undefined:undefined":12,"s:95:14:97:Infinity":58,"s:96:16:96:Infinity":59,"s:104:10:104:Infinity":60,"s:105:10:105:Infinity":61,"s:106:10:106:Infinity":62,"s:108:10:108:Infinity":63,"s:109:10:109:Infinity":64,"s:110:10:110:Infinity":65,"b:113:10:121:Infinity:118:17:121:Infinity":13,"s:113:10:121:Infinity":66,"s:114:12:114:Infinity":67,"s:115:12:115:Infinity":68,"s:116:12:116:Infinity":69,"s:117:12:117:Infinity":70,"s:119:12:119:Infinity":71,"s:120:12:120:Infinity":72,"s:125:8:125:Infinity":73,"b:125:17:125:33:125:37:125:Infinity":14,"s:128:6:128:Infinity":74,"s:129:6:129:Infinity":75,"s:131:6:131:Infinity":76,"s:135:29:170:Infinity":77,"f:135:29:135:30":5,"s:136:4:136:Infinity":78,"b:138:4:169:Infinity:undefined:undefined:undefined:undefined":15,"s:138:4:169:Infinity":79,"s:139:33:139:Infinity":80,"b:141:6:168:Infinity:undefined:undefined:undefined:undefined":16,"s:141:6:168:Infinity":81,"s:143:8:143:Infinity":82,"s:146:25:165:Infinity":83,"f:146:25:146:Infinity":6,"s:148:28:148:Infinity":84,"s:149:10:149:Infinity":85,"f:149:28:149:40":7,"s:149:40:149:Infinity":86,"s:152:10:152:Infinity":87,"s:153:10:153:Infinity":88,"s:154:10:154:Infinity":89,"s:157:39:157:Infinity":90,"b:158:10:161:Infinity:undefined:undefined:undefined:undefined":17,"s:158:10:161:Infinity":91,"s:159:34:159:Infinity":92,"s:160:12:160:Infinity":93,"s:164:10:164:Infinity":94,"s:167:8:167:Infinity":95,"f:194:28:194:29":8,"s:194:35:194:Infinity":96,"f:206:28:206:29":9,"s:206:35:206:Infinity":97,"b:228:19:234:Infinity:234:20:234:Infinity":18}}}
,"C:\\Users\\KLAINER\\Desktop\\hreact\\src\\components\\modals\\RegistroModal.tsx": {"path":"C:\\Users\\KLAINER\\Desktop\\hreact\\src\\components\\modals\\RegistroModal.tsx","statementMap":{"0":{"start":{"line":11,"column":22},"end":{"line":363,"column":null}},"1":{"start":{"line":12,"column":8},"end":{"line":12,"column":null}},"2":{"start":{"line":13,"column":17},"end":{"line":13,"column":null}},"3":{"start":{"line":14,"column":8},"end":{"line":14,"column":null}},"4":{"start":{"line":15,"column":23},"end":{"line":26,"column":null}},"5":{"start":{"line":28,"column":29},"end":{"line":28,"column":null}},"6":{"start":{"line":30,"column":2},"end":{"line":37,"column":null}},"7":{"start":{"line":31,"column":4},"end":{"line":36,"column":null}},"8":{"start":{"line":32,"column":25},"end":{"line":32,"column":null}},"9":{"start":{"line":32,"column":60},"end":{"line":32,"column":84}},"10":{"start":{"line":33,"column":6},"end":{"line":33,"column":null}},"11":{"start":{"line":35,"column":6},"end":{"line":35,"column":null}},"12":{"start":{"line":39,"column":8},"end":{"line":75,"column":null}},"13":{"start":{"line":40,"column":60},"end":{"line":40,"column":null}},"14":{"start":{"line":41,"column":4},"end":{"line":41,"column":null}},"15":{"start":{"line":41,"column":29},"end":{"line":41,"column":null}},"16":{"start":{"line":42,"column":4},"end":{"line":42,"column":null}},"17":{"start":{"line":42,"column":31},"end":{"line":42,"column":null}},"18":{"start":{"line":43,"column":4},"end":{"line":43,"column":null}},"19":{"start":{"line":43,"column":32},"end":{"line":43,"column":null}},"20":{"start":{"line":44,"column":4},"end":{"line":44,"column":null}},"21":{"start":{"line":44,"column":22},"end":{"line":44,"column":null}},"22":{"start":{"line":45,"column":4},"end":{"line":45,"column":null}},"23":{"start":{"line":45,"column":22},"end":{"line":45,"column":null}},"24":{"start":{"line":46,"column":10},"end":{"line":46,"column":null}},"25":{"start":{"line":47,"column":4},"end":{"line":47,"column":null}},"26":{"start":{"line":47,"column":30},"end":{"line":47,"column":null}},"27":{"start":{"line":48,"column":23},"end":{"line":48,"column":null}},"28":{"start":{"line":49,"column":4},"end":{"line":51,"column":null}},"29":{"start":{"line":50,"column":6},"end":{"line":50,"column":null}},"30":{"start":{"line":52,"column":4},"end":{"line":56,"column":null}},"31":{"start":{"line":53,"column":6},"end":{"line":53,"column":null}},"32":{"start":{"line":54,"column":11},"end":{"line":56,"column":null}},"33":{"start":{"line":55,"column":6},"end":{"line":55,"column":null}},"34":{"start":{"line":57,"column":4},"end":{"line":59,"column":null}},"35":{"start":{"line":58,"column":6},"end":{"line":58,"column":null}},"36":{"start":{"line":60,"column":4},"end":{"line":73,"column":null}},"37":{"start":{"line":61,"column":6},"end":{"line":61,"column":null}},"38":{"start":{"line":63,"column":18},"end":{"line":63,"column":null}},"39":{"start":{"line":64,"column":25},"end":{"line":64,"column":null}},"40":{"start":{"line":65,"column":17},"end":{"line":65,"column":null}},"41":{"start":{"line":66,"column":16},"end":{"line":66,"column":null}},"42":{"start":{"line":67,"column":6},"end":{"line":69,"column":null}},"43":{"start":{"line":68,"column":8},"end":{"line":68,"column":null}},"44":{"start":{"line":70,"column":6},"end":{"line":72,"column":null}},"45":{"start":{"line":71,"column":8},"end":{"line":71,"column":null}},"46":{"start":{"line":74,"column":4},"end":{"line":74,"column":null}},"47":{"start":{"line":77,"column":18},"end":{"line":77,"column":null}},"48":{"start":{"line":79,"column":23},"end":{"line":89,"column":null}},"49":{"start":{"line":80,"column":26},"end":{"line":80,"column":34}},"50":{"start":{"line":81,"column":20},"end":{"line":81,"column":null}},"51":{"start":{"line":83,"column":4},"end":{"line":88,"column":null}},"52":{"start":{"line":84,"column":12},"end":{"line":84,"column":null}},"53":{"start":{"line":85,"column":6},"end":{"line":85,"column":null}},"54":{"start":{"line":85,"column":23},"end":{"line":85,"column":null}},"55":{"start":{"line":87,"column":6},"end":{"line":87,"column":null}},"56":{"start":{"line":87,"column":23},"end":{"line":87,"column":null}},"57":{"start":{"line":92,"column":23},"end":{"line":243,"column":null}},"58":{"start":{"line":93,"column":4},"end":{"line":93,"column":null}},"59":{"start":{"line":94,"column":4},"end":{"line":97,"column":null}},"60":{"start":{"line":95,"column":6},"end":{"line":95,"column":null}},"61":{"start":{"line":96,"column":6},"end":{"line":96,"column":null}},"62":{"start":{"line":99,"column":4},"end":{"line":242,"column":null}},"63":{"start":{"line":100,"column":23},"end":{"line":110,"column":null}},"64":{"start":{"line":112,"column":6},"end":{"line":238,"column":null}},"65":{"start":{"line":114,"column":29},"end":{"line":114,"column":45}},"66":{"start":{"line":115,"column":8},"end":{"line":120,"column":null}},"67":{"start":{"line":116,"column":32},"end":{"line":116,"column":null}},"68":{"start":{"line":117,"column":10},"end":{"line":119,"column":null}},"69":{"start":{"line":118,"column":12},"end":{"line":118,"column":null}},"70":{"start":{"line":123,"column":8},"end":{"line":234,"column":17}},"71":{"start":{"line":125,"column":28},"end":{"line":125,"column":null}},"72":{"start":{"line":126,"column":10},"end":{"line":134,"column":null}},"73":{"start":{"line":127,"column":12},"end":{"line":133,"column":null}},"74":{"start":{"line":128,"column":14},"end":{"line":130,"column":null}},"75":{"start":{"line":129,"column":16},"end":{"line":129,"column":null}},"76":{"start":{"line":137,"column":10},"end":{"line":137,"column":null}},"77":{"start":{"line":138,"column":10},"end":{"line":138,"column":null}},"78":{"start":{"line":139,"column":10},"end":{"line":139,"column":null}},"79":{"start":{"line":141,"column":10},"end":{"line":148,"column":null}},"80":{"start":{"line":151,"column":32},"end":{"line":151,"column":null}},"81":{"start":{"line":153,"column":10},"end":{"line":233,"column":null}},"82":{"start":{"line":154,"column":26},"end":{"line":154,"column":47}},"83":{"start":{"line":156,"column":12},"end":{"line":156,"column":null}},"84":{"start":{"line":157,"column":12},"end":{"line":157,"column":null}},"85":{"start":{"line":158,"column":12},"end":{"line":158,"column":null}},"86":{"start":{"line":161,"column":12},"end":{"line":161,"column":null}},"87":{"start":{"line":162,"column":37},"end":{"line":162,"column":null}},"88":{"start":{"line":163,"column":12},"end":{"line":168,"column":null}},"89":{"start":{"line":164,"column":14},"end":{"line":164,"column":null}},"90":{"start":{"line":165,"column":14},"end":{"line":165,"column":null}},"91":{"start":{"line":166,"column":14},"end":{"line":166,"column":null}},"92":{"start":{"line":167,"column":14},"end":{"line":167,"column":null}},"93":{"start":{"line":172,"column":29},"end":{"line":172,"column":40}},"94":{"start":{"line":175,"column":31},"end":{"line":187,"column":null}},"95":{"start":{"line":176,"column":14},"end":{"line":178,"column":null}},"96":{"start":{"line":177,"column":16},"end":{"line":177,"column":null}},"97":{"start":{"line":179,"column":14},"end":{"line":182,"column":null}},"98":{"start":{"line":180,"column":58},"end":{"line":180,"column":null}},"99":{"start":{"line":181,"column":16},"end":{"line":181,"column":null}},"100":{"start":{"line":183,"column":14},"end":{"line":185,"column":null}},"101":{"start":{"line":184,"column":16},"end":{"line":184,"column":null}},"102":{"start":{"line":186,"column":14},"end":{"line":186,"column":null}},"103":{"start":{"line":189,"column":27},"end":{"line":189,"column":null}},"104":{"start":{"line":190,"column":28},"end":{"line":190,"column":null}},"105":{"start":{"line":192,"column":12},"end":{"line":192,"column":null}},"106":{"start":{"line":193,"column":12},"end":{"line":193,"column":null}},"107":{"start":{"line":194,"column":12},"end":{"line":194,"column":null}},"108":{"start":{"line":195,"column":12},"end":{"line":195,"column":null}},"109":{"start":{"line":198,"column":12},"end":{"line":200,"column":null}},"110":{"start":{"line":199,"column":14},"end":{"line":199,"column":null}},"111":{"start":{"line":203,"column":12},"end":{"line":203,"column":null}},"112":{"start":{"line":206,"column":30},"end":{"line":206,"column":null}},"113":{"start":{"line":207,"column":12},"end":{"line":215,"column":null}},"114":{"start":{"line":208,"column":14},"end":{"line":214,"column":null}},"115":{"start":{"line":209,"column":16},"end":{"line":211,"column":null}},"116":{"start":{"line":210,"column":18},"end":{"line":210,"column":null}},"117":{"start":{"line":218,"column":12},"end":{"line":218,"column":null}},"118":{"start":{"line":219,"column":12},"end":{"line":219,"column":null}},"119":{"start":{"line":220,"column":12},"end":{"line":220,"column":null}},"120":{"start":{"line":222,"column":12},"end":{"line":222,"column":null}},"121":{"start":{"line":223,"column":12},"end":{"line":223,"column":null}},"122":{"start":{"line":226,"column":12},"end":{"line":232,"column":null}},"123":{"start":{"line":227,"column":14},"end":{"line":227,"column":null}},"124":{"start":{"line":228,"column":14},"end":{"line":228,"column":null}},"125":{"start":{"line":230,"column":14},"end":{"line":230,"column":null}},"126":{"start":{"line":231,"column":14},"end":{"line":231,"column":null}},"127":{"start":{"line":237,"column":8},"end":{"line":237,"column":null}},"128":{"start":{"line":240,"column":6},"end":{"line":240,"column":null}},"129":{"start":{"line":241,"column":6},"end":{"line":241,"column":null}},"130":{"start":{"line":246,"column":29},"end":{"line":249,"column":null}},"131":{"start":{"line":247,"column":4},"end":{"line":247,"column":null}},"132":{"start":{"line":247,"column":26},"end":{"line":247,"column":null}},"133":{"start":{"line":248,"column":4},"end":{"line":248,"column":null}}},"fnMap":{"0":{"name":"(anonymous_0)","decl":{"start":{"line":11,"column":22},"end":{"line":11,"column":null}},"loc":{"start":{"line":11,"column":22},"end":{"line":363,"column":null}},"line":11},"1":{"name":"(anonymous_1)","decl":{"start":{"line":30,"column":12},"end":{"line":30,"column":null}},"loc":{"start":{"line":30,"column":12},"end":{"line":37,"column":5}},"line":30},"2":{"name":"(anonymous_2)","decl":{"start":{"line":32,"column":55},"end":{"line":32,"column":60}},"loc":{"start":{"line":32,"column":60},"end":{"line":32,"column":84}},"line":32},"3":{"name":"(anonymous_3)","decl":{"start":{"line":39,"column":25},"end":{"line":39,"column":null}},"loc":{"start":{"line":39,"column":25},"end":{"line":75,"column":5}},"line":39},"4":{"name":"(anonymous_4)","decl":{"start":{"line":79,"column":23},"end":{"line":79,"column":24}},"loc":{"start":{"line":79,"column":24},"end":{"line":89,"column":null}},"line":79},"5":{"name":"(anonymous_5)","decl":{"start":{"line":85,"column":14},"end":{"line":85,"column":23}},"loc":{"start":{"line":85,"column":23},"end":{"line":85,"column":null}},"line":85},"6":{"name":"(anonymous_6)","decl":{"start":{"line":87,"column":14},"end":{"line":87,"column":23}},"loc":{"start":{"line":87,"column":23},"end":{"line":87,"column":null}},"line":87},"7":{"name":"(anonymous_7)","decl":{"start":{"line":92,"column":23},"end":{"line":92,"column":30}},"loc":{"start":{"line":92,"column":30},"end":{"line":243,"column":null}},"line":92},"8":{"name":"(anonymous_8)","decl":{"start":{"line":123,"column":19},"end":{"line":123,"column":null}},"loc":{"start":{"line":123,"column":19},"end":{"line":234,"column":11}},"line":123},"9":{"name":"(anonymous_9)","decl":{"start":{"line":126,"column":28},"end":{"line":126,"column":null}},"loc":{"start":{"line":126,"column":28},"end":{"line":134,"column":null}},"line":126},"10":{"name":"(anonymous_10)","decl":{"start":{"line":175,"column":31},"end":{"line":175,"column":32}},"loc":{"start":{"line":175,"column":32},"end":{"line":187,"column":null}},"line":175},"11":{"name":"(anonymous_11)","decl":{"start":{"line":207,"column":30},"end":{"line":207,"column":null}},"loc":{"start":{"line":207,"column":30},"end":{"line":215,"column":null}},"line":207},"12":{"name":"(anonymous_12)","decl":{"start":{"line":246,"column":29},"end":{"line":246,"column":30}},"loc":{"start":{"line":246,"column":30},"end":{"line":249,"column":null}},"line":246}},"branchMap":{"0":{"loc":{"start":{"line":31,"column":4},"end":{"line":36,"column":null}},"type":"if","locations":[{"start":{"line":31,"column":4},"end":{"line":36,"column":null}},{"start":{"line":34,"column":11},"end":{"line":36,"column":null}}],"line":31},"1":{"loc":{"start":{"line":33,"column":17},"end":{"line":33,"column":53}},"type":"cond-expr","locations":[{"start":{"line":33,"column":30},"end":{"line":33,"column":48}},{"start":{"line":33,"column":51},"end":{"line":33,"column":53}}],"line":33},"2":{"loc":{"start":{"line":41,"column":4},"end":{"line":41,"column":null}},"type":"if","locations":[{"start":{"line":41,"column":4},"end":{"line":41,"column":null}},{"start":{},"end":{}}],"line":41},"3":{"loc":{"start":{"line":42,"column":4},"end":{"line":42,"column":null}},"type":"if","locations":[{"start":{"line":42,"column":4},"end":{"line":42,"column":null}},{"start":{},"end":{}}],"line":42},"4":{"loc":{"start":{"line":43,"column":4},"end":{"line":43,"column":null}},"type":"if","locations":[{"start":{"line":43,"column":4},"end":{"line":43,"column":null}},{"start":{},"end":{}}],"line":43},"5":{"loc":{"start":{"line":44,"column":4},"end":{"line":44,"column":null}},"type":"if","locations":[{"start":{"line":44,"column":4},"end":{"line":44,"column":null}},{"start":{},"end":{}}],"line":44},"6":{"loc":{"start":{"line":45,"column":4},"end":{"line":45,"column":null}},"type":"if","locations":[{"start":{"line":45,"column":4},"end":{"line":45,"column":null}},{"start":{},"end":{}}],"line":45},"7":{"loc":{"start":{"line":47,"column":4},"end":{"line":47,"column":null}},"type":"if","locations":[{"start":{"line":47,"column":4},"end":{"line":47,"column":null}},{"start":{},"end":{}}],"line":47},"8":{"loc":{"start":{"line":49,"column":4},"end":{"line":51,"column":null}},"type":"if","locations":[{"start":{"line":49,"column":4},"end":{"line":51,"column":null}},{"start":{},"end":{}}],"line":49},"9":{"loc":{"start":{"line":52,"column":4},"end":{"line":56,"column":null}},"type":"if","locations":[{"start":{"line":52,"column":4},"end":{"line":56,"column":null}},{"start":{"line":54,"column":11},"end":{"line":56,"column":null}}],"line":52},"10":{"loc":{"start":{"line":54,"column":11},"end":{"line":56,"column":null}},"type":"if","locations":[{"start":{"line":54,"column":11},"end":{"line":56,"column":null}},{"start":{},"end":{}}],"line":54},"11":{"loc":{"start":{"line":54,"column":15},"end":{"line":54,"column":70}},"type":"binary-expr","locations":[{"start":{"line":54,"column":15},"end":{"line":54,"column":43}},{"start":{"line":54,"column":43},"end":{"line":54,"column":70}}],"line":54},"12":{"loc":{"start":{"line":57,"column":4},"end":{"line":59,"column":null}},"type":"if","locations":[{"start":{"line":57,"column":4},"end":{"line":59,"column":null}},{"start":{},"end":{}}],"line":57},"13":{"loc":{"start":{"line":60,"column":4},"end":{"line":73,"column":null}},"type":"if","locations":[{"start":{"line":60,"column":4},"end":{"line":73,"column":null}},{"start":{"line":62,"column":11},"end":{"line":73,"column":null}}],"line":60},"14":{"loc":{"start":{"line":67,"column":6},"end":{"line":69,"column":null}},"type":"if","locations":[{"start":{"line":67,"column":6},"end":{"line":69,"column":null}},{"start":{},"end":{}}],"line":67},"15":{"loc":{"start":{"line":67,"column":10},"end":{"line":67,"column":70}},"type":"binary-expr","locations":[{"start":{"line":67,"column":10},"end":{"line":67,"column":20}},{"start":{"line":67,"column":20},"end":{"line":67,"column":31}},{"start":{"line":67,"column":31},"end":{"line":67,"column":70}}],"line":67},"16":{"loc":{"start":{"line":70,"column":6},"end":{"line":72,"column":null}},"type":"if","locations":[{"start":{"line":70,"column":6},"end":{"line":72,"column":null}},{"start":{},"end":{}}],"line":70},"17":{"loc":{"start":{"line":70,"column":10},"end":{"line":70,"column":35}},"type":"binary-expr","locations":[{"start":{"line":70,"column":10},"end":{"line":70,"column":23}},{"start":{"line":70,"column":23},"end":{"line":70,"column":35}}],"line":70},"18":{"loc":{"start":{"line":83,"column":4},"end":{"line":88,"column":null}},"type":"if","locations":[{"start":{"line":83,"column":4},"end":{"line":88,"column":null}},{"start":{"line":86,"column":11},"end":{"line":88,"column":null}}],"line":83},"19":{"loc":{"start":{"line":94,"column":4},"end":{"line":97,"column":null}},"type":"if","locations":[{"start":{"line":94,"column":4},"end":{"line":97,"column":null}},{"start":{},"end":{}}],"line":94},"20":{"loc":{"start":{"line":112,"column":6},"end":{"line":238,"column":null}},"type":"if","locations":[{"start":{"line":112,"column":6},"end":{"line":238,"column":null}},{"start":{"line":236,"column":13},"end":{"line":238,"column":null}}],"line":112},"21":{"loc":{"start":{"line":115,"column":8},"end":{"line":120,"column":null}},"type":"if","locations":[{"start":{"line":115,"column":8},"end":{"line":120,"column":null}},{"start":{},"end":{}}],"line":115},"22":{"loc":{"start":{"line":117,"column":10},"end":{"line":119,"column":null}},"type":"if","locations":[{"start":{"line":117,"column":10},"end":{"line":119,"column":null}},{"start":{},"end":{}}],"line":117},"23":{"loc":{"start":{"line":128,"column":14},"end":{"line":130,"column":null}},"type":"if","locations":[{"start":{"line":128,"column":14},"end":{"line":130,"column":null}},{"start":{},"end":{}}],"line":128},"24":{"loc":{"start":{"line":153,"column":10},"end":{"line":233,"column":null}},"type":"if","locations":[{"start":{"line":153,"column":10},"end":{"line":233,"column":null}},{"start":{},"end":{}}],"line":153},"25":{"loc":{"start":{"line":153,"column":14},"end":{"line":153,"column":60}},"type":"binary-expr","locations":[{"start":{"line":153,"column":14},"end":{"line":153,"column":35}},{"start":{"line":153,"column":39},"end":{"line":153,"column":60}}],"line":153},"26":{"loc":{"start":{"line":163,"column":12},"end":{"line":168,"column":null}},"type":"if","locations":[{"start":{"line":163,"column":12},"end":{"line":168,"column":null}},{"start":{},"end":{}}],"line":163},"27":{"loc":{"start":{"line":163,"column":16},"end":{"line":163,"column":68}},"type":"binary-expr","locations":[{"start":{"line":163,"column":16},"end":{"line":163,"column":40}},{"start":{"line":163,"column":44},"end":{"line":163,"column":68}}],"line":163},"28":{"loc":{"start":{"line":176,"column":14},"end":{"line":178,"column":null}},"type":"if","locations":[{"start":{"line":176,"column":14},"end":{"line":178,"column":null}},{"start":{},"end":{}}],"line":176},"29":{"loc":{"start":{"line":179,"column":14},"end":{"line":182,"column":null}},"type":"if","locations":[{"start":{"line":179,"column":14},"end":{"line":182,"column":null}},{"start":{},"end":{}}],"line":179},"30":{"loc":{"start":{"line":181,"column":23},"end":{"line":181,"column":null}},"type":"binary-expr","locations":[{"start":{"line":181,"column":23},"end":{"line":181,"column":34}},{"start":{"line":181,"column":38},"end":{"line":181,"column":null}}],"line":181},"31":{"loc":{"start":{"line":183,"column":14},"end":{"line":185,"column":null}},"type":"if","locations":[{"start":{"line":183,"column":14},"end":{"line":185,"column":null}},{"start":{},"end":{}}],"line":183},"32":{"loc":{"start":{"line":183,"column":18},"end":{"line":183,"column":78}},"type":"binary-expr","locations":[{"start":{"line":183,"column":18},"end":{"line":183,"column":45}},{"start":{"line":183,"column":45},"end":{"line":183,"column":61}},{"start":{"line":183,"column":61},"end":{"line":183,"column":78}}],"line":183},"33":{"loc":{"start":{"line":190,"column":28},"end":{"line":190,"column":null}},"type":"binary-expr","locations":[{"start":{"line":190,"column":28},"end":{"line":190,"column":50}},{"start":{"line":190,"column":50},"end":{"line":190,"column":80}},{"start":{"line":190,"column":80},"end":{"line":190,"column":null}}],"line":190},"34":{"loc":{"start":{"line":198,"column":12},"end":{"line":200,"column":null}},"type":"if","locations":[{"start":{"line":198,"column":12},"end":{"line":200,"column":null}},{"start":{},"end":{}}],"line":198},"35":{"loc":{"start":{"line":209,"column":16},"end":{"line":211,"column":null}},"type":"if","locations":[{"start":{"line":209,"column":16},"end":{"line":211,"column":null}},{"start":{},"end":{}}],"line":209},"36":{"loc":{"start":{"line":226,"column":12},"end":{"line":232,"column":null}},"type":"if","locations":[{"start":{"line":226,"column":12},"end":{"line":232,"column":null}},{"start":{"line":229,"column":19},"end":{"line":232,"column":null}}],"line":226},"37":{"loc":{"start":{"line":237,"column":33},"end":{"line":237,"column":89}},"type":"binary-expr","locations":[{"start":{"line":237,"column":33},"end":{"line":237,"column":49}},{"start":{"line":237,"column":53},"end":{"line":237,"column":89}}],"line":237},"38":{"loc":{"start":{"line":247,"column":4},"end":{"line":247,"column":null}},"type":"if","locations":[{"start":{"line":247,"column":4},"end":{"line":247,"column":null}},{"start":{},"end":{}}],"line":247},"39":{"loc":{"start":{"line":248,"column":11},"end":{"line":248,"column":null}},"type":"cond-expr","locations":[{"start":{"line":248,"column":31},"end":{"line":248,"column":46}},{"start":{"line":248,"column":46},"end":{"line":248,"column":null}}],"line":248}},"s":{"0":1,"1":2,"2":2,"3":2,"4":2,"5":2,"6":2,"7":1,"8":0,"9":0,"10":0,"11":1,"12":2,"13":1,"14":1,"15":1,"16":1,"17":1,"18":1,"19":1,"20":1,"21":1,"22":1,"23":1,"24":1,"25":1,"26":1,"27":1,"28":1,"29":1,"30":1,"31":1,"32":0,"33":0,"34":1,"35":0,"36":1,"37":1,"38":0,"39":0,"40":0,"41":0,"42":0,"43":0,"44":0,"45":0,"46":1,"47":2,"48":2,"49":0,"50":0,"51":0,"52":0,"53":0,"54":0,"55":0,"56":0,"57":2,"58":0,"59":0,"60":0,"61":0,"62":0,"63":0,"64":0,"65":0,"66":0,"67":0,"68":0,"69":0,"70":0,"71":0,"72":0,"73":0,"74":0,"75":0,"76":0,"77":0,"78":0,"79":0,"80":0,"81":0,"82":0,"83":0,"84":0,"85":0,"86":0,"87":0,"88":0,"89":0,"90":0,"91":0,"92":0,"93":0,"94":0,"95":0,"96":0,"97":0,"98":0,"99":0,"100":0,"101":0,"102":0,"103":0,"104":0,"105":0,"106":0,"107":0,"108":0,"109":0,"110":0,"111":0,"112":0,"113":0,"114":0,"115":0,"116":0,"117":0,"118":0,"119":0,"120":0,"121":0,"122":0,"123":0,"124":0,"125":0,"126":0,"127":0,"128":0,"129":0,"130":2,"131":20,"132":20,"133":0},"f":{"0":2,"1":1,"2":0,"3":1,"4":0,"5":0,"6":0,"7":0,"8":0,"9":0,"10":0,"11":0,"12":20},"b":{"0":[0,1],"1":[0,0],"2":[1,0],"3":[1,0],"4":[1,0],"5":[1,0],"6":[1,0],"7":[1,0],"8":[1,0],"9":[1,0],"10":[0,0],"11":[0,0],"12":[0,1],"13":[1,0],"14":[0,0],"15":[0,0,0],"16":[0,0],"17":[0,0],"18":[0,0],"19":[0,0],"20":[0,0],"21":[0,0],"22":[0,0],"23":[0,0],"24":[0,0],"25":[0,0],"26":[0,0],"27":[0,0],"28":[0,0],"29":[0,0],"30":[0,0],"31":[0,0],"32":[0,0,0],"33":[0,0,0],"34":[0,0],"35":[0,0],"36":[0,0],"37":[0,0],"38":[20,0],"39":[0,0]},"meta":{"lastBranch":40,"lastFunction":13,"lastStatement":134,"seen":{"s:11:22:363:Infinity":0,"f:11:22:11:Infinity":0,"s:12:8:12:Infinity":1,"s:13:17:13:Infinity":2,"s:14:8:14:Infinity":3,"s:15:23:26:Infinity":4,"s:28:29:28:Infinity":5,"s:30:2:37:Infinity":6,"f:30:12:30:Infinity":1,"b:31:4:36:Infinity:34:11:36:Infinity":0,"s:31:4:36:Infinity":7,"s:32:25:32:Infinity":8,"f:32:55:32:60":2,"s:32:60:32:84":9,"s:33:6:33:Infinity":10,"b:33:30:33:48:33:51:33:53":1,"s:35:6:35:Infinity":11,"s:39:8:75:Infinity":12,"f:39:25:39:Infinity":3,"s:40:60:40:Infinity":13,"b:41:4:41:Infinity:undefined:undefined:undefined:undefined":2,"s:41:4:41:Infinity":14,"s:41:29:41:Infinity":15,"b:42:4:42:Infinity:undefined:undefined:undefined:undefined":3,"s:42:4:42:Infinity":16,"s:42:31:42:Infinity":17,"b:43:4:43:Infinity:undefined:undefined:undefined:undefined":4,"s:43:4:43:Infinity":18,"s:43:32:43:Infinity":19,"b:44:4:44:Infinity:undefined:undefined:undefined:undefined":5,"s:44:4:44:Infinity":20,"s:44:22:44:Infinity":21,"b:45:4:45:Infinity:undefined:undefined:undefined:undefined":6,"s:45:4:45:Infinity":22,"s:45:22:45:Infinity":23,"s:46:10:46:Infinity":24,"b:47:4:47:Infinity:undefined:undefined:undefined:undefined":7,"s:47:4:47:Infinity":25,"s:47:30:47:Infinity":26,"s:48:23:48:Infinity":27,"b:49:4:51:Infinity:undefined:undefined:undefined:undefined":8,"s:49:4:51:Infinity":28,"s:50:6:50:Infinity":29,"b:52:4:56:Infinity:54:11:56:Infinity":9,"s:52:4:56:Infinity":30,"s:53:6:53:Infinity":31,"b:54:11:56:Infinity:undefined:undefined:undefined:undefined":10,"s:54:11:56:Infinity":32,"b:54:15:54:43:54:43:54:70":11,"s:55:6:55:Infinity":33,"b:57:4:59:Infinity:undefined:undefined:undefined:undefined":12,"s:57:4:59:Infinity":34,"s:58:6:58:Infinity":35,"b:60:4:73:Infinity:62:11:73:Infinity":13,"s:60:4:73:Infinity":36,"s:61:6:61:Infinity":37,"s:63:18:63:Infinity":38,"s:64:25:64:Infinity":39,"s:65:17:65:Infinity":40,"s:66:16:66:Infinity":41,"b:67:6:69:Infinity:undefined:undefined:undefined:undefined":14,"s:67:6:69:Infinity":42,"b:67:10:67:20:67:20:67:31:67:31:67:70":15,"s:68:8:68:Infinity":43,"b:70:6:72:Infinity:undefined:undefined:undefined:undefined":16,"s:70:6:72:Infinity":44,"b:70:10:70:23:70:23:70:35":17,"s:71:8:71:Infinity":45,"s:74:4:74:Infinity":46,"s:77:18:77:Infinity":47,"s:79:23:89:Infinity":48,"f:79:23:79:24":4,"s:80:26:80:34":49,"s:81:20:81:Infinity":50,"b:83:4:88:Infinity:86:11:88:Infinity":18,"s:83:4:88:Infinity":51,"s:84:12:84:Infinity":52,"s:85:6:85:Infinity":53,"f:85:14:85:23":5,"s:85:23:85:Infinity":54,"s:87:6:87:Infinity":55,"f:87:14:87:23":6,"s:87:23:87:Infinity":56,"s:92:23:243:Infinity":57,"f:92:23:92:30":7,"s:93:4:93:Infinity":58,"b:94:4:97:Infinity:undefined:undefined:undefined:undefined":19,"s:94:4:97:Infinity":59,"s:95:6:95:Infinity":60,"s:96:6:96:Infinity":61,"s:99:4:242:Infinity":62,"s:100:23:110:Infinity":63,"b:112:6:238:Infinity:236:13:238:Infinity":20,"s:112:6:238:Infinity":64,"s:114:29:114:45":65,"b:115:8:120:Infinity:undefined:undefined:undefined:undefined":21,"s:115:8:120:Infinity":66,"s:116:32:116:Infinity":67,"b:117:10:119:Infinity:undefined:undefined:undefined:undefined":22,"s:117:10:119:Infinity":68,"s:118:12:118:Infinity":69,"s:123:8:234:17":70,"f:123:19:123:Infinity":8,"s:125:28:125:Infinity":71,"s:126:10:134:Infinity":72,"f:126:28:126:Infinity":9,"s:127:12:133:Infinity":73,"b:128:14:130:Infinity:undefined:undefined:undefined:undefined":23,"s:128:14:130:Infinity":74,"s:129:16:129:Infinity":75,"s:137:10:137:Infinity":76,"s:138:10:138:Infinity":77,"s:139:10:139:Infinity":78,"s:141:10:148:Infinity":79,"s:151:32:151:Infinity":80,"b:153:10:233:Infinity:undefined:undefined:undefined:undefined":24,"s:153:10:233:Infinity":81,"b:153:14:153:35:153:39:153:60":25,"s:154:26:154:47":82,"s:156:12:156:Infinity":83,"s:157:12:157:Infinity":84,"s:158:12:158:Infinity":85,"s:161:12:161:Infinity":86,"s:162:37:162:Infinity":87,"b:163:12:168:Infinity:undefined:undefined:undefined:undefined":26,"s:163:12:168:Infinity":88,"b:163:16:163:40:163:44:163:68":27,"s:164:14:164:Infinity":89,"s:165:14:165:Infinity":90,"s:166:14:166:Infinity":91,"s:167:14:167:Infinity":92,"s:172:29:172:40":93,"s:175:31:187:Infinity":94,"f:175:31:175:32":10,"b:176:14:178:Infinity:undefined:undefined:undefined:undefined":28,"s:176:14:178:Infinity":95,"s:177:16:177:Infinity":96,"b:179:14:182:Infinity:undefined:undefined:undefined:undefined":29,"s:179:14:182:Infinity":97,"s:180:58:180:Infinity":98,"s:181:16:181:Infinity":99,"b:181:23:181:34:181:38:181:Infinity":30,"b:183:14:185:Infinity:undefined:undefined:undefined:undefined":31,"s:183:14:185:Infinity":100,"b:183:18:183:45:183:45:183:61:183:61:183:78":32,"s:184:16:184:Infinity":101,"s:186:14:186:Infinity":102,"s:189:27:189:Infinity":103,"s:190:28:190:Infinity":104,"b:190:28:190:50:190:50:190:80:190:80:190:Infinity":33,"s:192:12:192:Infinity":105,"s:193:12:193:Infinity":106,"s:194:12:194:Infinity":107,"s:195:12:195:Infinity":108,"b:198:12:200:Infinity:undefined:undefined:undefined:undefined":34,"s:198:12:200:Infinity":109,"s:199:14:199:Infinity":110,"s:203:12:203:Infinity":111,"s:206:30:206:Infinity":112,"s:207:12:215:Infinity":113,"f:207:30:207:Infinity":11,"s:208:14:214:Infinity":114,"b:209:16:211:Infinity:undefined:undefined:undefined:undefined":35,"s:209:16:211:Infinity":115,"s:210:18:210:Infinity":116,"s:218:12:218:Infinity":117,"s:219:12:219:Infinity":118,"s:220:12:220:Infinity":119,"s:222:12:222:Infinity":120,"s:223:12:223:Infinity":121,"b:226:12:232:Infinity:229:19:232:Infinity":36,"s:226:12:232:Infinity":122,"s:227:14:227:Infinity":123,"s:228:14:228:Infinity":124,"s:230:14:230:Infinity":125,"s:231:14:231:Infinity":126,"s:237:8:237:Infinity":127,"b:237:33:237:49:237:53:237:89":37,"s:240:6:240:Infinity":128,"s:241:6:241:Infinity":129,"s:246:29:249:Infinity":130,"f:246:29:246:30":12,"b:247:4:247:Infinity:undefined:undefined:undefined:undefined":38,"s:247:4:247:Infinity":131,"s:247:26:247:Infinity":132,"s:248:4:248:Infinity":133,"b:248:31:248:46:248:46:248:Infinity":39}}}
,"C:\\Users\\KLAINER\\Desktop\\hreact\\src\\context\\AuthProvider.tsx": {"path":"C:\\Users\\KLAINER\\Desktop\\hreact\\src\\context\\AuthProvider.tsx","statementMap":{"0":{"start":{"line":14,"column":6},"end":{"line":14,"column":null}},"1":{"start":{"line":16,"column":28},"end":{"line":45,"column":null}},"2":{"start":{"line":17,"column":29},"end":{"line":17,"column":null}},"3":{"start":{"line":17,"column":57},"end":{"line":17,"column":null}},"4":{"start":{"line":19,"column":2},"end":{"line":21,"column":null}},"5":{"start":{"line":20,"column":4},"end":{"line":20,"column":null}},"6":{"start":{"line":23,"column":16},"end":{"line":23,"column":null}},"7":{"start":{"line":23,"column":38},"end":{"line":23,"column":null}},"8":{"start":{"line":25,"column":17},"end":{"line":32,"column":null}},"9":{"start":{"line":26,"column":4},"end":{"line":26,"column":null}},"10":{"start":{"line":27,"column":4},"end":{"line":27,"column":null}},"11":{"start":{"line":29,"column":4},"end":{"line":31,"column":null}},"12":{"start":{"line":30,"column":6},"end":{"line":30,"column":null}},"13":{"start":{"line":34,"column":24},"end":{"line":36,"column":null}},"14":{"start":{"line":35,"column":4},"end":{"line":35,"column":null}},"15":{"start":{"line":38,"column":26},"end":{"line":38,"column":null}},"16":{"start":{"line":47,"column":23},"end":{"line":51,"column":null}},"17":{"start":{"line":48,"column":8},"end":{"line":48,"column":null}},"18":{"start":{"line":49,"column":2},"end":{"line":49,"column":null}},"19":{"start":{"line":49,"column":16},"end":{"line":49,"column":null}},"20":{"start":{"line":50,"column":2},"end":{"line":50,"column":null}}},"fnMap":{"0":{"name":"(anonymous_0)","decl":{"start":{"line":16,"column":28},"end":{"line":16,"column":29}},"loc":{"start":{"line":16,"column":66},"end":{"line":45,"column":null}},"line":16},"1":{"name":"(anonymous_1)","decl":{"start":{"line":17,"column":57},"end":{"line":17,"column":63}},"loc":{"start":{"line":17,"column":57},"end":{"line":17,"column":null}},"line":17},"2":{"name":"(anonymous_2)","decl":{"start":{"line":19,"column":12},"end":{"line":19,"column":null}},"loc":{"start":{"line":19,"column":12},"end":{"line":21,"column":5}},"line":19},"3":{"name":"(anonymous_3)","decl":{"start":{"line":23,"column":16},"end":{"line":23,"column":17}},"loc":{"start":{"line":23,"column":38},"end":{"line":23,"column":null}},"line":23},"4":{"name":"(anonymous_4)","decl":{"start":{"line":25,"column":17},"end":{"line":25,"column":null}},"loc":{"start":{"line":25,"column":17},"end":{"line":32,"column":null}},"line":25},"5":{"name":"(anonymous_5)","decl":{"start":{"line":34,"column":24},"end":{"line":34,"column":25}},"loc":{"start":{"line":34,"column":25},"end":{"line":36,"column":null}},"line":34},"6":{"name":"(anonymous_6)","decl":{"start":{"line":47,"column":23},"end":{"line":47,"column":null}},"loc":{"start":{"line":47,"column":23},"end":{"line":51,"column":null}},"line":47}},"branchMap":{"0":{"loc":{"start":{"line":29,"column":4},"end":{"line":31,"column":null}},"type":"if","locations":[{"start":{"line":29,"column":4},"end":{"line":31,"column":null}},{"start":{},"end":{}}],"line":29},"1":{"loc":{"start":{"line":29,"column":8},"end":{"line":29,"column":87}},"type":"binary-expr","locations":[{"start":{"line":29,"column":8},"end":{"line":29,"column":41}},{"start":{"line":29,"column":41},"end":{"line":29,"column":87}}],"line":29},"2":{"loc":{"start":{"line":49,"column":2},"end":{"line":49,"column":null}},"type":"if","locations":[{"start":{"line":49,"column":2},"end":{"line":49,"column":null}},{"start":{},"end":{}}],"line":49}},"s":{"0":3,"1":3,"2":15,"3":12,"4":15,"5":15,"6":15,"7":2,"8":15,"9":1,"10":1,"11":1,"12":0,"13":15,"14":0,"15":15,"16":3,"17":21,"18":21,"19":0,"20":21},"f":{"0":15,"1":12,"2":15,"3":2,"4":1,"5":0,"6":21},"b":{"0":[0,1],"1":[1,1],"2":[0,21]},"meta":{"lastBranch":3,"lastFunction":7,"lastStatement":21,"seen":{"s:14:6:14:Infinity":0,"s:16:28:45:Infinity":1,"f:16:28:16:29":0,"s:17:29:17:Infinity":2,"f:17:57:17:63":1,"s:17:57:17:Infinity":3,"s:19:2:21:Infinity":4,"f:19:12:19:Infinity":2,"s:20:4:20:Infinity":5,"s:23:16:23:Infinity":6,"f:23:16:23:17":3,"s:23:38:23:Infinity":7,"s:25:17:32:Infinity":8,"f:25:17:25:Infinity":4,"s:26:4:26:Infinity":9,"s:27:4:27:Infinity":10,"b:29:4:31:Infinity:undefined:undefined:undefined:undefined":0,"s:29:4:31:Infinity":11,"b:29:8:29:41:29:41:29:87":1,"s:30:6:30:Infinity":12,"s:34:24:36:Infinity":13,"f:34:24:34:25":5,"s:35:4:35:Infinity":14,"s:38:26:38:Infinity":15,"s:47:23:51:Infinity":16,"f:47:23:47:Infinity":6,"s:48:8:48:Infinity":17,"b:49:2:49:Infinity:undefined:undefined:undefined:undefined":2,"s:49:2:49:Infinity":18,"s:49:16:49:Infinity":19,"s:50:2:50:Infinity":20}}}
,"C:\\Users\\KLAINER\\Desktop\\hreact\\src\\context\\CarritoProvider.tsx": {"path":"C:\\Users\\KLAINER\\Desktop\\hreact\\src\\context\\CarritoProvider.tsx","statementMap":{"0":{"start":{"line":24,"column":6},"end":{"line":24,"column":null}},"1":{"start":{"line":26,"column":31},"end":{"line":153,"column":null}},"2":{"start":{"line":27,"column":29},"end":{"line":27,"column":null}},"3":{"start":{"line":27,"column":56},"end":{"line":27,"column":null}},"4":{"start":{"line":29,"column":2},"end":{"line":31,"column":null}},"5":{"start":{"line":30,"column":4},"end":{"line":30,"column":null}},"6":{"start":{"line":34,"column":8},"end":{"line":36,"column":null}},"7":{"start":{"line":35,"column":4},"end":{"line":35,"column":null}},"8":{"start":{"line":35,"column":41},"end":{"line":35,"column":75}},"9":{"start":{"line":38,"column":8},"end":{"line":40,"column":null}},"10":{"start":{"line":39,"column":4},"end":{"line":39,"column":null}},"11":{"start":{"line":39,"column":41},"end":{"line":39,"column":60}},"12":{"start":{"line":42,"column":21},"end":{"line":42,"column":36}},"13":{"start":{"line":45,"column":27},"end":{"line":63,"column":null}},"14":{"start":{"line":46,"column":4},"end":{"line":62,"column":null}},"15":{"start":{"line":47,"column":24},"end":{"line":47,"column":null}},"16":{"start":{"line":47,"column":42},"end":{"line":47,"column":69}},"17":{"start":{"line":48,"column":6},"end":{"line":61,"column":null}},"18":{"start":{"line":49,"column":8},"end":{"line":50,"column":null}},"19":{"start":{"line":50,"column":10},"end":{"line":50,"column":null}},"20":{"start":{"line":53,"column":27},"end":{"line":53,"column":109}},"21":{"start":{"line":54,"column":8},"end":{"line":60,"column":null}},"22":{"start":{"line":65,"column":22},"end":{"line":82,"column":null}},"23":{"start":{"line":66,"column":4},"end":{"line":81,"column":null}},"24":{"start":{"line":67,"column":24},"end":{"line":67,"column":null}},"25":{"start":{"line":67,"column":42},"end":{"line":67,"column":73}},"26":{"start":{"line":68,"column":6},"end":{"line":80,"column":null}},"27":{"start":{"line":69,"column":8},"end":{"line":70,"column":null}},"28":{"start":{"line":70,"column":10},"end":{"line":70,"column":null}},"29":{"start":{"line":73,"column":8},"end":{"line":79,"column":null}},"30":{"start":{"line":84,"column":30},"end":{"line":90,"column":null}},"31":{"start":{"line":85,"column":4},"end":{"line":87,"column":null}},"32":{"start":{"line":86,"column":6},"end":{"line":87,"column":null}},"33":{"start":{"line":87,"column":8},"end":{"line":87,"column":null}},"34":{"start":{"line":92,"column":28},"end":{"line":103,"column":null}},"35":{"start":{"line":93,"column":4},"end":{"line":102,"column":null}},"36":{"start":{"line":94,"column":28},"end":{"line":94,"column":null}},"37":{"start":{"line":94,"column":46},"end":{"line":94,"column":null}},"38":{"start":{"line":95,"column":6},"end":{"line":101,"column":null}},"39":{"start":{"line":96,"column":8},"end":{"line":97,"column":null}},"40":{"start":{"line":97,"column":10},"end":{"line":97,"column":null}},"41":{"start":{"line":100,"column":8},"end":{"line":100,"column":null}},"42":{"start":{"line":100,"column":35},"end":{"line":100,"column":null}},"43":{"start":{"line":105,"column":29},"end":{"line":107,"column":null}},"44":{"start":{"line":106,"column":4},"end":{"line":106,"column":null}},"45":{"start":{"line":106,"column":23},"end":{"line":106,"column":null}},"46":{"start":{"line":106,"column":43},"end":{"line":106,"column":null}},"47":{"start":{"line":109,"column":22},"end":{"line":111,"column":null}},"48":{"start":{"line":110,"column":4},"end":{"line":110,"column":null}},"49":{"start":{"line":110,"column":23},"end":{"line":110,"column":null}},"50":{"start":{"line":110,"column":43},"end":{"line":110,"column":null}},"51":{"start":{"line":113,"column":29},"end":{"line":123,"column":null}},"52":{"start":{"line":114,"column":4},"end":{"line":122,"column":null}},"53":{"start":{"line":115,"column":6},"end":{"line":115,"column":null}},"54":{"start":{"line":117,"column":6},"end":{"line":119,"column":null}},"55":{"start":{"line":118,"column":8},"end":{"line":119,"column":null}},"56":{"start":{"line":119,"column":10},"end":{"line":119,"column":null}},"57":{"start":{"line":125,"column":25},"end":{"line":127,"column":null}},"58":{"start":{"line":126,"column":4},"end":{"line":126,"column":null}},"59":{"start":{"line":129,"column":24},"end":{"line":129,"column":40}},"60":{"start":{"line":155,"column":26},"end":{"line":159,"column":null}},"61":{"start":{"line":156,"column":8},"end":{"line":156,"column":null}},"62":{"start":{"line":157,"column":2},"end":{"line":157,"column":null}},"63":{"start":{"line":157,"column":16},"end":{"line":157,"column":null}},"64":{"start":{"line":158,"column":2},"end":{"line":158,"column":null}}},"fnMap":{"0":{"name":"(anonymous_0)","decl":{"start":{"line":26,"column":31},"end":{"line":26,"column":32}},"loc":{"start":{"line":26,"column":69},"end":{"line":153,"column":null}},"line":26},"1":{"name":"(anonymous_1)","decl":{"start":{"line":27,"column":56},"end":{"line":27,"column":62}},"loc":{"start":{"line":27,"column":56},"end":{"line":27,"column":null}},"line":27},"2":{"name":"(anonymous_2)","decl":{"start":{"line":29,"column":12},"end":{"line":29,"column":null}},"loc":{"start":{"line":29,"column":12},"end":{"line":31,"column":5}},"line":29},"3":{"name":"(anonymous_3)","decl":{"start":{"line":34,"column":24},"end":{"line":34,"column":null}},"loc":{"start":{"line":34,"column":24},"end":{"line":36,"column":5}},"line":34},"4":{"name":"(anonymous_4)","decl":{"start":{"line":35,"column":26},"end":{"line":35,"column":27}},"loc":{"start":{"line":35,"column":41},"end":{"line":35,"column":75}},"line":35},"5":{"name":"(anonymous_5)","decl":{"start":{"line":38,"column":32},"end":{"line":38,"column":null}},"loc":{"start":{"line":38,"column":32},"end":{"line":40,"column":5}},"line":38},"6":{"name":"(anonymous_6)","decl":{"start":{"line":39,"column":26},"end":{"line":39,"column":27}},"loc":{"start":{"line":39,"column":41},"end":{"line":39,"column":60}},"line":39},"7":{"name":"(anonymous_7)","decl":{"start":{"line":45,"column":27},"end":{"line":45,"column":28}},"loc":{"start":{"line":45,"column":28},"end":{"line":63,"column":null}},"line":45},"8":{"name":"(anonymous_8)","decl":{"start":{"line":46,"column":15},"end":{"line":46,"column":null}},"loc":{"start":{"line":46,"column":15},"end":{"line":62,"column":null}},"line":46},"9":{"name":"(anonymous_9)","decl":{"start":{"line":47,"column":34},"end":{"line":47,"column":42}},"loc":{"start":{"line":47,"column":42},"end":{"line":47,"column":69}},"line":47},"10":{"name":"(anonymous_10)","decl":{"start":{"line":49,"column":24},"end":{"line":49,"column":null}},"loc":{"start":{"line":50,"column":10},"end":{"line":50,"column":null}},"line":50},"11":{"name":"(anonymous_11)","decl":{"start":{"line":65,"column":22},"end":{"line":65,"column":23}},"loc":{"start":{"line":65,"column":23},"end":{"line":82,"column":null}},"line":65},"12":{"name":"(anonymous_12)","decl":{"start":{"line":66,"column":15},"end":{"line":66,"column":null}},"loc":{"start":{"line":66,"column":15},"end":{"line":81,"column":null}},"line":66},"13":{"name":"(anonymous_13)","decl":{"start":{"line":67,"column":34},"end":{"line":67,"column":42}},"loc":{"start":{"line":67,"column":42},"end":{"line":67,"column":73}},"line":67},"14":{"name":"(anonymous_14)","decl":{"start":{"line":69,"column":24},"end":{"line":69,"column":null}},"loc":{"start":{"line":70,"column":10},"end":{"line":70,"column":null}},"line":70},"15":{"name":"(anonymous_15)","decl":{"start":{"line":84,"column":30},"end":{"line":84,"column":31}},"loc":{"start":{"line":84,"column":31},"end":{"line":90,"column":null}},"line":84},"16":{"name":"(anonymous_16)","decl":{"start":{"line":85,"column":15},"end":{"line":85,"column":null}},"loc":{"start":{"line":86,"column":6},"end":{"line":87,"column":null}},"line":86},"17":{"name":"(anonymous_17)","decl":{"start":{"line":86,"column":15},"end":{"line":86,"column":null}},"loc":{"start":{"line":87,"column":8},"end":{"line":87,"column":null}},"line":87},"18":{"name":"(anonymous_18)","decl":{"start":{"line":92,"column":28},"end":{"line":92,"column":29}},"loc":{"start":{"line":92,"column":29},"end":{"line":103,"column":null}},"line":92},"19":{"name":"(anonymous_19)","decl":{"start":{"line":93,"column":15},"end":{"line":93,"column":null}},"loc":{"start":{"line":93,"column":15},"end":{"line":102,"column":null}},"line":93},"20":{"name":"(anonymous_20)","decl":{"start":{"line":94,"column":38},"end":{"line":94,"column":46}},"loc":{"start":{"line":94,"column":46},"end":{"line":94,"column":null}},"line":94},"21":{"name":"(anonymous_21)","decl":{"start":{"line":96,"column":24},"end":{"line":96,"column":null}},"loc":{"start":{"line":97,"column":10},"end":{"line":97,"column":null}},"line":97},"22":{"name":"(anonymous_22)","decl":{"start":{"line":100,"column":27},"end":{"line":100,"column":35}},"loc":{"start":{"line":100,"column":35},"end":{"line":100,"column":null}},"line":100},"23":{"name":"(anonymous_23)","decl":{"start":{"line":105,"column":29},"end":{"line":105,"column":30}},"loc":{"start":{"line":105,"column":30},"end":{"line":107,"column":null}},"line":105},"24":{"name":"(anonymous_24)","decl":{"start":{"line":106,"column":15},"end":{"line":106,"column":23}},"loc":{"start":{"line":106,"column":23},"end":{"line":106,"column":null}},"line":106},"25":{"name":"(anonymous_25)","decl":{"start":{"line":106,"column":35},"end":{"line":106,"column":43}},"loc":{"start":{"line":106,"column":43},"end":{"line":106,"column":null}},"line":106},"26":{"name":"(anonymous_26)","decl":{"start":{"line":109,"column":22},"end":{"line":109,"column":23}},"loc":{"start":{"line":109,"column":23},"end":{"line":111,"column":null}},"line":109},"27":{"name":"(anonymous_27)","decl":{"start":{"line":110,"column":15},"end":{"line":110,"column":23}},"loc":{"start":{"line":110,"column":23},"end":{"line":110,"column":null}},"line":110},"28":{"name":"(anonymous_28)","decl":{"start":{"line":110,"column":35},"end":{"line":110,"column":43}},"loc":{"start":{"line":110,"column":43},"end":{"line":110,"column":null}},"line":110},"29":{"name":"(anonymous_29)","decl":{"start":{"line":113,"column":29},"end":{"line":113,"column":30}},"loc":{"start":{"line":113,"column":42},"end":{"line":123,"column":null}},"line":113},"30":{"name":"(anonymous_30)","decl":{"start":{"line":117,"column":17},"end":{"line":117,"column":null}},"loc":{"start":{"line":118,"column":8},"end":{"line":119,"column":null}},"line":118},"31":{"name":"(anonymous_31)","decl":{"start":{"line":118,"column":17},"end":{"line":118,"column":null}},"loc":{"start":{"line":119,"column":10},"end":{"line":119,"column":null}},"line":119},"32":{"name":"(anonymous_32)","decl":{"start":{"line":125,"column":25},"end":{"line":125,"column":null}},"loc":{"start":{"line":125,"column":25},"end":{"line":127,"column":null}},"line":125},"33":{"name":"(anonymous_33)","decl":{"start":{"line":155,"column":26},"end":{"line":155,"column":null}},"loc":{"start":{"line":155,"column":26},"end":{"line":159,"column":null}},"line":155}},"branchMap":{"0":{"loc":{"start":{"line":48,"column":6},"end":{"line":61,"column":null}},"type":"if","locations":[{"start":{"line":48,"column":6},"end":{"line":61,"column":null}},{"start":{"line":52,"column":13},"end":{"line":61,"column":null}}],"line":48},"1":{"loc":{"start":{"line":50,"column":10},"end":{"line":50,"column":null}},"type":"cond-expr","locations":[{"start":{"line":50,"column":40},"end":{"line":50,"column":83}},{"start":{"line":50,"column":83},"end":{"line":50,"column":null}}],"line":50},"2":{"loc":{"start":{"line":53,"column":27},"end":{"line":53,"column":109}},"type":"cond-expr","locations":[{"start":{"line":53,"column":63},"end":{"line":53,"column":94}},{"start":{"line":53,"column":94},"end":{"line":53,"column":109}}],"line":53},"3":{"loc":{"start":{"line":68,"column":6},"end":{"line":80,"column":null}},"type":"if","locations":[{"start":{"line":68,"column":6},"end":{"line":80,"column":null}},{"start":{"line":72,"column":13},"end":{"line":80,"column":null}}],"line":68},"4":{"loc":{"start":{"line":70,"column":10},"end":{"line":70,"column":null}},"type":"cond-expr","locations":[{"start":{"line":70,"column":44},"end":{"line":70,"column":87}},{"start":{"line":70,"column":87},"end":{"line":70,"column":null}}],"line":70},"5":{"loc":{"start":{"line":87,"column":8},"end":{"line":87,"column":null}},"type":"cond-expr","locations":[{"start":{"line":87,"column":25},"end":{"line":87,"column":68}},{"start":{"line":87,"column":68},"end":{"line":87,"column":null}}],"line":87},"6":{"loc":{"start":{"line":95,"column":6},"end":{"line":101,"column":null}},"type":"if","locations":[{"start":{"line":95,"column":6},"end":{"line":101,"column":null}},{"start":{"line":99,"column":13},"end":{"line":101,"column":null}}],"line":95},"7":{"loc":{"start":{"line":95,"column":10},"end":{"line":95,"column":55}},"type":"binary-expr","locations":[{"start":{"line":95,"column":10},"end":{"line":95,"column":27}},{"start":{"line":95,"column":27},"end":{"line":95,"column":55}}],"line":95},"8":{"loc":{"start":{"line":97,"column":10},"end":{"line":97,"column":null}},"type":"cond-expr","locations":[{"start":{"line":97,"column":27},"end":{"line":97,"column":70}},{"start":{"line":97,"column":70},"end":{"line":97,"column":null}}],"line":97},"9":{"loc":{"start":{"line":114,"column":4},"end":{"line":122,"column":null}},"type":"if","locations":[{"start":{"line":114,"column":4},"end":{"line":122,"column":null}},{"start":{"line":116,"column":11},"end":{"line":122,"column":null}}],"line":114},"10":{"loc":{"start":{"line":119,"column":10},"end":{"line":119,"column":null}},"type":"cond-expr","locations":[{"start":{"line":119,"column":35},"end":{"line":119,"column":59}},{"start":{"line":119,"column":59},"end":{"line":119,"column":null}}],"line":119},"11":{"loc":{"start":{"line":157,"column":2},"end":{"line":157,"column":null}},"type":"if","locations":[{"start":{"line":157,"column":2},"end":{"line":157,"column":null}},{"start":{},"end":{}}],"line":157}},"s":{"0":1,"1":1,"2":22,"3":10,"4":22,"5":22,"6":22,"7":22,"8":10,"9":22,"10":22,"11":10,"12":22,"13":22,"14":0,"15":0,"16":0,"17":0,"18":0,"19":0,"20":0,"21":0,"22":22,"23":9,"24":9,"25":2,"26":9,"27":2,"28":2,"29":7,"30":22,"31":0,"32":0,"33":0,"34":22,"35":0,"36":0,"37":0,"38":0,"39":0,"40":0,"41":0,"42":0,"43":22,"44":0,"45":0,"46":0,"47":22,"48":2,"49":2,"50":2,"51":22,"52":2,"53":1,"54":1,"55":1,"56":1,"57":22,"58":1,"59":22,"60":1,"61":22,"62":22,"63":0,"64":22},"f":{"0":22,"1":10,"2":22,"3":22,"4":10,"5":22,"6":10,"7":0,"8":0,"9":0,"10":0,"11":9,"12":9,"13":2,"14":2,"15":0,"16":0,"17":0,"18":0,"19":0,"20":0,"21":0,"22":0,"23":0,"24":0,"25":0,"26":2,"27":2,"28":2,"29":2,"30":1,"31":1,"32":1,"33":22},"b":{"0":[0,0],"1":[0,0],"2":[0,0],"3":[2,7],"4":[2,0],"5":[0,0],"6":[0,0],"7":[0,0],"8":[0,0],"9":[1,1],"10":[1,0],"11":[0,22]},"meta":{"lastBranch":12,"lastFunction":34,"lastStatement":65,"seen":{"s:24:6:24:Infinity":0,"s:26:31:153:Infinity":1,"f:26:31:26:32":0,"s:27:29:27:Infinity":2,"f:27:56:27:62":1,"s:27:56:27:Infinity":3,"s:29:2:31:Infinity":4,"f:29:12:29:Infinity":2,"s:30:4:30:Infinity":5,"s:34:8:36:Infinity":6,"f:34:24:34:Infinity":3,"s:35:4:35:Infinity":7,"f:35:26:35:27":4,"s:35:41:35:75":8,"s:38:8:40:Infinity":9,"f:38:32:38:Infinity":5,"s:39:4:39:Infinity":10,"f:39:26:39:27":6,"s:39:41:39:60":11,"s:42:21:42:36":12,"s:45:27:63:Infinity":13,"f:45:27:45:28":7,"s:46:4:62:Infinity":14,"f:46:15:46:Infinity":8,"s:47:24:47:Infinity":15,"f:47:34:47:42":9,"s:47:42:47:69":16,"b:48:6:61:Infinity:52:13:61:Infinity":0,"s:48:6:61:Infinity":17,"s:49:8:50:Infinity":18,"f:49:24:49:Infinity":10,"s:50:10:50:Infinity":19,"b:50:40:50:83:50:83:50:Infinity":1,"s:53:27:53:109":20,"b:53:63:53:94:53:94:53:109":2,"s:54:8:60:Infinity":21,"s:65:22:82:Infinity":22,"f:65:22:65:23":11,"s:66:4:81:Infinity":23,"f:66:15:66:Infinity":12,"s:67:24:67:Infinity":24,"f:67:34:67:42":13,"s:67:42:67:73":25,"b:68:6:80:Infinity:72:13:80:Infinity":3,"s:68:6:80:Infinity":26,"s:69:8:70:Infinity":27,"f:69:24:69:Infinity":14,"s:70:10:70:Infinity":28,"b:70:44:70:87:70:87:70:Infinity":4,"s:73:8:79:Infinity":29,"s:84:30:90:Infinity":30,"f:84:30:84:31":15,"s:85:4:87:Infinity":31,"f:85:15:85:Infinity":16,"s:86:6:87:Infinity":32,"f:86:15:86:Infinity":17,"s:87:8:87:Infinity":33,"b:87:25:87:68:87:68:87:Infinity":5,"s:92:28:103:Infinity":34,"f:92:28:92:29":18,"s:93:4:102:Infinity":35,"f:93:15:93:Infinity":19,"s:94:28:94:Infinity":36,"f:94:38:94:46":20,"s:94:46:94:Infinity":37,"b:95:6:101:Infinity:99:13:101:Infinity":6,"s:95:6:101:Infinity":38,"b:95:10:95:27:95:27:95:55":7,"s:96:8:97:Infinity":39,"f:96:24:96:Infinity":21,"s:97:10:97:Infinity":40,"b:97:27:97:70:97:70:97:Infinity":8,"s:100:8:100:Infinity":41,"f:100:27:100:35":22,"s:100:35:100:Infinity":42,"s:105:29:107:Infinity":43,"f:105:29:105:30":23,"s:106:4:106:Infinity":44,"f:106:15:106:23":24,"s:106:23:106:Infinity":45,"f:106:35:106:43":25,"s:106:43:106:Infinity":46,"s:109:22:111:Infinity":47,"f:109:22:109:23":26,"s:110:4:110:Infinity":48,"f:110:15:110:23":27,"s:110:23:110:Infinity":49,"f:110:35:110:43":28,"s:110:43:110:Infinity":50,"s:113:29:123:Infinity":51,"f:113:29:113:30":29,"b:114:4:122:Infinity:116:11:122:Infinity":9,"s:114:4:122:Infinity":52,"s:115:6:115:Infinity":53,"s:117:6:119:Infinity":54,"f:117:17:117:Infinity":30,"s:118:8:119:Infinity":55,"f:118:17:118:Infinity":31,"s:119:10:119:Infinity":56,"b:119:35:119:59:119:59:119:Infinity":10,"s:125:25:127:Infinity":57,"f:125:25:125:Infinity":32,"s:126:4:126:Infinity":58,"s:129:24:129:40":59,"s:155:26:159:Infinity":60,"f:155:26:155:Infinity":33,"s:156:8:156:Infinity":61,"b:157:2:157:Infinity:undefined:undefined:undefined:undefined":11,"s:157:2:157:Infinity":62,"s:157:16:157:Infinity":63,"s:158:2:158:Infinity":64}}}
,"C:\\Users\\KLAINER\\Desktop\\hreact\\src\\interfaces\\rolUsuario.ts": {"path":"C:\\Users\\KLAINER\\Desktop\\hreact\\src\\interfaces\\rolUsuario.ts","statementMap":{"0":{"start":{"line":1,"column":12},"end":{"line":1,"column":null}}},"fnMap":{},"branchMap":{},"s":{"0":1},"f":{},"b":{},"meta":{"lastBranch":0,"lastFunction":0,"lastStatement":1,"seen":{"s:1:12:1:Infinity":0}}}
,"C:\\Users\\KLAINER\\Desktop\\hreact\\src\\pages\\Contacto.tsx": {"path":"C:\\Users\\KLAINER\\Desktop\\hreact\\src\\pages\\Contacto.tsx","statementMap":{"0":{"start":{"line":3,"column":17},"end":{"line":35,"column":null}}},"fnMap":{"0":{"name":"(anonymous_0)","decl":{"start":{"line":3,"column":17},"end":{"line":3,"column":null}},"loc":{"start":{"line":3,"column":17},"end":{"line":35,"column":null}},"line":3}},"branchMap":{},"s":{"0":1},"f":{"0":1},"b":{},"meta":{"lastBranch":0,"lastFunction":1,"lastStatement":1,"seen":{"s:3:17:35:Infinity":0,"f:3:17:3:Infinity":0}}}
,"C:\\Users\\KLAINER\\Desktop\\hreact\\src\\utils\\api.ts": {"path":"C:\\Users\\KLAINER\\Desktop\\hreact\\src\\utils\\api.ts","statementMap":{"0":{"start":{"line":4,"column":25},"end":{"line":4,"column":null}},"1":{"start":{"line":12,"column":26},"end":{"line":24,"column":null}},"2":{"start":{"line":13,"column":22},"end":{"line":13,"column":null}},"3":{"start":{"line":15,"column":2},"end":{"line":21,"column":null}},"4":{"start":{"line":16,"column":4},"end":{"line":20,"column":null}},"5":{"start":{"line":17,"column":6},"end":{"line":17,"column":null}},"6":{"start":{"line":19,"column":6},"end":{"line":19,"column":null}},"7":{"start":{"line":23,"column":2},"end":{"line":23,"column":null}},"8":{"start":{"line":28,"column":29},"end":{"line":44,"column":null}},"9":{"start":{"line":29,"column":2},"end":{"line":43,"column":null}},"10":{"start":{"line":30,"column":21},"end":{"line":35,"column":null}},"11":{"start":{"line":36,"column":4},"end":{"line":36,"column":null}},"12":{"start":{"line":36,"column":22},"end":{"line":36,"column":null}},"13":{"start":{"line":37,"column":17},"end":{"line":37,"column":null}},"14":{"start":{"line":38,"column":4},"end":{"line":38,"column":null}},"15":{"start":{"line":40,"column":4},"end":{"line":40,"column":null}},"16":{"start":{"line":41,"column":26},"end":{"line":41,"column":null}},"17":{"start":{"line":42,"column":4},"end":{"line":42,"column":null}},"18":{"start":{"line":46,"column":32},"end":{"line":74,"column":null}},"19":{"start":{"line":47,"column":2},"end":{"line":73,"column":null}},"20":{"start":{"line":48,"column":21},"end":{"line":54,"column":null}},"21":{"start":{"line":56,"column":17},"end":{"line":56,"column":null}},"22":{"start":{"line":58,"column":4},"end":{"line":60,"column":null}},"23":{"start":{"line":59,"column":6},"end":{"line":59,"column":null}},"24":{"start":{"line":62,"column":4},"end":{"line":66,"column":null}},"25":{"start":{"line":68,"column":4},"end":{"line":68,"column":null}},"26":{"start":{"line":69,"column":4},"end":{"line":72,"column":null}},"27":{"start":{"line":77,"column":35},"end":{"line":155,"column":null}},"28":{"start":{"line":78,"column":2},"end":{"line":154,"column":null}},"29":{"start":{"line":79,"column":4},"end":{"line":79,"column":null}},"30":{"start":{"line":81,"column":21},"end":{"line":86,"column":null}},"31":{"start":{"line":88,"column":4},"end":{"line":88,"column":null}},"32":{"start":{"line":90,"column":4},"end":{"line":92,"column":null}},"33":{"start":{"line":91,"column":6},"end":{"line":91,"column":null}},"34":{"start":{"line":94,"column":17},"end":{"line":94,"column":null}},"35":{"start":{"line":95,"column":24},"end":{"line":95,"column":null}},"36":{"start":{"line":97,"column":4},"end":{"line":97,"column":null}},"37":{"start":{"line":98,"column":4},"end":{"line":98,"column":null}},"38":{"start":{"line":99,"column":4},"end":{"line":99,"column":null}},"39":{"start":{"line":102,"column":39},"end":{"line":102,"column":54}},"40":{"start":{"line":105,"column":4},"end":{"line":121,"column":null}},"41":{"start":{"line":106,"column":6},"end":{"line":106,"column":null}},"42":{"start":{"line":107,"column":6},"end":{"line":107,"column":47}},"43":{"start":{"line":110,"column":9},"end":{"line":121,"column":null}},"44":{"start":{"line":111,"column":48},"end":{"line":115,"column":null}},"45":{"start":{"line":116,"column":6},"end":{"line":116,"column":null}},"46":{"start":{"line":119,"column":9},"end":{"line":121,"column":null}},"47":{"start":{"line":120,"column":6},"end":{"line":120,"column":null}},"48":{"start":{"line":123,"column":4},"end":{"line":123,"column":null}},"49":{"start":{"line":125,"column":37},"end":{"line":137,"column":null}},"50":{"start":{"line":139,"column":4},"end":{"line":139,"column":null}},"51":{"start":{"line":140,"column":4},"end":{"line":140,"column":null}},"52":{"start":{"line":141,"column":4},"end":{"line":141,"column":null}},"53":{"start":{"line":143,"column":4},"end":{"line":147,"column":null}},"54":{"start":{"line":149,"column":4},"end":{"line":149,"column":null}},"55":{"start":{"line":150,"column":4},"end":{"line":153,"column":null}},"56":{"start":{"line":157,"column":38},"end":{"line":255,"column":null}},"57":{"start":{"line":158,"column":2},"end":{"line":254,"column":null}},"58":{"start":{"line":160,"column":22},"end":{"line":160,"column":null}},"59":{"start":{"line":161,"column":33},"end":{"line":163,"column":null}},"60":{"start":{"line":165,"column":4},"end":{"line":167,"column":null}},"61":{"start":{"line":166,"column":6},"end":{"line":166,"column":null}},"62":{"start":{"line":169,"column":4},"end":{"line":169,"column":null}},"63":{"start":{"line":172,"column":4},"end":{"line":203,"column":null}},"64":{"start":{"line":173,"column":23},"end":{"line":176,"column":null}},"65":{"start":{"line":178,"column":6},"end":{"line":202,"column":null}},"66":{"start":{"line":179,"column":21},"end":{"line":179,"column":null}},"67":{"start":{"line":180,"column":28},"end":{"line":180,"column":null}},"68":{"start":{"line":182,"column":41},"end":{"line":194,"column":null}},"69":{"start":{"line":196,"column":8},"end":{"line":196,"column":null}},"70":{"start":{"line":197,"column":8},"end":{"line":201,"column":null}},"71":{"start":{"line":206,"column":29},"end":{"line":209,"column":null}},"72":{"start":{"line":211,"column":4},"end":{"line":214,"column":null}},"73":{"start":{"line":212,"column":6},"end":{"line":212,"column":null}},"74":{"start":{"line":213,"column":6},"end":{"line":213,"column":null}},"75":{"start":{"line":216,"column":25},"end":{"line":216,"column":null}},"76":{"start":{"line":217,"column":26},"end":{"line":217,"column":99}},"77":{"start":{"line":219,"column":4},"end":{"line":219,"column":null}},"78":{"start":{"line":221,"column":30},"end":{"line":221,"column":null}},"79":{"start":{"line":221,"column":61},"end":{"line":221,"column":null}},"80":{"start":{"line":223,"column":4},"end":{"line":226,"column":null}},"81":{"start":{"line":224,"column":6},"end":{"line":224,"column":null}},"82":{"start":{"line":225,"column":6},"end":{"line":225,"column":null}},"83":{"start":{"line":228,"column":37},"end":{"line":240,"column":null}},"84":{"start":{"line":242,"column":4},"end":{"line":242,"column":null}},"85":{"start":{"line":243,"column":4},"end":{"line":247,"column":null}},"86":{"start":{"line":249,"column":4},"end":{"line":249,"column":null}},"87":{"start":{"line":250,"column":4},"end":{"line":253,"column":null}},"88":{"start":{"line":257,"column":28},"end":{"line":344,"column":null}},"89":{"start":{"line":258,"column":2},"end":{"line":343,"column":null}},"90":{"start":{"line":259,"column":20},"end":{"line":259,"column":null}},"91":{"start":{"line":261,"column":4},"end":{"line":261,"column":null}},"92":{"start":{"line":263,"column":21},"end":{"line":269,"column":null}},"93":{"start":{"line":271,"column":4},"end":{"line":271,"column":null}},"94":{"start":{"line":272,"column":4},"end":{"line":272,"column":null}},"95":{"start":{"line":274,"column":17},"end":{"line":274,"column":null}},"96":{"start":{"line":276,"column":4},"end":{"line":276,"column":null}},"97":{"start":{"line":277,"column":4},"end":{"line":277,"column":null}},"98":{"start":{"line":279,"column":4},"end":{"line":285,"column":null}},"99":{"start":{"line":281,"column":6},"end":{"line":283,"column":null}},"100":{"start":{"line":282,"column":8},"end":{"line":282,"column":null}},"101":{"start":{"line":284,"column":6},"end":{"line":284,"column":null}},"102":{"start":{"line":288,"column":24},"end":{"line":288,"column":null}},"103":{"start":{"line":290,"column":4},"end":{"line":290,"column":null}},"104":{"start":{"line":291,"column":4},"end":{"line":291,"column":null}},"105":{"start":{"line":294,"column":39},"end":{"line":294,"column":54}},"106":{"start":{"line":295,"column":4},"end":{"line":304,"column":null}},"107":{"start":{"line":296,"column":48},"end":{"line":300,"column":null}},"108":{"start":{"line":301,"column":6},"end":{"line":301,"column":null}},"109":{"start":{"line":302,"column":11},"end":{"line":304,"column":null}},"110":{"start":{"line":303,"column":6},"end":{"line":303,"column":null}},"111":{"start":{"line":306,"column":4},"end":{"line":306,"column":null}},"112":{"start":{"line":309,"column":37},"end":{"line":321,"column":null}},"113":{"start":{"line":323,"column":4},"end":{"line":323,"column":null}},"114":{"start":{"line":324,"column":4},"end":{"line":324,"column":null}},"115":{"start":{"line":327,"column":4},"end":{"line":329,"column":null}},"116":{"start":{"line":328,"column":6},"end":{"line":328,"column":null}},"117":{"start":{"line":331,"column":4},"end":{"line":336,"column":null}},"118":{"start":{"line":338,"column":4},"end":{"line":338,"column":null}},"119":{"start":{"line":339,"column":4},"end":{"line":342,"column":null}},"120":{"start":{"line":350,"column":37},"end":{"line":423,"column":null}},"121":{"start":{"line":361,"column":2},"end":{"line":422,"column":null}},"122":{"start":{"line":363,"column":20},"end":{"line":374,"column":null}},"123":{"start":{"line":376,"column":4},"end":{"line":376,"column":null}},"124":{"start":{"line":378,"column":21},"end":{"line":384,"column":null}},"125":{"start":{"line":386,"column":4},"end":{"line":386,"column":null}},"126":{"start":{"line":387,"column":4},"end":{"line":387,"column":null}},"127":{"start":{"line":389,"column":17},"end":{"line":389,"column":null}},"128":{"start":{"line":391,"column":4},"end":{"line":391,"column":null}},"129":
[...]
,"C:\\Users\\KLAINER\\Desktop\\hreact\\src\\utils\\deleteConfirmation.ts": {"path":"C:\\Users\\KLAINER\\Desktop\\hreact\\src\\utils\\deleteConfirmation.ts","statementMap":{"0":{"start":{"line":3,"column":29},"end":{"line":25,"column":null}},"1":{"start":{"line":4,"column":17},"end":{"line":13,"column":null}},"2":{"start":{"line":15,"column":2},"end":{"line":23,"column":null}},"3":{"start":{"line":16,"column":4},"end":{"line":21,"column":null}},"4":{"start":{"line":22,"column":4},"end":{"line":22,"column":null}},"5":{"start":{"line":24,"column":2},"end":{"line":24,"column":null}},"6":{"start":{"line":27,"column":38},"end":{"line":44,"column":null}},"7":{"start":{"line":28,"column":2},"end":{"line":43,"column":null}},"8":{"start":{"line":29,"column":19},"end":{"line":38,"column":null}},"9":{"start":{"line":40,"column":4},"end":{"line":40,"column":null}},"10":{"start":{"line":42,"column":4},"end":{"line":42,"column":null}}},"fnMap":{"0":{"name":"(anonymous_0)","decl":{"start":{"line":3,"column":29},"end":{"line":3,"column":36}},"loc":{"start":{"line":3,"column":65},"end":{"line":25,"column":null}},"line":3},"1":{"name":"(anonymous_1)","decl":{"start":{"line":27,"column":38},"end":{"line":27,"column":45}},"loc":{"start":{"line":27,"column":59},"end":{"line":44,"column":null}},"line":27}},"branchMap":{"0":{"loc":{"start":{"line":3,"column":36},"end":{"line":3,"column":65}},"type":"default-arg","locations":[{"start":{"line":3,"column":55},"end":{"line":3,"column":65}}],"line":3},"1":{"loc":{"start":{"line":15,"column":2},"end":{"line":23,"column":null}},"type":"if","locations":[{"start":{"line":15,"column":2},"end":{"line":23,"column":null}},{"start":{},"end":{}}],"line":15}},"s":{"0":1,"1":0,"2":0,"3":0,"4":0,"5":0,"6":1,"7":4,"8":4,"9":3,"10":1},"f":{"0":0,"1":4},"b":{"0":[0],"1":[0,0]},"meta":{"lastBranch":2,"lastFunction":2,"lastStatement":11,"seen":{"s:3:29:25:Infinity":0,"f:3:29:3:36":0,"b:3:55:3:65":0,"s:4:17:13:Infinity":1,"b:15:2:23:Infinity:undefined:undefined:undefined:undefined":1,"s:15:2:23:Infinity":2,"s:16:4:21:Infinity":3,"s:22:4:22:Infinity":4,"s:24:2:24:Infinity":5,"s:27:38:44:Infinity":6,"f:27:38:27:45":1,"s:28:2:43:Infinity":7,"s:29:19:38:Infinity":8,"s:40:4:40:Infinity":9,"s:42:4:42:Infinity":10}}}
,"C:\\Users\\KLAINER\\Desktop\\hreact\\src\\utils\\formatRut.ts": {"path":"C:\\Users\\KLAINER\\Desktop\\hreact\\src\\utils\\formatRut.ts","statementMap":{"0":{"start":{"line":1,"column":31},"end":{"line":20,"column":null}},"1":{"start":{"line":3,"column":21},"end":{"line":3,"column":null}},"2":{"start":{"line":5,"column":2},"end":{"line":7,"column":null}},"3":{"start":{"line":6,"column":4},"end":{"line":6,"column":null}},"4":{"start":{"line":9,"column":2},"end":{"line":11,"column":null}},"5":{"start":{"line":10,"column":4},"end":{"line":10,"column":null}},"6":{"start":{"line":13,"column":13},"end":{"line":13,"column":null}},"7":{"start":{"line":14,"column":13},"end":{"line":14,"column":null}},"8":{"start":{"line":17,"column":2},"end":{"line":17,"column":null}},"9":{"start":{"line":19,"column":2},"end":{"line":19,"column":null}},"10":{"start":{"line":22,"column":25},"end":{"line":46,"column":null}},"11":{"start":{"line":24,"column":2},"end":{"line":26,"column":null}},"12":{"start":{"line":25,"column":4},"end":{"line":25,"column":null}},"13":{"start":{"line":29,"column":21},"end":{"line":29,"column":null}},"14":{"start":{"line":31,"column":2},"end":{"line":33,"column":null}},"15":{"start":{"line":32,"column":4},"end":{"line":32,"column":null}},"16":{"start":{"line":35,"column":2},"end":{"line":37,"column":null}},"17":{"start":{"line":36,"column":4},"end":{"line":36,"column":null}},"18":{"start":{"line":39,"column":13},"end":{"line":39,"column":null}},"19":{"start":{"line":40,"column":11},"end":{"line":40,"column":null}},"20":{"start":{"line":43,"column":2},"end":{"line":43,"column":null}},"21":{"start":{"line":45,"column":2},"end":{"line":45,"column":null}}},"fnMap":{"0":{"name":"(anonymous_0)","decl":{"start":{"line":1,"column":31},"end":{"line":1,"column":32}},"loc":{"start":{"line":1,"column":32},"end":{"line":20,"column":null}},"line":1},"1":{"name":"(anonymous_1)","decl":{"start":{"line":22,"column":25},"end":{"line":22,"column":26}},"loc":{"start":{"line":22,"column":26},"end":{"line":46,"column":null}},"line":22}},"branchMap":{"0":{"loc":{"start":{"line":5,"column":2},"end":{"line":7,"column":null}},"type":"if","locations":[{"start":{"line":5,"column":2},"end":{"line":7,"column":null}},{"start":{},"end":{}}],"line":5},"1":{"loc":{"start":{"line":9,"column":2},"end":{"line":11,"column":null}},"type":"if","locations":[{"start":{"line":9,"column":2},"end":{"line":11,"column":null}},{"start":{},"end":{}}],"line":9},"2":{"loc":{"start":{"line":24,"column":2},"end":{"line":26,"column":null}},"type":"if","locations":[{"start":{"line":24,"column":2},"end":{"line":26,"column":null}},{"start":{},"end":{}}],"line":24},"3":{"loc":{"start":{"line":24,"column":6},"end":{"line":24,"column":51}},"type":"binary-expr","locations":[{"start":{"line":24,"column":6},"end":{"line":24,"column":29}},{"start":{"line":24,"column":29},"end":{"line":24,"column":51}}],"line":24},"4":{"loc":{"start":{"line":31,"column":2},"end":{"line":33,"column":null}},"type":"if","locations":[{"start":{"line":31,"column":2},"end":{"line":33,"column":null}},{"start":{},"end":{}}],"line":31},"5":{"loc":{"start":{"line":35,"column":2},"end":{"line":37,"column":null}},"type":"if","locations":[{"start":{"line":35,"column":2},"end":{"line":37,"column":null}},{"start":{},"end":{}}],"line":35}},"s":{"0":2,"1":0,"2":0,"3":0,"4":0,"5":0,"6":0,"7":0,"8":0,"9":0,"10":2,"11":9,"12":1,"13":8,"14":8,"15":1,"16":7,"17":0,"18":7,"19":7,"20":7,"21":7},"f":{"0":0,"1":9},"b":{"0":[0,0],"1":[0,0],"2":[1,8],"3":[9,1],"4":[1,7],"5":[0,7]},"meta":{"lastBranch":6,"lastFunction":2,"lastStatement":22,"seen":{"s:1:31:20:Infinity":0,"f:1:31:1:32":0,"s:3:21:3:Infinity":1,"b:5:2:7:Infinity:undefined:undefined:undefined:undefined":0,"s:5:2:7:Infinity":2,"s:6:4:6:Infinity":3,"b:9:2:11:Infinity:undefined:undefined:undefined:undefined":1,"s:9:2:11:Infinity":4,"s:10:4:10:Infinity":5,"s:13:13:13:Infinity":6,"s:14:13:14:Infinity":7,"s:17:2:17:Infinity":8,"s:19:2:19:Infinity":9,"s:22:25:46:Infinity":10,"f:22:25:22:26":1,"b:24:2:26:Infinity:undefined:undefined:undefined:undefined":2,"s:24:2:26:Infinity":11,"b:24:6:24:29:24:29:24:51":3,"s:25:4:25:Infinity":12,"s:29:21:29:Infinity":13,"b:31:2:33:Infinity:undefined:undefined:undefined:undefined":4,"s:31:2:33:Infinity":14,"s:32:4:32:Infinity":15,"b:35:2:37:Infinity:undefined:undefined:undefined:undefined":5,"s:35:2:37:Infinity":16,"s:36:4:36:Infinity":17,"s:39:13:39:Infinity":18,"s:40:11:40:Infinity":19,"s:43:2:43:Infinity":20,"s:45:2:45:Infinity":21}}}
,"C:\\Users\\KLAINER\\Desktop\\hreact\\src\\utils\\regiones.ts": {"path":"C:\\Users\\KLAINER\\Desktop\\hreact\\src\\utils\\regiones.ts","statementMap":{"0":{"start":{"line":1,"column":31},"end":{"line":20,"column":null}},"1":{"start":{"line":23,"column":24},"end":{"line":23,"column":null}},"2":{"start":{"line":23,"column":58},"end":{"line":23,"column":161}},"3":{"start":{"line":28,"column":2},"end":{"line":31,"column":null}},"4":{"start":{"line":29,"column":29},"end":{"line":29,"column":null}},"5":{"start":{"line":29,"column":64},"end":{"line":29,"column":null}},"6":{"start":{"line":30,"column":4},"end":{"line":30,"column":null}},"7":{"start":{"line":34,"column":27},"end":{"line":34,"column":null}},"8":{"start":{"line":36,"column":27},"end":{"line":36,"column":null}},"9":{"start":{"line":36,"column":62},"end":{"line":36,"column":null}},"10":{"start":{"line":37,"column":2},"end":{"line":37,"column":null}}},"fnMap":{"0":{"name":"(anonymous_0)","decl":{"start":{"line":23,"column":53},"end":{"line":23,"column":58}},"loc":{"start":{"line":23,"column":58},"end":{"line":23,"column":161}},"line":23},"1":{"name":"obtenerComunasPorRegion","decl":{"start":{"line":26,"column":16},"end":{"line":26,"column":40}},"loc":{"start":{"line":26,"column":60},"end":{"line":38,"column":null}},"line":26},"2":{"name":"(anonymous_2)","decl":{"start":{"line":29,"column":59},"end":{"line":29,"column":64}},"loc":{"start":{"line":29,"column":64},"end":{"line":29,"column":null}},"line":29},"3":{"name":"(anonymous_3)","decl":{"start":{"line":36,"column":57},"end":{"line":36,"column":62}},"loc":{"start":{"line":36,"column":62},"end":{"line":36,"column":null}},"line":36}},"branchMap":{"0":{"loc":{"start":{"line":23,"column":58},"end":{"line":23,"column":161}},"type":"cond-expr","locations":[{"start":{"line":23,"column":101},"end":{"line":23,"column":138}},{"start":{"line":23,"column":138},"end":{"line":23,"column":161}}],"line":23},"1":{"loc":{"start":{"line":28,"column":2},"end":{"line":31,"column":null}},"type":"if","locations":[{"start":{"line":28,"column":2},"end":{"line":31,"column":null}},{"start":{},"end":{}}],"line":28},"2":{"loc":{"start":{"line":30,"column":11},"end":{"line":30,"column":59}},"type":"cond-expr","locations":[{"start":{"line":30,"column":30},"end":{"line":30,"column":54}},{"start":{"line":30,"column":57},"end":{"line":30,"column":59}}],"line":30},"3":{"loc":{"start":{"line":37,"column":9},"end":{"line":37,"column":57}},"type":"cond-expr","locations":[{"start":{"line":37,"column":28},"end":{"line":37,"column":52}},{"start":{"line":37,"column":55},"end":{"line":37,"column":57}}],"line":37}},"s":{"0":2,"1":2,"2":32,"3":5,"4":1,"5":7,"6":1,"7":4,"8":4,"9":54,"10":4},"f":{"0":32,"1":5,"2":7,"3":54},"b":{"0":[2,30],"1":[1,4],"2":[1,0],"3":[1,3]},"meta":{"lastBranch":4,"lastFunction":4,"lastStatement":11,"seen":{"s:1:31:20:Infinity":0,"s:23:24:23:Infinity":1,"f:23:53:23:58":0,"s:23:58:23:161":2,"b:23:101:23:138:23:138:23:161":0,"f:26:16:26:40":1,"b:28:2:31:Infinity:undefined:undefined:undefined:undefined":1,"s:28:2:31:Infinity":3,"s:29:29:29:Infinity":4,"f:29:59:29:64":2,"s:29:64:29:Infinity":5,"s:30:4:30:Infinity":6,"b:30:30:30:54:30:57:30:59":2,"s:34:27:34:Infinity":7,"s:36:27:36:Infinity":8,"f:36:57:36:62":3,"s:36:62:36:Infinity":9,"s:37:2:37:Infinity":10,"b:37:28:37:52:37:55:37:57":3}}}
,"C:\\Users\\KLAINER\\Desktop\\hreact\\src\\utils\\storage.ts": {"path":"C:\\Users\\KLAINER\\Desktop\\hreact\\src\\utils\\storage.ts","statementMap":{"0":{"start":{"line":4,"column":20},"end":{"line":4,"column":null}},"1":{"start":{"line":5,"column":20},"end":{"line":5,"column":null}},"2":{"start":{"line":9,"column":2},"end":{"line":14,"column":null}},"3":{"start":{"line":10,"column":27},"end":{"line":10,"column":null}},"4":{"start":{"line":11,"column":4},"end":{"line":11,"column":null}},"5":{"start":{"line":13,"column":4},"end":{"line":13,"column":null}},"6":{"start":{"line":18,"column":2},"end":{"line":25,"column":null}},"7":{"start":{"line":19,"column":27},"end":{"line":19,"column":null}},"8":{"start":{"line":20,"column":4},"end":{"line":20,"column":null}},"9":{"start":{"line":20,"column":33},"end":{"line":20,"column":null}},"10":{"start":{"line":21,"column":4},"end":{"line":21,"column":null}},"11":{"start":{"line":23,"column":4},"end":{"line":23,"column":null}},"12":{"start":{"line":24,"column":4},"end":{"line":24,"column":null}},"13":{"start":{"line":29,"column":2},"end":{"line":33,"column":null}},"14":{"start":{"line":30,"column":4},"end":{"line":30,"column":null}},"15":{"start":{"line":32,"column":4},"end":{"line":32,"column":null}},"16":{"start":{"line":38,"column":2},"end":{"line":45,"column":null}},"17":{"start":{"line":39,"column":28},"end":{"line":39,"column":null}},"18":{"start":{"line":40,"column":4},"end":{"line":40,"column":null}},"19":{"start":{"line":40,"column":34},"end":{"line":40,"column":null}},"20":{"start":{"line":41,"column":4},"end":{"line":41,"column":null}},"21":{"start":{"line":43,"column":4},"end":{"line":43,"column":null}},"22":{"start":{"line":44,"column":4},"end":{"line":44,"column":null}},"23":{"start":{"line":49,"column":2},"end":{"line":58,"column":null}},"24":{"start":{"line":50,"column":4},"end":{"line":55,"column":null}},"25":{"start":{"line":51,"column":6},"end":{"line":51,"column":null}},"26":{"start":{"line":53,"column":30},"end":{"line":53,"column":null}},"27":{"start":{"line":54,"column":6},"end":{"line":54,"column":null}},"28":{"start":{"line":57,"column":4},"end":{"line":57,"column":null}},"29":{"start":{"line":62,"column":2},"end":{"line":66,"column":null}},"30":{"start":{"line":63,"column":4},"end":{"line":63,"column":null}},"31":{"start":{"line":65,"column":4},"end":{"line":65,"column":null}},"32":{"start":{"line":71,"column":2},"end":{"line":77,"column":null}},"33":{"start":{"line":72,"column":16},"end":{"line":72,"column":null}},"34":{"start":{"line":73,"column":4},"end":{"line":73,"column":null}},"35":{"start":{"line":75,"column":4},"end":{"line":75,"column":null}},"36":{"start":{"line":76,"column":4},"end":{"line":76,"column":null}},"37":{"start":{"line":81,"column":2},"end":{"line":86,"column":null}},"38":{"start":{"line":82,"column":28},"end":{"line":82,"column":null}},"39":{"start":{"line":83,"column":4},"end":{"line":83,"column":null}},"40":{"start":{"line":85,"column":4},"end":{"line":85,"column":null}},"41":{"start":{"line":91,"column":20},"end":{"line":91,"column":null}},"42":{"start":{"line":94,"column":4},"end":{"line":99,"column":null}},"43":{"start":{"line":95,"column":20},"end":{"line":95,"column":null}},"44":{"start":{"line":96,"column":8},"end":{"line":96,"column":null}},"45":{"start":{"line":98,"column":8},"end":{"line":98,"column":null}},"46":{"start":{"line":103,"column":4},"end":{"line":103,"column":null}}},"fnMap":{"0":{"name":"saveToLocalStorage","decl":{"start":{"line":8,"column":16},"end":{"line":8,"column":35}},"loc":{"start":{"line":8,"column":57},"end":{"line":15,"column":null}},"line":8},"1":{"name":"getFromLocalStorage","decl":{"start":{"line":17,"column":16},"end":{"line":17,"column":36}},"loc":{"start":{"line":17,"column":47},"end":{"line":26,"column":null}},"line":17},"2":{"name":"removeFromLocalStorage","decl":{"start":{"line":28,"column":16},"end":{"line":28,"column":39}},"loc":{"start":{"line":28,"column":50},"end":{"line":34,"column":null}},"line":28},"3":{"name":"loadUsuario","decl":{"start":{"line":37,"column":16},"end":{"line":37,"column":null}},"loc":{"start":{"line":37,"column":16},"end":{"line":46,"column":null}},"line":37},"4":{"name":"saveUsuario","decl":{"start":{"line":48,"column":16},"end":{"line":48,"column":28}},"loc":{"start":{"line":48,"column":51},"end":{"line":59,"column":null}},"line":48},"5":{"name":"removeUsuario","decl":{"start":{"line":61,"column":16},"end":{"line":61,"column":null}},"loc":{"start":{"line":61,"column":16},"end":{"line":67,"column":null}},"line":61},"6":{"name":"loadCarrito","decl":{"start":{"line":70,"column":16},"end":{"line":70,"column":null}},"loc":{"start":{"line":70,"column":16},"end":{"line":78,"column":null}},"line":70},"7":{"name":"saveCarrito","decl":{"start":{"line":80,"column":16},"end":{"line":80,"column":28}},"loc":{"start":{"line":80,"column":50},"end":{"line":87,"column":null}},"line":80},"8":{"name":"loadPedidos","decl":{"start":{"line":93,"column":16},"end":{"line":93,"column":null}},"loc":{"start":{"line":93,"column":16},"end":{"line":100,"column":null}},"line":93},"9":{"name":"savePedidos","decl":{"start":{"line":102,"column":16},"end":{"line":102,"column":28}},"loc":{"start":{"line":102,"column":45},"end":{"line":104,"column":null}},"line":102}},"branchMap":{"0":{"loc":{"start":{"line":20,"column":4},"end":{"line":20,"column":null}},"type":"if","locations":[{"start":{"line":20,"column":4},"end":{"line":20,"column":null}},{"start":{},"end":{}}],"line":20},"1":{"loc":{"start":{"line":40,"column":4},"end":{"line":40,"column":null}},"type":"if","locations":[{"start":{"line":40,"column":4},"end":{"line":40,"column":null}},{"start":{},"end":{}}],"line":40},"2":{"loc":{"start":{"line":50,"column":4},"end":{"line":55,"column":null}},"type":"if","locations":[{"start":{"line":50,"column":4},"end":{"line":55,"column":null}},{"start":{"line":52,"column":11},"end":{"line":55,"column":null}}],"line":50},"3":{"loc":{"start":{"line":73,"column":11},"end":{"line":73,"column":56}},"type":"cond-expr","locations":[{"start":{"line":73,"column":18},"end":{"line":73,"column":54}},{"start":{"line":73,"column":54},"end":{"line":73,"column":56}}],"line":73},"4":{"loc":{"start":{"line":96,"column":15},"end":{"line":96,"column":55}},"type":"cond-expr","locations":[{"start":{"line":96,"column":22},"end":{"line":96,"column":53}},{"start":{"line":96,"column":53},"end":{"line":96,"column":55}}],"line":96}},"s":{"0":5,"1":5,"2":3,"3":3,"4":3,"5":1,"6":3,"7":3,"8":3,"9":1,"10":2,"11":1,"12":1,"13":2,"14":2,"15":1,"16":12,"17":12,"18":12,"19":10,"20":2,"21":1,"22":1,"23":15,"24":15,"25":12,"26":3,"27":3,"28":0,"29":1,"30":1,"31":0,"32":10,"33":10,"34":10,"35":1,"36":1,"37":22,"38":22,"39":22,"40":0,"41":5,"42":0,"43":0,"44":0,"45":0,"46":0},"f":{"0":3,"1":3,"2":2,"3":12,"4":15,"5":1,"6":10,"7":22,"8":0,"9":0},"b":{"0":[1,2],"1":[10,2],"2":[12,3],"3":[2,8],"4":[0,0]},"meta":{"lastBranch":5,"lastFunction":10,"lastStatement":47,"seen":{"s:4:20:4:Infinity":0,"s:5:20:5:Infinity":1,"f:8:16:8:35":0,"s:9:2:14:Infinity":2,"s:10:27:10:Infinity":3,"s:11:4:11:Infinity":4,"s:13:4:13:Infinity":5,"f:17:16:17:36":1,"s:18:2:25:Infinity":6,"s:19:27:19:Infinity":7,"b:20:4:20:Infinity:undefined:undefined:undefined:undefined":0,"s:20:4:20:Infinity":8,"s:20:33:20:Infinity":9,"s:21:4:21:Infinity":10,"s:23:4:23:Infinity":11,"s:24:4:24:Infinity":12,"f:28:16:28:39":2,"s:29:2:33:Infinity":13,"s:30:4:30:Infinity":14,"s:32:4:32:Infinity":15,"f:37:16:37:Infinity":3,"s:38:2:45:Infinity":16,"s:39:28:39:Infinity":17,"b:40:4:40:Infinity:undefined:undefined:undefined:undefined":1,"s:40:4:40:Infinity":18,"s:40:34:40:Infinity":19,"s:41:4:41:Infinity":20,"s:43:4:43:Infinity":21,"s:44:4:44:Infinity":22,"f:48:16:48:28":4,"s:49:2:58:Infinity":23,"b:50:4:55:Infinity:52:11:55:Infinity":2,"s:50:4:55:Infinity":24,"s:51:6:51:Infinity":25,"s:53:30:53:Infinity":26,"s:54:6:54:Infinity":27,"s:57:4:57:Infinity":28,"f:61:16:61:Infinity":5,"s:62:2:66:Infinity":29,"s:63:4:63:Infinity":30,"s:65:4:65:Infinity":31,"f:70:16:70:Infinity":6,"s:71:2:77:Infinity":32,"s:72:16:72:Infinity":33,"s:73:4:73:Infinity":34,"b:73:18:73:54:73:54:73:56":3,"s:75:4:75:Infinity":35,"s:76:4:76:Infinity":36,"f:80:16:80:28":7,"s:81:2:86:Infinity":37,"s:82:28:82:Infinity":38,"s:83:4:83:Infinity":39,"s:85:4:85:Infinity":40,"s:91:20:91:Infinity":41,"f:93:16:93:Infinity":8,"s:94:4:99:Infinity":42,"s:95:20:95:Infinity":43,"s:96:8:96:Infinity":44,"b:96:22:96:53:96:53:96:55":4,"s:98:8:98:Infinity":45,"f:102:16:102:28":9,"s:103:4:103:Infinity":46}}}
}
